[0.006s] Invoking command in '/home/kgh/GITHUB/robit-ros2-homework/HW4/button/build/button': CMAKE_PREFIX_PATH=${CMAKE_PREFIX_PATH}:/opt/ros/humble /usr/bin/cmake --build /home/kgh/GITHUB/robit-ros2-homework/HW4/button/build/button -- -j20 -l20
[0.038s] [35m[1mConsolidate compiler generated dependencies of target button_node[0m
[0.056s] [100%] Built target button_node
[0.064s] Invoked command in '/home/kgh/GITHUB/robit-ros2-homework/HW4/button/build/button' returned '0': CMAKE_PREFIX_PATH=${CMAKE_PREFIX_PATH}:/opt/ros/humble /usr/bin/cmake --build /home/kgh/GITHUB/robit-ros2-homework/HW4/button/build/button -- -j20 -l20
[0.095s] Invoking command in '/home/kgh/GITHUB/robit-ros2-homework/HW4/button/build/button': CMAKE_PREFIX_PATH=${CMAKE_PREFIX_PATH}:/opt/ros/humble /usr/bin/cmake --install /home/kgh/GITHUB/robit-ros2-homework/HW4/button/build/button
[0.100s] -- Install configuration: ""
[0.100s] -- Up-to-date: /home/kgh/GITHUB/robit-ros2-homework/HW4/button/install/button/lib/button/button_node
[0.100s] -- Up-to-date: /home/kgh/GITHUB/robit-ros2-homework/HW4/button/install/button/include/button
[0.101s] -- Up-to-date: /home/kgh/GITHUB/robit-ros2-homework/HW4/button/install/button/include/button/button
[0.101s] -- Up-to-date: /home/kgh/GITHUB/robit-ros2-homework/HW4/button/install/button/include/button/button/mainwindow.hpp
[0.101s] -- Up-to-date: /home/kgh/GITHUB/robit-ros2-homework/HW4/button/install/button/include/button/button/qnode.hpp
[0.101s] -- Up-to-date: /home/kgh/GITHUB/robit-ros2-homework/HW4/button/install/button/share/ament_index/resource_index/package_run_dependencies/button
[0.101s] -- Up-to-date: /home/kgh/GITHUB/robit-ros2-homework/HW4/button/install/button/share/ament_index/resource_index/parent_prefix_path/button
[0.101s] -- Up-to-date: /home/kgh/GITHUB/robit-ros2-homework/HW4/button/install/button/share/button/environment/ament_prefix_path.sh
[0.101s] -- Up-to-date: /home/kgh/GITHUB/robit-ros2-homework/HW4/button/install/button/share/button/environment/ament_prefix_path.dsv
[0.101s] -- Up-to-date: /home/kgh/GITHUB/robit-ros2-homework/HW4/button/install/button/share/button/environment/path.sh
[0.101s] -- Up-to-date: /home/kgh/GITHUB/robit-ros2-homework/HW4/button/install/button/share/button/environment/path.dsv
[0.101s] -- Up-to-date: /home/kgh/GITHUB/robit-ros2-homework/HW4/button/install/button/share/button/local_setup.bash
[0.101s] -- Up-to-date: /home/kgh/GITHUB/robit-ros2-homework/HW4/button/install/button/share/button/local_setup.sh
[0.101s] -- Up-to-date: /home/kgh/GITHUB/robit-ros2-homework/HW4/button/install/button/share/button/local_setup.zsh
[0.101s] -- Up-to-date: /home/kgh/GITHUB/robit-ros2-homework/HW4/button/install/button/share/button/local_setup.dsv
[0.101s] -- Installing: /home/kgh/GITHUB/robit-ros2-homework/HW4/button/install/button/share/button/package.dsv
[0.101s] -- Up-to-date: /home/kgh/GITHUB/robit-ros2-homework/HW4/button/install/button/share/ament_index/resource_index/packages/button
[0.101s] -- Up-to-date: /home/kgh/GITHUB/robit-ros2-homework/HW4/button/install/button/share/button/cmake/buttonConfig.cmake
[0.101s] -- Up-to-date: /home/kgh/GITHUB/robit-ros2-homework/HW4/button/install/button/share/button/cmake/buttonConfig-version.cmake
[0.101s] -- Up-to-date: /home/kgh/GITHUB/robit-ros2-homework/HW4/button/install/button/share/button/package.xml
[0.102s] Invoked command in '/home/kgh/GITHUB/robit-ros2-homework/HW4/button/build/button' returned '0': CMAKE_PREFIX_PATH=${CMAKE_PREFIX_PATH}:/opt/ros/humble /usr/bin/cmake --install /home/kgh/GITHUB/robit-ros2-homework/HW4/button/build/button
