[0.008s] Invoking command in '/home/kgh/GITHUB/robit-ros2-homework/HW3/build/turtle_interface': CMAKE_PREFIX_PATH=${CMAKE_PREFIX_PATH}:/opt/ros/humble /usr/bin/cmake --build /home/kgh/GITHUB/robit-ros2-homework/HW3/build/turtle_interface -- -j20 -l20
[0.057s] [  3%] Built target turtle_interface__cpp
[0.058s] [ 12%] Built target turtle_interface__rosidl_generator_c
[0.067s] [ 12%] Built target ament_cmake_python_copy_turtle_interface
[0.078s] [ 29%] Built target turtle_interface__rosidl_typesupport_c
[0.078s] [ 32%] Built target turtle_interface__rosidl_typesupport_introspection_cpp
[0.081s] [ 48%] Built target turtle_interface__rosidl_typesupport_cpp
[0.081s] [ 51%] Built target turtle_interface__rosidl_typesupport_fastrtps_c
[0.083s] [ 61%] Built target turtle_interface__rosidl_typesupport_introspection_c
[0.083s] [ 70%] Built target turtle_interface__rosidl_typesupport_fastrtps_cpp
[0.102s] [ 70%] Built target turtle_interface
[0.123s] [ 74%] Built target turtle_interface__py
[0.144s] [ 80%] Built target turtle_interface__rosidl_generator_py
[0.166s] [ 87%] Built target turtle_interface__rosidl_typesupport_fastrtps_c__pyext
[0.167s] [ 93%] Built target turtle_interface__rosidl_typesupport_c__pyext
[0.169s] [100%] Built target turtle_interface__rosidl_typesupport_introspection_c__pyext
[0.226s] running egg_info
[0.226s] writing turtle_interface.egg-info/PKG-INFO
[0.227s] writing dependency_links to turtle_interface.egg-info/dependency_links.txt
[0.227s] writing top-level names to turtle_interface.egg-info/top_level.txt
[0.228s] reading manifest file 'turtle_interface.egg-info/SOURCES.txt'
[0.229s] writing manifest file 'turtle_interface.egg-info/SOURCES.txt'
[0.247s] [100%] Built target ament_cmake_python_build_turtle_interface_egg
[0.258s] Invoked command in '/home/kgh/GITHUB/robit-ros2-homework/HW3/build/turtle_interface' returned '0': CMAKE_PREFIX_PATH=${CMAKE_PREFIX_PATH}:/opt/ros/humble /usr/bin/cmake --build /home/kgh/GITHUB/robit-ros2-homework/HW3/build/turtle_interface -- -j20 -l20
[0.319s] Invoking command in '/home/kgh/GITHUB/robit-ros2-homework/HW3/build/turtle_interface': CMAKE_PREFIX_PATH=${CMAKE_PREFIX_PATH}:/opt/ros/humble /usr/bin/cmake --install /home/kgh/GITHUB/robit-ros2-homework/HW3/build/turtle_interface
[0.325s] -- Install configuration: ""
[0.325s] -- Up-to-date: /home/kgh/GITHUB/robit-ros2-homework/HW3/install/turtle_interface/share/ament_index/resource_index/rosidl_interfaces/turtle_interface
[0.325s] -- Up-to-date: /home/kgh/GITHUB/robit-ros2-homework/HW3/install/turtle_interface/include/turtle_interface/turtle_interface
[0.325s] -- Up-to-date: /home/kgh/GITHUB/robit-ros2-homework/HW3/install/turtle_interface/include/turtle_interface/turtle_interface/msg
[0.325s] -- Up-to-date: /home/kgh/GITHUB/robit-ros2-homework/HW3/install/turtle_interface/include/turtle_interface/turtle_interface/msg/detail
[0.325s] -- Up-to-date: /home/kgh/GITHUB/robit-ros2-homework/HW3/install/turtle_interface/include/turtle_interface/turtle_interface/msg/detail/num__type_support.h
[0.325s] -- Up-to-date: /home/kgh/GITHUB/robit-ros2-homework/HW3/install/turtle_interface/include/turtle_interface/turtle_interface/msg/detail/num__functions.c
[0.325s] -- Up-to-date: /home/kgh/GITHUB/robit-ros2-homework/HW3/install/turtle_interface/include/turtle_interface/turtle_interface/msg/detail/num__struct.h
[0.325s] -- Up-to-date: /home/kgh/GITHUB/robit-ros2-homework/HW3/install/turtle_interface/include/turtle_interface/turtle_interface/msg/detail/num__functions.h
[0.325s] -- Up-to-date: /home/kgh/GITHUB/robit-ros2-homework/HW3/install/turtle_interface/include/turtle_interface/turtle_interface/msg/rosidl_generator_c__visibility_control.h
[0.326s] -- Up-to-date: /home/kgh/GITHUB/robit-ros2-homework/HW3/install/turtle_interface/include/turtle_interface/turtle_interface/msg/num.h
[0.326s] -- Up-to-date: /home/kgh/GITHUB/robit-ros2-homework/HW3/install/turtle_interface/share/turtle_interface/environment/library_path.sh
[0.326s] -- Up-to-date: /home/kgh/GITHUB/robit-ros2-homework/HW3/install/turtle_interface/share/turtle_interface/environment/library_path.dsv
[0.326s] -- Up-to-date: /home/kgh/GITHUB/robit-ros2-homework/HW3/install/turtle_interface/lib/libturtle_interface__rosidl_generator_c.so
[0.326s] -- Up-to-date: /home/kgh/GITHUB/robit-ros2-homework/HW3/install/turtle_interface/include/turtle_interface/turtle_interface
[0.326s] -- Up-to-date: /home/kgh/GITHUB/robit-ros2-homework/HW3/install/turtle_interface/include/turtle_interface/turtle_interface/msg
[0.326s] -- Up-to-date: /home/kgh/GITHUB/robit-ros2-homework/HW3/install/turtle_interface/include/turtle_interface/turtle_interface/msg/detail
[0.326s] -- Up-to-date: /home/kgh/GITHUB/robit-ros2-homework/HW3/install/turtle_interface/include/turtle_interface/turtle_interface/msg/detail/num__rosidl_typesupport_fastrtps_c.h
[0.326s] -- Up-to-date: /home/kgh/GITHUB/robit-ros2-homework/HW3/install/turtle_interface/include/turtle_interface/turtle_interface/msg/rosidl_typesupport_fastrtps_c__visibility_control.h
[0.326s] -- Up-to-date: /home/kgh/GITHUB/robit-ros2-homework/HW3/install/turtle_interface/lib/libturtle_interface__rosidl_typesupport_fastrtps_c.so
[0.327s] -- Up-to-date: /home/kgh/GITHUB/robit-ros2-homework/HW3/install/turtle_interface/include/turtle_interface/turtle_interface
[0.327s] -- Up-to-date: /home/kgh/GITHUB/robit-ros2-homework/HW3/install/turtle_interface/include/turtle_interface/turtle_interface/msg
[0.327s] -- Up-to-date: /home/kgh/GITHUB/robit-ros2-homework/HW3/install/turtle_interface/include/turtle_interface/turtle_interface/msg/detail
[0.327s] -- Up-to-date: /home/kgh/GITHUB/robit-ros2-homework/HW3/install/turtle_interface/include/turtle_interface/turtle_interface/msg/detail/num__struct.hpp
[0.327s] -- Up-to-date: /home/kgh/GITHUB/robit-ros2-homework/HW3/install/turtle_interface/include/turtle_interface/turtle_interface/msg/detail/num__builder.hpp
[0.327s] -- Up-to-date: /home/kgh/GITHUB/robit-ros2-homework/HW3/install/turtle_interface/include/turtle_interface/turtle_interface/msg/detail/num__traits.hpp
[0.327s] -- Up-to-date: /home/kgh/GITHUB/robit-ros2-homework/HW3/install/turtle_interface/include/turtle_interface/turtle_interface/msg/num.hpp
[0.327s] -- Up-to-date: /home/kgh/GITHUB/robit-ros2-homework/HW3/install/turtle_interface/include/turtle_interface/turtle_interface
[0.327s] -- Up-to-date: /home/kgh/GITHUB/robit-ros2-homework/HW3/install/turtle_interface/include/turtle_interface/turtle_interface/msg
[0.327s] -- Up-to-date: /home/kgh/GITHUB/robit-ros2-homework/HW3/install/turtle_interface/include/turtle_interface/turtle_interface/msg/detail
[0.327s] -- Up-to-date: /home/kgh/GITHUB/robit-ros2-homework/HW3/install/turtle_interface/include/turtle_interface/turtle_interface/msg/detail/dds_fastrtps
[0.327s] -- Up-to-date: /home/kgh/GITHUB/robit-ros2-homework/HW3/install/turtle_interface/include/turtle_interface/turtle_interface/msg/detail/num__rosidl_typesupport_fastrtps_cpp.hpp
[0.327s] -- Up-to-date: /home/kgh/GITHUB/robit-ros2-homework/HW3/install/turtle_interface/include/turtle_interface/turtle_interface/msg/rosidl_typesupport_fastrtps_cpp__visibility_control.h
[0.328s] -- Up-to-date: /home/kgh/GITHUB/robit-ros2-homework/HW3/install/turtle_interface/lib/libturtle_interface__rosidl_typesupport_fastrtps_cpp.so
[0.328s] -- Up-to-date: /home/kgh/GITHUB/robit-ros2-homework/HW3/install/turtle_interface/include/turtle_interface/turtle_interface
[0.328s] -- Up-to-date: /home/kgh/GITHUB/robit-ros2-homework/HW3/install/turtle_interface/include/turtle_interface/turtle_interface/msg
[0.328s] -- Up-to-date: /home/kgh/GITHUB/robit-ros2-homework/HW3/install/turtle_interface/include/turtle_interface/turtle_interface/msg/detail
[0.328s] -- Up-to-date: /home/kgh/GITHUB/robit-ros2-homework/HW3/install/turtle_interface/include/turtle_interface/turtle_interface/msg/detail/num__type_support.c
[0.328s] -- Up-to-date: /home/kgh/GITHUB/robit-ros2-homework/HW3/install/turtle_interface/include/turtle_interface/turtle_interface/msg/detail/num__rosidl_typesupport_introspection_c.h
[0.328s] -- Up-to-date: /home/kgh/GITHUB/robit-ros2-homework/HW3/install/turtle_interface/include/turtle_interface/turtle_interface/msg/rosidl_typesupport_introspection_c__visibility_control.h
[0.328s] -- Up-to-date: /home/kgh/GITHUB/robit-ros2-homework/HW3/install/turtle_interface/lib/libturtle_interface__rosidl_typesupport_introspection_c.so
[0.328s] -- Up-to-date: /home/kgh/GITHUB/robit-ros2-homework/HW3/install/turtle_interface/lib/libturtle_interface__rosidl_typesupport_c.so
[0.328s] -- Up-to-date: /home/kgh/GITHUB/robit-ros2-homework/HW3/install/turtle_interface/include/turtle_interface/turtle_interface
[0.328s] -- Up-to-date: /home/kgh/GITHUB/robit-ros2-homework/HW3/install/turtle_interface/include/turtle_interface/turtle_interface/msg
[0.329s] -- Up-to-date: /home/kgh/GITHUB/robit-ros2-homework/HW3/install/turtle_interface/include/turtle_interface/turtle_interface/msg/detail
[0.329s] -- Up-to-date: /home/kgh/GITHUB/robit-ros2-homework/HW3/install/turtle_interface/include/turtle_interface/turtle_interface/msg/detail/num__type_support.cpp
[0.329s] -- Up-to-date: /home/kgh/GITHUB/robit-ros2-homework/HW3/install/turtle_interface/include/turtle_interface/turtle_interface/msg/detail/num__rosidl_typesupport_introspection_cpp.hpp
[0.329s] -- Up-to-date: /home/kgh/GITHUB/robit-ros2-homework/HW3/install/turtle_interface/lib/libturtle_interface__rosidl_typesupport_introspection_cpp.so
[0.329s] -- Up-to-date: /home/kgh/GITHUB/robit-ros2-homework/HW3/install/turtle_interface/lib/libturtle_interface__rosidl_typesupport_cpp.so
[0.329s] -- Up-to-date: /home/kgh/GITHUB/robit-ros2-homework/HW3/install/turtle_interface/share/turtle_interface/environment/pythonpath.sh
[0.329s] -- Up-to-date: /home/kgh/GITHUB/robit-ros2-homework/HW3/install/turtle_interface/share/turtle_interface/environment/pythonpath.dsv
[0.329s] -- Up-to-date: /home/kgh/GITHUB/robit-ros2-homework/HW3/install/turtle_interface/local/lib/python3.10/dist-packages/turtle_interface-0.0.0-py3.10.egg-info
[0.329s] -- Installing: /home/kgh/GITHUB/robit-ros2-homework/HW3/install/turtle_interface/local/lib/python3.10/dist-packages/turtle_interface-0.0.0-py3.10.egg-info/SOURCES.txt
[0.329s] -- Installing: /home/kgh/GITHUB/robit-ros2-homework/HW3/install/turtle_interface/local/lib/python3.10/dist-packages/turtle_interface-0.0.0-py3.10.egg-info/PKG-INFO
[0.329s] -- Installing: /home/kgh/GITHUB/robit-ros2-homework/HW3/install/turtle_interface/local/lib/python3.10/dist-packages/turtle_interface-0.0.0-py3.10.egg-info/dependency_links.txt
[0.329s] -- Installing: /home/kgh/GITHUB/robit-ros2-homework/HW3/install/turtle_interface/local/lib/python3.10/dist-packages/turtle_interface-0.0.0-py3.10.egg-info/top_level.txt
[0.330s] -- Up-to-date: /home/kgh/GITHUB/robit-ros2-homework/HW3/install/turtle_interface/local/lib/python3.10/dist-packages/turtle_interface
[0.330s] -- Up-to-date: /home/kgh/GITHUB/robit-ros2-homework/HW3/install/turtle_interface/local/lib/python3.10/dist-packages/turtle_interface/turtle_interface_s__rosidl_typesupport_c.cpython-310-x86_64-linux-gnu.so
[0.330s] -- Up-to-date: /home/kgh/GITHUB/robit-ros2-homework/HW3/install/turtle_interface/local/lib/python3.10/dist-packages/turtle_interface/__init__.py
[0.330s] -- Up-to-date: /home/kgh/GITHUB/robit-ros2-homework/HW3/install/turtle_interface/local/lib/python3.10/dist-packages/turtle_interface/turtle_interface_s__rosidl_typesupport_fastrtps_c.cpython-310-x86_64-linux-gnu.so
[0.330s] -- Up-to-date: /home/kgh/GITHUB/robit-ros2-homework/HW3/install/turtle_interface/local/lib/python3.10/dist-packages/turtle_interface/libturtle_interface__rosidl_generator_py.so
[0.330s] -- Up-to-date: /home/kgh/GITHUB/robit-ros2-homework/HW3/install/turtle_interface/local/lib/python3.10/dist-packages/turtle_interface/turtle_interface_s__rosidl_typesupport_introspection_c.cpython-310-x86_64-linux-gnu.so
[0.330s] -- Up-to-date: /home/kgh/GITHUB/robit-ros2-homework/HW3/install/turtle_interface/local/lib/python3.10/dist-packages/turtle_interface/_turtle_interface_s.ep.rosidl_typesupport_c.c
[0.330s] -- Up-to-date: /home/kgh/GITHUB/robit-ros2-homework/HW3/install/turtle_interface/local/lib/python3.10/dist-packages/turtle_interface/_turtle_interface_s.ep.rosidl_typesupport_fastrtps_c.c
[0.330s] -- Up-to-date: /home/kgh/GITHUB/robit-ros2-homework/HW3/install/turtle_interface/local/lib/python3.10/dist-packages/turtle_interface/_turtle_interface_s.ep.rosidl_typesupport_introspection_c.c
[0.330s] -- Up-to-date: /home/kgh/GITHUB/robit-ros2-homework/HW3/install/turtle_interface/local/lib/python3.10/dist-packages/turtle_interface/msg
[0.330s] -- Up-to-date: /home/kgh/GITHUB/robit-ros2-homework/HW3/install/turtle_interface/local/lib/python3.10/dist-packages/turtle_interface/msg/__init__.py
[0.330s] -- Up-to-date: /home/kgh/GITHUB/robit-ros2-homework/HW3/install/turtle_interface/local/lib/python3.10/dist-packages/turtle_interface/msg/_num_s.c
[0.330s] -- Up-to-date: /home/kgh/GITHUB/robit-ros2-homework/HW3/install/turtle_interface/local/lib/python3.10/dist-packages/turtle_interface/msg/_num.py
[0.352s] Listing '/home/kgh/GITHUB/robit-ros2-homework/HW3/install/turtle_interface/local/lib/python3.10/dist-packages/turtle_interface'...
[0.352s] Listing '/home/kgh/GITHUB/robit-ros2-homework/HW3/install/turtle_interface/local/lib/python3.10/dist-packages/turtle_interface/msg'...
[0.355s] -- Up-to-date: /home/kgh/GITHUB/robit-ros2-homework/HW3/install/turtle_interface/local/lib/python3.10/dist-packages/turtle_interface/turtle_interface_s__rosidl_typesupport_fastrtps_c.cpython-310-x86_64-linux-gnu.so
[0.355s] -- Up-to-date: /home/kgh/GITHUB/robit-ros2-homework/HW3/install/turtle_interface/local/lib/python3.10/dist-packages/turtle_interface/turtle_interface_s__rosidl_typesupport_introspection_c.cpython-310-x86_64-linux-gnu.so
[0.356s] -- Up-to-date: /home/kgh/GITHUB/robit-ros2-homework/HW3/install/turtle_interface/local/lib/python3.10/dist-packages/turtle_interface/turtle_interface_s__rosidl_typesupport_c.cpython-310-x86_64-linux-gnu.so
[0.356s] -- Up-to-date: /home/kgh/GITHUB/robit-ros2-homework/HW3/install/turtle_interface/lib/libturtle_interface__rosidl_generator_py.so
[0.356s] -- Up-to-date: /home/kgh/GITHUB/robit-ros2-homework/HW3/install/turtle_interface/share/turtle_interface/msg/Num.idl
[0.356s] -- Up-to-date: /home/kgh/GITHUB/robit-ros2-homework/HW3/install/turtle_interface/share/turtle_interface/msg/Num.msg
[0.356s] -- Up-to-date: /home/kgh/GITHUB/robit-ros2-homework/HW3/install/turtle_interface/share/ament_index/resource_index/package_run_dependencies/turtle_interface
[0.356s] -- Up-to-date: /home/kgh/GITHUB/robit-ros2-homework/HW3/install/turtle_interface/share/ament_index/resource_index/parent_prefix_path/turtle_interface
[0.356s] -- Up-to-date: /home/kgh/GITHUB/robit-ros2-homework/HW3/install/turtle_interface/share/turtle_interface/environment/ament_prefix_path.sh
[0.356s] -- Up-to-date: /home/kgh/GITHUB/robit-ros2-homework/HW3/install/turtle_interface/share/turtle_interface/environment/ament_prefix_path.dsv
[0.356s] -- Up-to-date: /home/kgh/GITHUB/robit-ros2-homework/HW3/install/turtle_interface/share/turtle_interface/environment/path.sh
[0.356s] -- Up-to-date: /home/kgh/GITHUB/robit-ros2-homework/HW3/install/turtle_interface/share/turtle_interface/environment/path.dsv
[0.356s] -- Up-to-date: /home/kgh/GITHUB/robit-ros2-homework/HW3/install/turtle_interface/share/turtle_interface/local_setup.bash
[0.356s] -- Up-to-date: /home/kgh/GITHUB/robit-ros2-homework/HW3/install/turtle_interface/share/turtle_interface/local_setup.sh
[0.356s] -- Up-to-date: /home/kgh/GITHUB/robit-ros2-homework/HW3/install/turtle_interface/share/turtle_interface/local_setup.zsh
[0.356s] -- Up-to-date: /home/kgh/GITHUB/robit-ros2-homework/HW3/install/turtle_interface/share/turtle_interface/local_setup.dsv
[0.356s] -- Installing: /home/kgh/GITHUB/robit-ros2-homework/HW3/install/turtle_interface/share/turtle_interface/package.dsv
[0.356s] -- Up-to-date: /home/kgh/GITHUB/robit-ros2-homework/HW3/install/turtle_interface/share/ament_index/resource_index/packages/turtle_interface
[0.356s] -- Up-to-date: /home/kgh/GITHUB/robit-ros2-homework/HW3/install/turtle_interface/share/turtle_interface/cmake/export_turtle_interface__rosidl_generator_cExport.cmake
[0.356s] -- Up-to-date: /home/kgh/GITHUB/robit-ros2-homework/HW3/install/turtle_interface/share/turtle_interface/cmake/export_turtle_interface__rosidl_generator_cExport-noconfig.cmake
[0.357s] -- Up-to-date: /home/kgh/GITHUB/robit-ros2-homework/HW3/install/turtle_interface/share/turtle_interface/cmake/export_turtle_interface__rosidl_typesupport_fastrtps_cExport.cmake
[0.357s] -- Up-to-date: /home/kgh/GITHUB/robit-ros2-homework/HW3/install/turtle_interface/share/turtle_interface/cmake/export_turtle_interface__rosidl_typesupport_fastrtps_cExport-noconfig.cmake
[0.357s] -- Up-to-date: /home/kgh/GITHUB/robit-ros2-homework/HW3/install/turtle_interface/share/turtle_interface/cmake/export_turtle_interface__rosidl_generator_cppExport.cmake
[0.357s] -- Up-to-date: /home/kgh/GITHUB/robit-ros2-homework/HW3/install/turtle_interface/share/turtle_interface/cmake/export_turtle_interface__rosidl_typesupport_fastrtps_cppExport.cmake
[0.357s] -- Up-to-date: /home/kgh/GITHUB/robit-ros2-homework/HW3/install/turtle_interface/share/turtle_interface/cmake/export_turtle_interface__rosidl_typesupport_fastrtps_cppExport-noconfig.cmake
[0.357s] -- Up-to-date: /home/kgh/GITHUB/robit-ros2-homework/HW3/install/turtle_interface/share/turtle_interface/cmake/turtle_interface__rosidl_typesupport_introspection_cExport.cmake
[0.357s] -- Up-to-date: /home/kgh/GITHUB/robit-ros2-homework/HW3/install/turtle_interface/share/turtle_interface/cmake/turtle_interface__rosidl_typesupport_introspection_cExport-noconfig.cmake
[0.357s] -- Up-to-date: /home/kgh/GITHUB/robit-ros2-homework/HW3/install/turtle_interface/share/turtle_interface/cmake/turtle_interface__rosidl_typesupport_cExport.cmake
[0.357s] -- Up-to-date: /home/kgh/GITHUB/robit-ros2-homework/HW3/install/turtle_interface/share/turtle_interface/cmake/turtle_interface__rosidl_typesupport_cExport-noconfig.cmake
[0.357s] -- Up-to-date: /home/kgh/GITHUB/robit-ros2-homework/HW3/install/turtle_interface/share/turtle_interface/cmake/turtle_interface__rosidl_typesupport_introspection_cppExport.cmake
[0.357s] -- Up-to-date: /home/kgh/GITHUB/robit-ros2-homework/HW3/install/turtle_interface/share/turtle_interface/cmake/turtle_interface__rosidl_typesupport_introspection_cppExport-noconfig.cmake
[0.357s] -- Up-to-date: /home/kgh/GITHUB/robit-ros2-homework/HW3/install/turtle_interface/share/turtle_interface/cmake/turtle_interface__rosidl_typesupport_cppExport.cmake
[0.357s] -- Up-to-date: /home/kgh/GITHUB/robit-ros2-homework/HW3/install/turtle_interface/share/turtle_interface/cmake/turtle_interface__rosidl_typesupport_cppExport-noconfig.cmake
[0.357s] -- Up-to-date: /home/kgh/GITHUB/robit-ros2-homework/HW3/install/turtle_interface/share/turtle_interface/cmake/export_turtle_interface__rosidl_generator_pyExport.cmake
[0.357s] -- Up-to-date: /home/kgh/GITHUB/robit-ros2-homework/HW3/install/turtle_interface/share/turtle_interface/cmake/export_turtle_interface__rosidl_generator_pyExport-noconfig.cmake
[0.357s] -- Up-to-date: /home/kgh/GITHUB/robit-ros2-homework/HW3/install/turtle_interface/share/turtle_interface/cmake/rosidl_cmake-extras.cmake
[0.357s] -- Up-to-date: /home/kgh/GITHUB/robit-ros2-homework/HW3/install/turtle_interface/share/turtle_interface/cmake/ament_cmake_export_include_directories-extras.cmake
[0.357s] -- Up-to-date: /home/kgh/GITHUB/robit-ros2-homework/HW3/install/turtle_interface/share/turtle_interface/cmake/ament_cmake_export_libraries-extras.cmake
[0.357s] -- Up-to-date: /home/kgh/GITHUB/robit-ros2-homework/HW3/install/turtle_interface/share/turtle_interface/cmake/ament_cmake_export_targets-extras.cmake
[0.357s] -- Up-to-date: /home/kgh/GITHUB/robit-ros2-homework/HW3/install/turtle_interface/share/turtle_interface/cmake/rosidl_cmake_export_typesupport_targets-extras.cmake
[0.357s] -- Up-to-date: /home/kgh/GITHUB/robit-ros2-homework/HW3/install/turtle_interface/share/turtle_interface/cmake/ament_cmake_export_dependencies-extras.cmake
[0.357s] -- Up-to-date: /home/kgh/GITHUB/robit-ros2-homework/HW3/install/turtle_interface/share/turtle_interface/cmake/rosidl_cmake_export_typesupport_libraries-extras.cmake
[0.357s] -- Up-to-date: /home/kgh/GITHUB/robit-ros2-homework/HW3/install/turtle_interface/share/turtle_interface/cmake/turtle_interfaceConfig.cmake
[0.357s] -- Up-to-date: /home/kgh/GITHUB/robit-ros2-homework/HW3/install/turtle_interface/share/turtle_interface/cmake/turtle_interfaceConfig-version.cmake
[0.357s] -- Up-to-date: /home/kgh/GITHUB/robit-ros2-homework/HW3/install/turtle_interface/share/turtle_interface/package.xml
[0.359s] Invoked command in '/home/kgh/GITHUB/robit-ros2-homework/HW3/build/turtle_interface' returned '0': CMAKE_PREFIX_PATH=${CMAKE_PREFIX_PATH}:/opt/ros/humble /usr/bin/cmake --install /home/kgh/GITHUB/robit-ros2-homework/HW3/build/turtle_interface
