[0.006s] Invoking command in '/home/kgh/GITHUB/robit-ros2-homework/HW4/button/build/button': CMAKE_PREFIX_PATH=${CMAKE_PREFIX_PATH}:/opt/ros/humble /usr/bin/cmake --build /home/kgh/GITHUB/robit-ros2-homework/HW4/button/build/button -- -j20 -l20
[0.037s] [  9%] [34m[1mGenerating include/button/moc_qnode.cpp[0m
[0.048s] [35m[1mConsolidate compiler generated dependencies of target button_node[0m
[0.066s] [ 18%] [32mBuilding CXX object CMakeFiles/button_node.dir/include/button/moc_qnode.cpp.o[0m
[0.066s] [ 27%] [32mBuilding CXX object CMakeFiles/button_node.dir/src/main.cpp.o[0m
[0.066s] [ 36%] [32mBuilding CXX object CMakeFiles/button_node.dir/src/mainwindow.cpp.o[0m
[0.067s] [ 45%] [32mBuilding CXX object CMakeFiles/button_node.dir/src/qnode.cpp.o[0m
[0.067s] [ 54%] [32mBuilding CXX object CMakeFiles/button_node.dir/include/button/moc_mainwindow.cpp.o[0m
[2.935s] [ 63%] [32m[1mLinking CXX executable button_node[0m
[3.221s] /usr/bin/ld: CMakeFiles/button_node.dir/src/main.cpp.o: in function `main':
[3.221s] main.cpp:(.text+0x69): undefined reference to `MainWindow::~MainWindow()'
[3.221s] /usr/bin/ld: main.cpp:(.text+0x9b): undefined reference to `MainWindow::~MainWindow()'
[3.223s] /usr/bin/ld: CMakeFiles/button_node.dir/include/button/moc_mainwindow.cpp.o:(.data.rel.ro._ZTV10MainWindow[_ZTV10MainWindow]+0x28): undefined reference to `MainWindow::~MainWindow()'
[3.223s] /usr/bin/ld: CMakeFiles/button_node.dir/include/button/moc_mainwindow.cpp.o:(.data.rel.ro._ZTV10MainWindow[_ZTV10MainWindow]+0x30): undefined reference to `MainWindow::~MainWindow()'
[3.223s] /usr/bin/ld: CMakeFiles/button_node.dir/include/button/moc_mainwindow.cpp.o:(.data.rel.ro._ZTV10MainWindow[_ZTV10MainWindow]+0x118): undefined reference to `MainWindow::closeEvent(QCloseEvent*)'
[3.223s] /usr/bin/ld: CMakeFiles/button_node.dir/include/button/moc_mainwindow.cpp.o:(.data.rel.ro._ZTV10MainWindow[_ZTV10MainWindow]+0x1c8): undefined reference to `non-virtual thunk to MainWindow::~MainWindow()'
[3.223s] /usr/bin/ld: CMakeFiles/button_node.dir/include/button/moc_mainwindow.cpp.o:(.data.rel.ro._ZTV10MainWindow[_ZTV10MainWindow]+0x1d0): undefined reference to `non-virtual thunk to MainWindow::~MainWindow()'
[3.237s] collect2: error: ld returned 1 exit status
[3.239s] gmake[2]: *** [CMakeFiles/button_node.dir/build.make:260: button_node] Error 1
[3.239s] gmake[1]: *** [CMakeFiles/Makefile2:137: CMakeFiles/button_node.dir/all] Error 2
[3.239s] gmake: *** [Makefile:146: all] Error 2
[3.242s] Invoked command in '/home/kgh/GITHUB/robit-ros2-homework/HW4/button/build/button' returned '2': CMAKE_PREFIX_PATH=${CMAKE_PREFIX_PATH}:/opt/ros/humble /usr/bin/cmake --build /home/kgh/GITHUB/robit-ros2-homework/HW4/button/build/button -- -j20 -l20
