[  3%] Built target turtle_interface__cpp
[ 12%] Built target turtle_interface__rosidl_generator_c
[ 12%] Built target ament_cmake_python_copy_turtle_interface
[ 22%] Built target turtle_interface__rosidl_typesupport_c
[ 32%] Built target turtle_interface__rosidl_typesupport_fastrtps_c
[ 41%] Built target turtle_interface__rosidl_typesupport_cpp
[ 51%] Built target turtle_interface__rosidl_typesupport_introspection_c
[ 61%] Built target turtle_interface__rosidl_typesupport_introspection_cpp
[ 70%] Built target turtle_interface__rosidl_typesupport_fastrtps_cpp
[ 70%] Built target turtle_interface
[ 74%] Built target turtle_interface__py
[ 80%] Built target turtle_interface__rosidl_generator_py
[ 93%] Built target turtle_interface__rosidl_typesupport_introspection_c__pyext
[ 93%] Built target turtle_interface__rosidl_typesupport_fastrtps_c__pyext
[100%] Built target turtle_interface__rosidl_typesupport_c__pyext
running egg_info
writing turtle_interface.egg-info/PKG-INFO
writing dependency_links to turtle_interface.egg-info/dependency_links.txt
writing top-level names to turtle_interface.egg-info/top_level.txt
reading manifest file 'turtle_interface.egg-info/SOURCES.txt'
writing manifest file 'turtle_interface.egg-info/SOURCES.txt'
[100%] Built target ament_cmake_python_build_turtle_interface_egg
