[0.058s] DEBUG:colcon:Command line arguments: ['/usr/bin/colcon', 'build']
[0.058s] DEBUG:colcon:Parsed command line arguments: Namespace(log_base=None, log_level=None, verb_name='build', build_base='build', install_base='install', merge_install=False, symlink_install=False, test_result_base=None, continue_on_error=False, executor='parallel', parallel_workers=20, event_handlers=None, ignore_user_meta=False, metas=['./colcon.meta'], base_paths=['.'], packages_ignore=None, packages_ignore_regex=None, paths=None, packages_up_to=None, packages_up_to_regex=None, packages_above=None, packages_above_and_dependencies=None, packages_above_depth=None, packages_select_by_dep=None, packages_skip_by_dep=None, packages_skip_up_to=None, packages_select_build_failed=False, packages_skip_build_finished=False, packages_select_test_failures=False, packages_skip_test_passed=False, packages_select=None, packages_skip=None, packages_select_regex=None, packages_skip_regex=None, packages_start=None, packages_end=None, allow_overriding=[], cmake_args=None, cmake_target=None, cmake_target_skip_unavailable=False, cmake_clean_cache=False, cmake_clean_first=False, cmake_force_configure=False, ament_cmake_args=None, catkin_cmake_args=None, catkin_skip_building_tests=False, verb_parser=<colcon_defaults.argument_parser.defaults.DefaultArgumentsDecorator object at 0x74cede48fd00>, verb_extension=<colcon_core.verb.build.BuildVerb object at 0x74cede48f8b0>, main=<bound method BuildVerb.main of <colcon_core.verb.build.BuildVerb object at 0x74cede48f8b0>>)
[0.157s] Level 1:colcon.colcon_core.package_discovery:discover_packages(colcon_meta) check parameters
[0.158s] Level 1:colcon.colcon_core.package_discovery:discover_packages(recursive) check parameters
[0.158s] Level 1:colcon.colcon_core.package_discovery:discover_packages(ignore) check parameters
[0.158s] Level 1:colcon.colcon_core.package_discovery:discover_packages(path) check parameters
[0.158s] Level 1:colcon.colcon_core.package_discovery:discover_packages(colcon_meta) discover
[0.158s] Level 1:colcon.colcon_core.package_discovery:discover_packages(recursive) discover
[0.158s] INFO:colcon.colcon_core.package_discovery:Crawling recursively for packages in '/home/kgh/GITHUB/robit-ros2-homework/HW3'
[0.158s] Level 1:colcon.colcon_core.package_identification:_identify(.) by extensions ['ignore', 'ignore_ament_install']
[0.158s] Level 1:colcon.colcon_core.package_identification:_identify(.) by extension 'ignore'
[0.158s] Level 1:colcon.colcon_core.package_identification:_identify(.) by extension 'ignore_ament_install'
[0.158s] Level 1:colcon.colcon_core.package_identification:_identify(.) by extensions ['colcon_pkg']
[0.158s] Level 1:colcon.colcon_core.package_identification:_identify(.) by extension 'colcon_pkg'
[0.158s] Level 1:colcon.colcon_core.package_identification:_identify(.) by extensions ['colcon_meta']
[0.158s] Level 1:colcon.colcon_core.package_identification:_identify(.) by extension 'colcon_meta'
[0.158s] Level 1:colcon.colcon_core.package_identification:_identify(.) by extensions ['ros']
[0.158s] Level 1:colcon.colcon_core.package_identification:_identify(.) by extension 'ros'
[0.167s] Level 1:colcon.colcon_core.package_identification:_identify(.) by extensions ['cmake', 'python']
[0.167s] Level 1:colcon.colcon_core.package_identification:_identify(.) by extension 'cmake'
[0.167s] Level 1:colcon.colcon_core.package_identification:_identify(.) by extension 'python'
[0.167s] Level 1:colcon.colcon_core.package_identification:_identify(.) by extensions ['python_setup_py']
[0.167s] Level 1:colcon.colcon_core.package_identification:_identify(.) by extension 'python_setup_py'
[0.167s] Level 1:colcon.colcon_core.package_identification:_identify(build) by extensions ['ignore', 'ignore_ament_install']
[0.167s] Level 1:colcon.colcon_core.package_identification:_identify(build) by extension 'ignore'
[0.167s] Level 1:colcon.colcon_core.package_identification:_identify(build) ignored
[0.167s] Level 1:colcon.colcon_core.package_identification:_identify(install) by extensions ['ignore', 'ignore_ament_install']
[0.167s] Level 1:colcon.colcon_core.package_identification:_identify(install) by extension 'ignore'
[0.167s] Level 1:colcon.colcon_core.package_identification:_identify(install) ignored
[0.167s] Level 1:colcon.colcon_core.package_identification:_identify(log) by extensions ['ignore', 'ignore_ament_install']
[0.167s] Level 1:colcon.colcon_core.package_identification:_identify(log) by extension 'ignore'
[0.167s] Level 1:colcon.colcon_core.package_identification:_identify(log) ignored
[0.167s] Level 1:colcon.colcon_core.package_identification:_identify(turtle_interface) by extensions ['ignore', 'ignore_ament_install']
[0.167s] Level 1:colcon.colcon_core.package_identification:_identify(turtle_interface) by extension 'ignore'
[0.167s] Level 1:colcon.colcon_core.package_identification:_identify(turtle_interface) by extension 'ignore_ament_install'
[0.167s] Level 1:colcon.colcon_core.package_identification:_identify(turtle_interface) by extensions ['colcon_pkg']
[0.168s] Level 1:colcon.colcon_core.package_identification:_identify(turtle_interface) by extension 'colcon_pkg'
[0.168s] Level 1:colcon.colcon_core.package_identification:_identify(turtle_interface) by extensions ['colcon_meta']
[0.168s] Level 1:colcon.colcon_core.package_identification:_identify(turtle_interface) by extension 'colcon_meta'
[0.168s] Level 1:colcon.colcon_core.package_identification:_identify(turtle_interface) by extensions ['ros']
[0.168s] Level 1:colcon.colcon_core.package_identification:_identify(turtle_interface) by extension 'ros'
[0.170s] DEBUG:colcon.colcon_core.package_identification:Package 'turtle_interface' with type 'ros.ament_cmake' and name 'turtle_interface'
[0.170s] Level 1:colcon.colcon_core.package_identification:_identify(ui_test) by extensions ['ignore', 'ignore_ament_install']
[0.170s] Level 1:colcon.colcon_core.package_identification:_identify(ui_test) by extension 'ignore'
[0.170s] Level 1:colcon.colcon_core.package_identification:_identify(ui_test) by extension 'ignore_ament_install'
[0.170s] Level 1:colcon.colcon_core.package_identification:_identify(ui_test) by extensions ['colcon_pkg']
[0.170s] Level 1:colcon.colcon_core.package_identification:_identify(ui_test) by extension 'colcon_pkg'
[0.170s] Level 1:colcon.colcon_core.package_identification:_identify(ui_test) by extensions ['colcon_meta']
[0.170s] Level 1:colcon.colcon_core.package_identification:_identify(ui_test) by extension 'colcon_meta'
[0.170s] Level 1:colcon.colcon_core.package_identification:_identify(ui_test) by extensions ['ros']
[0.170s] Level 1:colcon.colcon_core.package_identification:_identify(ui_test) by extension 'ros'
[0.171s] DEBUG:colcon.colcon_core.package_identification:Package 'ui_test' with type 'ros.ament_cmake' and name 'ui_test'
[0.171s] Level 1:colcon.colcon_core.package_discovery:discover_packages(recursive) using defaults
[0.171s] Level 1:colcon.colcon_core.package_discovery:discover_packages(ignore) discover
[0.171s] Level 1:colcon.colcon_core.package_discovery:discover_packages(ignore) using defaults
[0.171s] Level 1:colcon.colcon_core.package_discovery:discover_packages(path) discover
[0.171s] Level 1:colcon.colcon_core.package_discovery:discover_packages(path) using defaults
[0.184s] Level 1:colcon.colcon_core.package_discovery:discover_packages(prefix_path) check parameters
[0.184s] Level 1:colcon.colcon_core.package_discovery:discover_packages(prefix_path) discover
[0.190s] DEBUG:colcon.colcon_installed_package_information.package_discovery:Found 2 installed packages in /home/kgh/GITHUB/robit-ros2-homework/HW3/install
[0.190s] DEBUG:colcon.colcon_installed_package_information.package_discovery:Found 1 installed packages in /home/kgh/GITHUB/robit-ros2-homework/HW3/turtle_interface/install
[0.190s] DEBUG:colcon.colcon_installed_package_information.package_discovery:Found 4 installed packages in /home/kgh/robot_ws/install
[0.191s] DEBUG:colcon.colcon_installed_package_information.package_discovery:Found 181 installed packages in /opt/ros/humble
[0.191s] Level 1:colcon.colcon_core.package_discovery:discover_packages(prefix_path) using defaults
[0.203s] Level 5:colcon.colcon_core.verb:set package 'turtle_interface' build argument 'cmake_args' from command line to 'None'
[0.203s] Level 5:colcon.colcon_core.verb:set package 'turtle_interface' build argument 'cmake_target' from command line to 'None'
[0.203s] Level 5:colcon.colcon_core.verb:set package 'turtle_interface' build argument 'cmake_target_skip_unavailable' from command line to 'False'
[0.203s] Level 5:colcon.colcon_core.verb:set package 'turtle_interface' build argument 'cmake_clean_cache' from command line to 'False'
[0.203s] Level 5:colcon.colcon_core.verb:set package 'turtle_interface' build argument 'cmake_clean_first' from command line to 'False'
[0.203s] Level 5:colcon.colcon_core.verb:set package 'turtle_interface' build argument 'cmake_force_configure' from command line to 'False'
[0.203s] Level 5:colcon.colcon_core.verb:set package 'turtle_interface' build argument 'ament_cmake_args' from command line to 'None'
[0.203s] Level 5:colcon.colcon_core.verb:set package 'turtle_interface' build argument 'catkin_cmake_args' from command line to 'None'
[0.203s] Level 5:colcon.colcon_core.verb:set package 'turtle_interface' build argument 'catkin_skip_building_tests' from command line to 'False'
[0.203s] DEBUG:colcon.colcon_core.verb:Building package 'turtle_interface' with the following arguments: {'ament_cmake_args': None, 'build_base': '/home/kgh/GITHUB/robit-ros2-homework/HW3/build/turtle_interface', 'catkin_cmake_args': None, 'catkin_skip_building_tests': False, 'cmake_args': None, 'cmake_clean_cache': False, 'cmake_clean_first': False, 'cmake_force_configure': False, 'cmake_target': None, 'cmake_target_skip_unavailable': False, 'install_base': '/home/kgh/GITHUB/robit-ros2-homework/HW3/install/turtle_interface', 'merge_install': False, 'path': '/home/kgh/GITHUB/robit-ros2-homework/HW3/turtle_interface', 'symlink_install': False, 'test_result_base': None}
[0.204s] Level 5:colcon.colcon_core.verb:set package 'ui_test' build argument 'cmake_args' from command line to 'None'
[0.204s] Level 5:colcon.colcon_core.verb:set package 'ui_test' build argument 'cmake_target' from command line to 'None'
[0.204s] Level 5:colcon.colcon_core.verb:set package 'ui_test' build argument 'cmake_target_skip_unavailable' from command line to 'False'
[0.204s] Level 5:colcon.colcon_core.verb:set package 'ui_test' build argument 'cmake_clean_cache' from command line to 'False'
[0.204s] Level 5:colcon.colcon_core.verb:set package 'ui_test' build argument 'cmake_clean_first' from command line to 'False'
[0.204s] Level 5:colcon.colcon_core.verb:set package 'ui_test' build argument 'cmake_force_configure' from command line to 'False'
[0.204s] Level 5:colcon.colcon_core.verb:set package 'ui_test' build argument 'ament_cmake_args' from command line to 'None'
[0.204s] Level 5:colcon.colcon_core.verb:set package 'ui_test' build argument 'catkin_cmake_args' from command line to 'None'
[0.204s] Level 5:colcon.colcon_core.verb:set package 'ui_test' build argument 'catkin_skip_building_tests' from command line to 'False'
[0.204s] DEBUG:colcon.colcon_core.verb:Building package 'ui_test' with the following arguments: {'ament_cmake_args': None, 'build_base': '/home/kgh/GITHUB/robit-ros2-homework/HW3/build/ui_test', 'catkin_cmake_args': None, 'catkin_skip_building_tests': False, 'cmake_args': None, 'cmake_clean_cache': False, 'cmake_clean_first': False, 'cmake_force_configure': False, 'cmake_target': None, 'cmake_target_skip_unavailable': False, 'install_base': '/home/kgh/GITHUB/robit-ros2-homework/HW3/install/ui_test', 'merge_install': False, 'path': '/home/kgh/GITHUB/robit-ros2-homework/HW3/ui_test', 'symlink_install': False, 'test_result_base': None}
[0.204s] INFO:colcon.colcon_core.executor:Executing jobs using 'parallel' executor
[0.205s] DEBUG:colcon.colcon_parallel_executor.executor.parallel:run_until_complete
[0.205s] INFO:colcon.colcon_ros.task.ament_cmake.build:Building ROS package in '/home/kgh/GITHUB/robit-ros2-homework/HW3/turtle_interface' with build type 'ament_cmake'
[0.205s] INFO:colcon.colcon_cmake.task.cmake.build:Building CMake package in '/home/kgh/GITHUB/robit-ros2-homework/HW3/turtle_interface'
[0.206s] INFO:colcon.colcon_core.plugin_system:Skipping extension 'colcon_core.shell.bat': Not used on non-Windows systems
[0.206s] INFO:colcon.colcon_core.shell:Skip shell extension 'powershell' for command environment: Not usable outside of PowerShell
[0.206s] DEBUG:colcon.colcon_core.shell:Skip shell extension 'dsv' for command environment
[0.209s] INFO:colcon.colcon_ros.task.ament_cmake.build:Building ROS package in '/home/kgh/GITHUB/robit-ros2-homework/HW3/ui_test' with build type 'ament_cmake'
[0.209s] INFO:colcon.colcon_cmake.task.cmake.build:Building CMake package in '/home/kgh/GITHUB/robit-ros2-homework/HW3/ui_test'
[0.209s] INFO:colcon.colcon_core.shell:Skip shell extension 'powershell' for command environment: Not usable outside of PowerShell
[0.209s] DEBUG:colcon.colcon_core.shell:Skip shell extension 'dsv' for command environment
[0.214s] DEBUG:colcon.colcon_core.event_handler.log_command:Invoking command in '/home/kgh/GITHUB/robit-ros2-homework/HW3/build/turtle_interface': CMAKE_PREFIX_PATH=${CMAKE_PREFIX_PATH}:/opt/ros/humble /usr/bin/cmake --build /home/kgh/GITHUB/robit-ros2-homework/HW3/build/turtle_interface -- -j20 -l20
[0.219s] DEBUG:colcon.colcon_core.event_handler.log_command:Invoking command in '/home/kgh/GITHUB/robit-ros2-homework/HW3/build/ui_test': CMAKE_PREFIX_PATH=${CMAKE_PREFIX_PATH}:/opt/ros/humble /usr/bin/cmake --build /home/kgh/GITHUB/robit-ros2-homework/HW3/build/ui_test -- -j20 -l20
[0.481s] DEBUG:colcon.colcon_core.event_handler.log_command:Invoked command in '/home/kgh/GITHUB/robit-ros2-homework/HW3/build/turtle_interface' returned '0': CMAKE_PREFIX_PATH=${CMAKE_PREFIX_PATH}:/opt/ros/humble /usr/bin/cmake --build /home/kgh/GITHUB/robit-ros2-homework/HW3/build/turtle_interface -- -j20 -l20
[0.550s] DEBUG:colcon.colcon_core.event_handler.log_command:Invoking command in '/home/kgh/GITHUB/robit-ros2-homework/HW3/build/turtle_interface': CMAKE_PREFIX_PATH=${CMAKE_PREFIX_PATH}:/opt/ros/humble /usr/bin/cmake --install /home/kgh/GITHUB/robit-ros2-homework/HW3/build/turtle_interface
[0.592s] Level 1:colcon.colcon_core.environment:create_environment_scripts_only(turtle_interface)
[0.593s] DEBUG:colcon.colcon_core.event_handler.log_command:Invoked command in '/home/kgh/GITHUB/robit-ros2-homework/HW3/build/turtle_interface' returned '0': CMAKE_PREFIX_PATH=${CMAKE_PREFIX_PATH}:/opt/ros/humble /usr/bin/cmake --install /home/kgh/GITHUB/robit-ros2-homework/HW3/build/turtle_interface
[0.595s] Level 1:colcon.colcon_core.environment:checking '/home/kgh/GITHUB/robit-ros2-homework/HW3/install/turtle_interface' for CMake module files
[0.595s] Level 1:colcon.colcon_core.environment:checking '/home/kgh/GITHUB/robit-ros2-homework/HW3/install/turtle_interface' for CMake config files
[0.595s] Level 1:colcon.colcon_core.shell:create_environment_hook('turtle_interface', 'cmake_prefix_path')
[0.595s] INFO:colcon.colcon_core.shell:Creating environment hook '/home/kgh/GITHUB/robit-ros2-homework/HW3/install/turtle_interface/share/turtle_interface/hook/cmake_prefix_path.ps1'
[0.596s] INFO:colcon.colcon_core.shell:Creating environment descriptor '/home/kgh/GITHUB/robit-ros2-homework/HW3/install/turtle_interface/share/turtle_interface/hook/cmake_prefix_path.dsv'
[0.596s] INFO:colcon.colcon_core.shell:Creating environment hook '/home/kgh/GITHUB/robit-ros2-homework/HW3/install/turtle_interface/share/turtle_interface/hook/cmake_prefix_path.sh'
[0.597s] Level 1:colcon.colcon_core.environment:checking '/home/kgh/GITHUB/robit-ros2-homework/HW3/install/turtle_interface/lib'
[0.597s] Level 1:colcon.colcon_core.shell:create_environment_hook('turtle_interface', 'ld_library_path_lib')
[0.597s] INFO:colcon.colcon_core.shell:Creating environment hook '/home/kgh/GITHUB/robit-ros2-homework/HW3/install/turtle_interface/share/turtle_interface/hook/ld_library_path_lib.ps1'
[0.597s] INFO:colcon.colcon_core.shell:Creating environment descriptor '/home/kgh/GITHUB/robit-ros2-homework/HW3/install/turtle_interface/share/turtle_interface/hook/ld_library_path_lib.dsv'
[0.598s] INFO:colcon.colcon_core.shell:Creating environment hook '/home/kgh/GITHUB/robit-ros2-homework/HW3/install/turtle_interface/share/turtle_interface/hook/ld_library_path_lib.sh'
[0.598s] Level 1:colcon.colcon_core.environment:checking '/home/kgh/GITHUB/robit-ros2-homework/HW3/install/turtle_interface/bin'
[0.598s] Level 1:colcon.colcon_core.environment:checking '/home/kgh/GITHUB/robit-ros2-homework/HW3/install/turtle_interface/lib/pkgconfig/turtle_interface.pc'
[0.598s] Level 1:colcon.colcon_core.environment:checking '/home/kgh/GITHUB/robit-ros2-homework/HW3/install/turtle_interface/lib/python3.10/site-packages'
[0.598s] Level 1:colcon.colcon_core.environment:checking '/home/kgh/GITHUB/robit-ros2-homework/HW3/install/turtle_interface/bin'
[0.598s] INFO:colcon.colcon_core.shell:Creating package script '/home/kgh/GITHUB/robit-ros2-homework/HW3/install/turtle_interface/share/turtle_interface/package.ps1'
[0.599s] INFO:colcon.colcon_core.shell:Creating package descriptor '/home/kgh/GITHUB/robit-ros2-homework/HW3/install/turtle_interface/share/turtle_interface/package.dsv'
[0.600s] INFO:colcon.colcon_core.shell:Creating package script '/home/kgh/GITHUB/robit-ros2-homework/HW3/install/turtle_interface/share/turtle_interface/package.sh'
[0.600s] INFO:colcon.colcon_core.shell:Creating package script '/home/kgh/GITHUB/robit-ros2-homework/HW3/install/turtle_interface/share/turtle_interface/package.bash'
[0.600s] INFO:colcon.colcon_core.shell:Creating package script '/home/kgh/GITHUB/robit-ros2-homework/HW3/install/turtle_interface/share/turtle_interface/package.zsh'
[0.601s] Level 1:colcon.colcon_core.environment:create_file_with_runtime_dependencies(/home/kgh/GITHUB/robit-ros2-homework/HW3/install/turtle_interface/share/colcon-core/packages/turtle_interface)
[0.662s] Level 1:colcon.colcon_core.environment:create_environment_scripts_only(turtle_interface)
[0.662s] Level 1:colcon.colcon_core.environment:checking '/home/kgh/GITHUB/robit-ros2-homework/HW3/install/turtle_interface' for CMake module files
[0.663s] Level 1:colcon.colcon_core.environment:checking '/home/kgh/GITHUB/robit-ros2-homework/HW3/install/turtle_interface' for CMake config files
[0.663s] Level 1:colcon.colcon_core.shell:create_environment_hook('turtle_interface', 'cmake_prefix_path')
[0.664s] INFO:colcon.colcon_core.shell:Creating environment hook '/home/kgh/GITHUB/robit-ros2-homework/HW3/install/turtle_interface/share/turtle_interface/hook/cmake_prefix_path.ps1'
[0.664s] INFO:colcon.colcon_core.shell:Creating environment descriptor '/home/kgh/GITHUB/robit-ros2-homework/HW3/install/turtle_interface/share/turtle_interface/hook/cmake_prefix_path.dsv'
[0.664s] INFO:colcon.colcon_core.shell:Creating environment hook '/home/kgh/GITHUB/robit-ros2-homework/HW3/install/turtle_interface/share/turtle_interface/hook/cmake_prefix_path.sh'
[0.665s] Level 1:colcon.colcon_core.environment:checking '/home/kgh/GITHUB/robit-ros2-homework/HW3/install/turtle_interface/lib'
[0.665s] Level 1:colcon.colcon_core.shell:create_environment_hook('turtle_interface', 'ld_library_path_lib')
[0.666s] INFO:colcon.colcon_core.shell:Creating environment hook '/home/kgh/GITHUB/robit-ros2-homework/HW3/install/turtle_interface/share/turtle_interface/hook/ld_library_path_lib.ps1'
[0.666s] INFO:colcon.colcon_core.shell:Creating environment descriptor '/home/kgh/GITHUB/robit-ros2-homework/HW3/install/turtle_interface/share/turtle_interface/hook/ld_library_path_lib.dsv'
[0.666s] INFO:colcon.colcon_core.shell:Creating environment hook '/home/kgh/GITHUB/robit-ros2-homework/HW3/install/turtle_interface/share/turtle_interface/hook/ld_library_path_lib.sh'
[0.667s] Level 1:colcon.colcon_core.environment:checking '/home/kgh/GITHUB/robit-ros2-homework/HW3/install/turtle_interface/bin'
[0.667s] Level 1:colcon.colcon_core.environment:checking '/home/kgh/GITHUB/robit-ros2-homework/HW3/install/turtle_interface/lib/pkgconfig/turtle_interface.pc'
[0.667s] Level 1:colcon.colcon_core.environment:checking '/home/kgh/GITHUB/robit-ros2-homework/HW3/install/turtle_interface/lib/python3.10/site-packages'
[0.667s] Level 1:colcon.colcon_core.environment:checking '/home/kgh/GITHUB/robit-ros2-homework/HW3/install/turtle_interface/bin'
[0.668s] INFO:colcon.colcon_core.shell:Creating package script '/home/kgh/GITHUB/robit-ros2-homework/HW3/install/turtle_interface/share/turtle_interface/package.ps1'
[0.668s] INFO:colcon.colcon_core.shell:Creating package descriptor '/home/kgh/GITHUB/robit-ros2-homework/HW3/install/turtle_interface/share/turtle_interface/package.dsv'
[0.669s] INFO:colcon.colcon_core.shell:Creating package script '/home/kgh/GITHUB/robit-ros2-homework/HW3/install/turtle_interface/share/turtle_interface/package.sh'
[0.670s] INFO:colcon.colcon_core.shell:Creating package script '/home/kgh/GITHUB/robit-ros2-homework/HW3/install/turtle_interface/share/turtle_interface/package.bash'
[0.670s] INFO:colcon.colcon_core.shell:Creating package script '/home/kgh/GITHUB/robit-ros2-homework/HW3/install/turtle_interface/share/turtle_interface/package.zsh'
[0.671s] Level 1:colcon.colcon_core.environment:create_file_with_runtime_dependencies(/home/kgh/GITHUB/robit-ros2-homework/HW3/install/turtle_interface/share/colcon-core/packages/turtle_interface)
[2.737s] DEBUG:colcon.colcon_core.event_handler.log_command:Invoked command in '/home/kgh/GITHUB/robit-ros2-homework/HW3/build/ui_test' returned '0': CMAKE_PREFIX_PATH=${CMAKE_PREFIX_PATH}:/opt/ros/humble /usr/bin/cmake --build /home/kgh/GITHUB/robit-ros2-homework/HW3/build/ui_test -- -j20 -l20
[2.765s] DEBUG:colcon.colcon_core.event_handler.log_command:Invoking command in '/home/kgh/GITHUB/robit-ros2-homework/HW3/build/ui_test': CMAKE_PREFIX_PATH=${CMAKE_PREFIX_PATH}:/opt/ros/humble /usr/bin/cmake --install /home/kgh/GITHUB/robit-ros2-homework/HW3/build/ui_test
[2.773s] Level 1:colcon.colcon_core.environment:create_environment_scripts_only(ui_test)
[2.773s] Level 1:colcon.colcon_core.environment:checking '/home/kgh/GITHUB/robit-ros2-homework/HW3/install/ui_test' for CMake module files
[2.774s] DEBUG:colcon.colcon_core.event_handler.log_command:Invoked command in '/home/kgh/GITHUB/robit-ros2-homework/HW3/build/ui_test' returned '0': CMAKE_PREFIX_PATH=${CMAKE_PREFIX_PATH}:/opt/ros/humble /usr/bin/cmake --install /home/kgh/GITHUB/robit-ros2-homework/HW3/build/ui_test
[2.774s] Level 1:colcon.colcon_core.environment:checking '/home/kgh/GITHUB/robit-ros2-homework/HW3/install/ui_test' for CMake config files
[2.774s] Level 1:colcon.colcon_core.shell:create_environment_hook('ui_test', 'cmake_prefix_path')
[2.774s] INFO:colcon.colcon_core.shell:Creating environment hook '/home/kgh/GITHUB/robit-ros2-homework/HW3/install/ui_test/share/ui_test/hook/cmake_prefix_path.ps1'
[2.775s] INFO:colcon.colcon_core.shell:Creating environment descriptor '/home/kgh/GITHUB/robit-ros2-homework/HW3/install/ui_test/share/ui_test/hook/cmake_prefix_path.dsv'
[2.775s] INFO:colcon.colcon_core.shell:Creating environment hook '/home/kgh/GITHUB/robit-ros2-homework/HW3/install/ui_test/share/ui_test/hook/cmake_prefix_path.sh'
[2.775s] Level 1:colcon.colcon_core.environment:checking '/home/kgh/GITHUB/robit-ros2-homework/HW3/install/ui_test/lib'
[2.775s] Level 1:colcon.colcon_core.environment:checking '/home/kgh/GITHUB/robit-ros2-homework/HW3/install/ui_test/bin'
[2.775s] Level 1:colcon.colcon_core.environment:checking '/home/kgh/GITHUB/robit-ros2-homework/HW3/install/ui_test/lib/pkgconfig/ui_test.pc'
[2.775s] Level 1:colcon.colcon_core.environment:checking '/home/kgh/GITHUB/robit-ros2-homework/HW3/install/ui_test/lib/python3.10/site-packages'
[2.776s] Level 1:colcon.colcon_core.environment:checking '/home/kgh/GITHUB/robit-ros2-homework/HW3/install/ui_test/bin'
[2.776s] INFO:colcon.colcon_core.shell:Creating package script '/home/kgh/GITHUB/robit-ros2-homework/HW3/install/ui_test/share/ui_test/package.ps1'
[2.776s] INFO:colcon.colcon_core.shell:Creating package descriptor '/home/kgh/GITHUB/robit-ros2-homework/HW3/install/ui_test/share/ui_test/package.dsv'
[2.776s] INFO:colcon.colcon_core.shell:Creating package script '/home/kgh/GITHUB/robit-ros2-homework/HW3/install/ui_test/share/ui_test/package.sh'
[2.777s] INFO:colcon.colcon_core.shell:Creating package script '/home/kgh/GITHUB/robit-ros2-homework/HW3/install/ui_test/share/ui_test/package.bash'
[2.777s] INFO:colcon.colcon_core.shell:Creating package script '/home/kgh/GITHUB/robit-ros2-homework/HW3/install/ui_test/share/ui_test/package.zsh'
[2.777s] Level 1:colcon.colcon_core.environment:create_file_with_runtime_dependencies(/home/kgh/GITHUB/robit-ros2-homework/HW3/install/ui_test/share/colcon-core/packages/ui_test)
[2.818s] Level 1:colcon.colcon_core.environment:create_environment_scripts_only(ui_test)
[2.818s] Level 1:colcon.colcon_core.environment:checking '/home/kgh/GITHUB/robit-ros2-homework/HW3/install/ui_test' for CMake module files
[2.818s] Level 1:colcon.colcon_core.environment:checking '/home/kgh/GITHUB/robit-ros2-homework/HW3/install/ui_test' for CMake config files
[2.819s] Level 1:colcon.colcon_core.shell:create_environment_hook('ui_test', 'cmake_prefix_path')
[2.819s] INFO:colcon.colcon_core.shell:Creating environment hook '/home/kgh/GITHUB/robit-ros2-homework/HW3/install/ui_test/share/ui_test/hook/cmake_prefix_path.ps1'
[2.819s] INFO:colcon.colcon_core.shell:Creating environment descriptor '/home/kgh/GITHUB/robit-ros2-homework/HW3/install/ui_test/share/ui_test/hook/cmake_prefix_path.dsv'
[2.819s] INFO:colcon.colcon_core.shell:Creating environment hook '/home/kgh/GITHUB/robit-ros2-homework/HW3/install/ui_test/share/ui_test/hook/cmake_prefix_path.sh'
[2.820s] Level 1:colcon.colcon_core.environment:checking '/home/kgh/GITHUB/robit-ros2-homework/HW3/install/ui_test/lib'
[2.820s] Level 1:colcon.colcon_core.environment:checking '/home/kgh/GITHUB/robit-ros2-homework/HW3/install/ui_test/bin'
[2.820s] Level 1:colcon.colcon_core.environment:checking '/home/kgh/GITHUB/robit-ros2-homework/HW3/install/ui_test/lib/pkgconfig/ui_test.pc'
[2.820s] Level 1:colcon.colcon_core.environment:checking '/home/kgh/GITHUB/robit-ros2-homework/HW3/install/ui_test/lib/python3.10/site-packages'
[2.820s] Level 1:colcon.colcon_core.environment:checking '/home/kgh/GITHUB/robit-ros2-homework/HW3/install/ui_test/bin'
[2.821s] INFO:colcon.colcon_core.shell:Creating package script '/home/kgh/GITHUB/robit-ros2-homework/HW3/install/ui_test/share/ui_test/package.ps1'
[2.821s] INFO:colcon.colcon_core.shell:Creating package descriptor '/home/kgh/GITHUB/robit-ros2-homework/HW3/install/ui_test/share/ui_test/package.dsv'
[2.822s] INFO:colcon.colcon_core.shell:Creating package script '/home/kgh/GITHUB/robit-ros2-homework/HW3/install/ui_test/share/ui_test/package.sh'
[2.822s] INFO:colcon.colcon_core.shell:Creating package script '/home/kgh/GITHUB/robit-ros2-homework/HW3/install/ui_test/share/ui_test/package.bash'
[2.823s] INFO:colcon.colcon_core.shell:Creating package script '/home/kgh/GITHUB/robit-ros2-homework/HW3/install/ui_test/share/ui_test/package.zsh'
[2.823s] Level 1:colcon.colcon_core.environment:create_file_with_runtime_dependencies(/home/kgh/GITHUB/robit-ros2-homework/HW3/install/ui_test/share/colcon-core/packages/ui_test)
[2.823s] DEBUG:colcon.colcon_parallel_executor.executor.parallel:closing loop
[2.824s] DEBUG:colcon.colcon_parallel_executor.executor.parallel:loop closed
[2.824s] DEBUG:colcon.colcon_parallel_executor.executor.parallel:run_until_complete finished with '0'
[2.824s] DEBUG:colcon.colcon_core.event_reactor:joining thread
[2.830s] INFO:colcon.colcon_core.plugin_system:Skipping extension 'colcon_notification.desktop_notification.terminal_notifier': Not used on non-Darwin systems
[2.830s] INFO:colcon.colcon_core.plugin_system:Skipping extension 'colcon_notification.desktop_notification.win32': Not used on non-Windows systems
[2.830s] INFO:colcon.colcon_notification.desktop_notification:Sending desktop notification using 'notify2'
[2.843s] DEBUG:colcon.colcon_core.event_reactor:joined thread
[2.843s] INFO:colcon.colcon_core.shell:Creating prefix script '/home/kgh/GITHUB/robit-ros2-homework/HW3/install/local_setup.ps1'
[2.844s] INFO:colcon.colcon_core.shell:Creating prefix util module '/home/kgh/GITHUB/robit-ros2-homework/HW3/install/_local_setup_util_ps1.py'
[2.845s] INFO:colcon.colcon_core.shell:Creating prefix chain script '/home/kgh/GITHUB/robit-ros2-homework/HW3/install/setup.ps1'
[2.846s] INFO:colcon.colcon_core.shell:Creating prefix script '/home/kgh/GITHUB/robit-ros2-homework/HW3/install/local_setup.sh'
[2.847s] INFO:colcon.colcon_core.shell:Creating prefix util module '/home/kgh/GITHUB/robit-ros2-homework/HW3/install/_local_setup_util_sh.py'
[2.847s] INFO:colcon.colcon_core.shell:Creating prefix chain script '/home/kgh/GITHUB/robit-ros2-homework/HW3/install/setup.sh'
[2.848s] INFO:colcon.colcon_core.shell:Creating prefix script '/home/kgh/GITHUB/robit-ros2-homework/HW3/install/local_setup.bash'
[2.848s] INFO:colcon.colcon_core.shell:Creating prefix chain script '/home/kgh/GITHUB/robit-ros2-homework/HW3/install/setup.bash'
[2.849s] INFO:colcon.colcon_core.shell:Creating prefix script '/home/kgh/GITHUB/robit-ros2-homework/HW3/install/local_setup.zsh'
[2.850s] INFO:colcon.colcon_core.shell:Creating prefix chain script '/home/kgh/GITHUB/robit-ros2-homework/HW3/install/setup.zsh'
