[0.050s] DEBUG:colcon:Command line arguments: ['/usr/bin/colcon', 'build']
[0.051s] DEBUG:colcon:Parsed command line arguments: Namespace(log_base=None, log_level=None, verb_name='build', build_base='build', install_base='install', merge_install=False, symlink_install=False, test_result_base=None, continue_on_error=False, executor='parallel', parallel_workers=20, event_handlers=None, ignore_user_meta=False, metas=['./colcon.meta'], base_paths=['.'], packages_ignore=None, packages_ignore_regex=None, paths=None, packages_up_to=None, packages_up_to_regex=None, packages_above=None, packages_above_and_dependencies=None, packages_above_depth=None, packages_select_by_dep=None, packages_skip_by_dep=None, packages_skip_up_to=None, packages_select_build_failed=False, packages_skip_build_finished=False, packages_select_test_failures=False, packages_skip_test_passed=False, packages_select=None, packages_skip=None, packages_select_regex=None, packages_skip_regex=None, packages_start=None, packages_end=None, allow_overriding=[], cmake_args=None, cmake_target=None, cmake_target_skip_unavailable=False, cmake_clean_cache=False, cmake_clean_first=False, cmake_force_configure=False, ament_cmake_args=None, catkin_cmake_args=None, catkin_skip_building_tests=False, verb_parser=<colcon_defaults.argument_parser.defaults.DefaultArgumentsDecorator object at 0x79386571f7f0>, verb_extension=<colcon_core.verb.build.BuildVerb object at 0x79386571f3a0>, main=<bound method BuildVerb.main of <colcon_core.verb.build.BuildVerb object at 0x79386571f3a0>>)
[0.131s] Level 1:colcon.colcon_core.package_discovery:discover_packages(colcon_meta) check parameters
[0.132s] Level 1:colcon.colcon_core.package_discovery:discover_packages(recursive) check parameters
[0.132s] Level 1:colcon.colcon_core.package_discovery:discover_packages(ignore) check parameters
[0.132s] Level 1:colcon.colcon_core.package_discovery:discover_packages(path) check parameters
[0.132s] Level 1:colcon.colcon_core.package_discovery:discover_packages(colcon_meta) discover
[0.132s] Level 1:colcon.colcon_core.package_discovery:discover_packages(recursive) discover
[0.132s] INFO:colcon.colcon_core.package_discovery:Crawling recursively for packages in '/home/kgh/GITHUB/robit-ros2-homework/HW4/button'
[0.132s] Level 1:colcon.colcon_core.package_identification:_identify(.) by extensions ['ignore', 'ignore_ament_install']
[0.132s] Level 1:colcon.colcon_core.package_identification:_identify(.) by extension 'ignore'
[0.132s] Level 1:colcon.colcon_core.package_identification:_identify(.) by extension 'ignore_ament_install'
[0.132s] Level 1:colcon.colcon_core.package_identification:_identify(.) by extensions ['colcon_pkg']
[0.132s] Level 1:colcon.colcon_core.package_identification:_identify(.) by extension 'colcon_pkg'
[0.132s] Level 1:colcon.colcon_core.package_identification:_identify(.) by extensions ['colcon_meta']
[0.132s] Level 1:colcon.colcon_core.package_identification:_identify(.) by extension 'colcon_meta'
[0.132s] Level 1:colcon.colcon_core.package_identification:_identify(.) by extensions ['ros']
[0.132s] Level 1:colcon.colcon_core.package_identification:_identify(.) by extension 'ros'
[0.144s] DEBUG:colcon.colcon_core.package_identification:Package '.' with type 'ros.ament_cmake' and name 'button'
[0.144s] Level 1:colcon.colcon_core.package_discovery:discover_packages(recursive) using defaults
[0.144s] Level 1:colcon.colcon_core.package_discovery:discover_packages(ignore) discover
[0.144s] Level 1:colcon.colcon_core.package_discovery:discover_packages(ignore) using defaults
[0.144s] Level 1:colcon.colcon_core.package_discovery:discover_packages(path) discover
[0.144s] Level 1:colcon.colcon_core.package_discovery:discover_packages(path) using defaults
[0.155s] Level 1:colcon.colcon_core.package_discovery:discover_packages(prefix_path) check parameters
[0.155s] Level 1:colcon.colcon_core.package_discovery:discover_packages(prefix_path) discover
[0.156s] DEBUG:colcon.colcon_installed_package_information.package_discovery:Found 1 installed packages in /home/kgh/GITHUB/robit-ros2-homework/HW4/button/install
[0.156s] DEBUG:colcon.colcon_installed_package_information.package_discovery:Found 4 installed packages in /home/kgh/robot_ws/install
[0.157s] DEBUG:colcon.colcon_installed_package_information.package_discovery:Found 181 installed packages in /opt/ros/humble
[0.162s] Level 1:colcon.colcon_core.package_discovery:discover_packages(prefix_path) using defaults
[0.174s] Level 5:colcon.colcon_core.verb:set package 'button' build argument 'cmake_args' from command line to 'None'
[0.174s] Level 5:colcon.colcon_core.verb:set package 'button' build argument 'cmake_target' from command line to 'None'
[0.174s] Level 5:colcon.colcon_core.verb:set package 'button' build argument 'cmake_target_skip_unavailable' from command line to 'False'
[0.174s] Level 5:colcon.colcon_core.verb:set package 'button' build argument 'cmake_clean_cache' from command line to 'False'
[0.174s] Level 5:colcon.colcon_core.verb:set package 'button' build argument 'cmake_clean_first' from command line to 'False'
[0.174s] Level 5:colcon.colcon_core.verb:set package 'button' build argument 'cmake_force_configure' from command line to 'False'
[0.174s] Level 5:colcon.colcon_core.verb:set package 'button' build argument 'ament_cmake_args' from command line to 'None'
[0.174s] Level 5:colcon.colcon_core.verb:set package 'button' build argument 'catkin_cmake_args' from command line to 'None'
[0.174s] Level 5:colcon.colcon_core.verb:set package 'button' build argument 'catkin_skip_building_tests' from command line to 'False'
[0.174s] DEBUG:colcon.colcon_core.verb:Building package 'button' with the following arguments: {'ament_cmake_args': None, 'build_base': '/home/kgh/GITHUB/robit-ros2-homework/HW4/button/build/button', 'catkin_cmake_args': None, 'catkin_skip_building_tests': False, 'cmake_args': None, 'cmake_clean_cache': False, 'cmake_clean_first': False, 'cmake_force_configure': False, 'cmake_target': None, 'cmake_target_skip_unavailable': False, 'install_base': '/home/kgh/GITHUB/robit-ros2-homework/HW4/button/install/button', 'merge_install': False, 'path': '/home/kgh/GITHUB/robit-ros2-homework/HW4/button', 'symlink_install': False, 'test_result_base': None}
[0.174s] INFO:colcon.colcon_core.executor:Executing jobs using 'parallel' executor
[0.175s] DEBUG:colcon.colcon_parallel_executor.executor.parallel:run_until_complete
[0.175s] INFO:colcon.colcon_ros.task.ament_cmake.build:Building ROS package in '/home/kgh/GITHUB/robit-ros2-homework/HW4/button' with build type 'ament_cmake'
[0.175s] INFO:colcon.colcon_cmake.task.cmake.build:Building CMake package in '/home/kgh/GITHUB/robit-ros2-homework/HW4/button'
[0.176s] INFO:colcon.colcon_core.plugin_system:Skipping extension 'colcon_core.shell.bat': Not used on non-Windows systems
[0.176s] INFO:colcon.colcon_core.shell:Skip shell extension 'powershell' for command environment: Not usable outside of PowerShell
[0.176s] DEBUG:colcon.colcon_core.shell:Skip shell extension 'dsv' for command environment
[0.182s] DEBUG:colcon.colcon_core.event_handler.log_command:Invoking command in '/home/kgh/GITHUB/robit-ros2-homework/HW4/button/build/button': CMAKE_PREFIX_PATH=${CMAKE_PREFIX_PATH}:/opt/ros/humble /usr/bin/cmake --build /home/kgh/GITHUB/robit-ros2-homework/HW4/button/build/button -- -j20 -l20
[5.771s] DEBUG:colcon.colcon_core.event_handler.log_command:Invoked command in '/home/kgh/GITHUB/robit-ros2-homework/HW4/button/build/button' returned '0': CMAKE_PREFIX_PATH=${CMAKE_PREFIX_PATH}:/opt/ros/humble /usr/bin/cmake --build /home/kgh/GITHUB/robit-ros2-homework/HW4/button/build/button -- -j20 -l20
[5.799s] DEBUG:colcon.colcon_core.event_handler.log_command:Invoking command in '/home/kgh/GITHUB/robit-ros2-homework/HW4/button/build/button': CMAKE_PREFIX_PATH=${CMAKE_PREFIX_PATH}:/opt/ros/humble /usr/bin/cmake --install /home/kgh/GITHUB/robit-ros2-homework/HW4/button/build/button
[5.810s] Level 1:colcon.colcon_core.environment:create_environment_scripts_only(button)
[5.811s] DEBUG:colcon.colcon_core.event_handler.log_command:Invoked command in '/home/kgh/GITHUB/robit-ros2-homework/HW4/button/build/button' returned '0': CMAKE_PREFIX_PATH=${CMAKE_PREFIX_PATH}:/opt/ros/humble /usr/bin/cmake --install /home/kgh/GITHUB/robit-ros2-homework/HW4/button/build/button
[5.812s] Level 1:colcon.colcon_core.environment:checking '/home/kgh/GITHUB/robit-ros2-homework/HW4/button/install/button' for CMake module files
[5.813s] Level 1:colcon.colcon_core.environment:checking '/home/kgh/GITHUB/robit-ros2-homework/HW4/button/install/button' for CMake config files
[5.813s] Level 1:colcon.colcon_core.shell:create_environment_hook('button', 'cmake_prefix_path')
[5.813s] INFO:colcon.colcon_core.shell:Creating environment hook '/home/kgh/GITHUB/robit-ros2-homework/HW4/button/install/button/share/button/hook/cmake_prefix_path.ps1'
[5.814s] INFO:colcon.colcon_core.shell:Creating environment descriptor '/home/kgh/GITHUB/robit-ros2-homework/HW4/button/install/button/share/button/hook/cmake_prefix_path.dsv'
[5.814s] INFO:colcon.colcon_core.shell:Creating environment hook '/home/kgh/GITHUB/robit-ros2-homework/HW4/button/install/button/share/button/hook/cmake_prefix_path.sh'
[5.815s] Level 1:colcon.colcon_core.environment:checking '/home/kgh/GITHUB/robit-ros2-homework/HW4/button/install/button/lib'
[5.815s] Level 1:colcon.colcon_core.environment:checking '/home/kgh/GITHUB/robit-ros2-homework/HW4/button/install/button/bin'
[5.815s] Level 1:colcon.colcon_core.environment:checking '/home/kgh/GITHUB/robit-ros2-homework/HW4/button/install/button/lib/pkgconfig/button.pc'
[5.816s] Level 1:colcon.colcon_core.environment:checking '/home/kgh/GITHUB/robit-ros2-homework/HW4/button/install/button/lib/python3.10/site-packages'
[5.816s] Level 1:colcon.colcon_core.environment:checking '/home/kgh/GITHUB/robit-ros2-homework/HW4/button/install/button/bin'
[5.817s] INFO:colcon.colcon_core.shell:Creating package script '/home/kgh/GITHUB/robit-ros2-homework/HW4/button/install/button/share/button/package.ps1'
[5.817s] INFO:colcon.colcon_core.shell:Creating package descriptor '/home/kgh/GITHUB/robit-ros2-homework/HW4/button/install/button/share/button/package.dsv'
[5.818s] INFO:colcon.colcon_core.shell:Creating package script '/home/kgh/GITHUB/robit-ros2-homework/HW4/button/install/button/share/button/package.sh'
[5.819s] INFO:colcon.colcon_core.shell:Creating package script '/home/kgh/GITHUB/robit-ros2-homework/HW4/button/install/button/share/button/package.bash'
[5.819s] INFO:colcon.colcon_core.shell:Creating package script '/home/kgh/GITHUB/robit-ros2-homework/HW4/button/install/button/share/button/package.zsh'
[5.820s] Level 1:colcon.colcon_core.environment:create_file_with_runtime_dependencies(/home/kgh/GITHUB/robit-ros2-homework/HW4/button/install/button/share/colcon-core/packages/button)
[5.850s] Level 1:colcon.colcon_core.environment:create_environment_scripts_only(button)
[5.850s] Level 1:colcon.colcon_core.environment:checking '/home/kgh/GITHUB/robit-ros2-homework/HW4/button/install/button' for CMake module files
[5.850s] Level 1:colcon.colcon_core.environment:checking '/home/kgh/GITHUB/robit-ros2-homework/HW4/button/install/button' for CMake config files
[5.850s] Level 1:colcon.colcon_core.shell:create_environment_hook('button', 'cmake_prefix_path')
[5.850s] INFO:colcon.colcon_core.shell:Creating environment hook '/home/kgh/GITHUB/robit-ros2-homework/HW4/button/install/button/share/button/hook/cmake_prefix_path.ps1'
[5.851s] INFO:colcon.colcon_core.shell:Creating environment descriptor '/home/kgh/GITHUB/robit-ros2-homework/HW4/button/install/button/share/button/hook/cmake_prefix_path.dsv'
[5.851s] INFO:colcon.colcon_core.shell:Creating environment hook '/home/kgh/GITHUB/robit-ros2-homework/HW4/button/install/button/share/button/hook/cmake_prefix_path.sh'
[5.851s] Level 1:colcon.colcon_core.environment:checking '/home/kgh/GITHUB/robit-ros2-homework/HW4/button/install/button/lib'
[5.851s] Level 1:colcon.colcon_core.environment:checking '/home/kgh/GITHUB/robit-ros2-homework/HW4/button/install/button/bin'
[5.851s] Level 1:colcon.colcon_core.environment:checking '/home/kgh/GITHUB/robit-ros2-homework/HW4/button/install/button/lib/pkgconfig/button.pc'
[5.852s] Level 1:colcon.colcon_core.environment:checking '/home/kgh/GITHUB/robit-ros2-homework/HW4/button/install/button/lib/python3.10/site-packages'
[5.852s] Level 1:colcon.colcon_core.environment:checking '/home/kgh/GITHUB/robit-ros2-homework/HW4/button/install/button/bin'
[5.852s] INFO:colcon.colcon_core.shell:Creating package script '/home/kgh/GITHUB/robit-ros2-homework/HW4/button/install/button/share/button/package.ps1'
[5.852s] INFO:colcon.colcon_core.shell:Creating package descriptor '/home/kgh/GITHUB/robit-ros2-homework/HW4/button/install/button/share/button/package.dsv'
[5.852s] INFO:colcon.colcon_core.shell:Creating package script '/home/kgh/GITHUB/robit-ros2-homework/HW4/button/install/button/share/button/package.sh'
[5.853s] INFO:colcon.colcon_core.shell:Creating package script '/home/kgh/GITHUB/robit-ros2-homework/HW4/button/install/button/share/button/package.bash'
[5.853s] INFO:colcon.colcon_core.shell:Creating package script '/home/kgh/GITHUB/robit-ros2-homework/HW4/button/install/button/share/button/package.zsh'
[5.853s] Level 1:colcon.colcon_core.environment:create_file_with_runtime_dependencies(/home/kgh/GITHUB/robit-ros2-homework/HW4/button/install/button/share/colcon-core/packages/button)
[5.853s] DEBUG:colcon.colcon_parallel_executor.executor.parallel:closing loop
[5.853s] DEBUG:colcon.colcon_parallel_executor.executor.parallel:loop closed
[5.853s] DEBUG:colcon.colcon_parallel_executor.executor.parallel:run_until_complete finished with '0'
[5.853s] DEBUG:colcon.colcon_core.event_reactor:joining thread
[5.857s] INFO:colcon.colcon_core.plugin_system:Skipping extension 'colcon_notification.desktop_notification.terminal_notifier': Not used on non-Darwin systems
[5.857s] INFO:colcon.colcon_core.plugin_system:Skipping extension 'colcon_notification.desktop_notification.win32': Not used on non-Windows systems
[5.857s] INFO:colcon.colcon_notification.desktop_notification:Sending desktop notification using 'notify2'
[5.866s] DEBUG:colcon.colcon_core.event_reactor:joined thread
[5.866s] INFO:colcon.colcon_core.shell:Creating prefix script '/home/kgh/GITHUB/robit-ros2-homework/HW4/button/install/local_setup.ps1'
[5.867s] INFO:colcon.colcon_core.shell:Creating prefix util module '/home/kgh/GITHUB/robit-ros2-homework/HW4/button/install/_local_setup_util_ps1.py'
[5.867s] INFO:colcon.colcon_core.shell:Creating prefix chain script '/home/kgh/GITHUB/robit-ros2-homework/HW4/button/install/setup.ps1'
[5.868s] INFO:colcon.colcon_core.shell:Creating prefix script '/home/kgh/GITHUB/robit-ros2-homework/HW4/button/install/local_setup.sh'
[5.869s] INFO:colcon.colcon_core.shell:Creating prefix util module '/home/kgh/GITHUB/robit-ros2-homework/HW4/button/install/_local_setup_util_sh.py'
[5.869s] INFO:colcon.colcon_core.shell:Creating prefix chain script '/home/kgh/GITHUB/robit-ros2-homework/HW4/button/install/setup.sh'
[5.870s] INFO:colcon.colcon_core.shell:Creating prefix script '/home/kgh/GITHUB/robit-ros2-homework/HW4/button/install/local_setup.bash'
[5.871s] INFO:colcon.colcon_core.shell:Creating prefix chain script '/home/kgh/GITHUB/robit-ros2-homework/HW4/button/install/setup.bash'
[5.871s] INFO:colcon.colcon_core.shell:Creating prefix script '/home/kgh/GITHUB/robit-ros2-homework/HW4/button/install/local_setup.zsh'
[5.872s] INFO:colcon.colcon_core.shell:Creating prefix chain script '/home/kgh/GITHUB/robit-ros2-homework/HW4/button/install/setup.zsh'
