[0.008s] Invoking command in '/home/kgh/GITHUB/robit-ros2-homework/HW4/moving/build/moving': CMAKE_PREFIX_PATH=${CMAKE_PREFIX_PATH}:/opt/ros/humble /usr/bin/cmake --build /home/kgh/GITHUB/robit-ros2-homework/HW4/moving/build/moving -- -j20 -l20
[0.036s] [  9%] [34m[1mGenerating include/moving/moc_qnode.cpp[0m
[0.050s] [35m[1mConsolidate compiler generated dependencies of target moving_node[0m
[0.070s] [ 18%] [32mBuilding CXX object CMakeFiles/moving_node.dir/include/moving/moc_qnode.cpp.o[0m
[0.070s] [ 27%] [32mBuilding CXX object CMakeFiles/moving_node.dir/src/main.cpp.o[0m
[0.071s] [ 36%] [32mBuilding CXX object CMakeFiles/moving_node.dir/src/mainwindow.cpp.o[0m
[0.071s] [ 45%] [32mBuilding CXX object CMakeFiles/moving_node.dir/src/qnode.cpp.o[0m
[0.072s] [ 54%] [32mBuilding CXX object CMakeFiles/moving_node.dir/include/moving/moc_mainwindow.cpp.o[0m
[5.201s] [ 63%] [32m[1mLinking CXX executable moving_node[0m
[5.596s] /usr/bin/ld: CMakeFiles/moving_node.dir/src/main.cpp.o: in function `main':
[5.596s] main.cpp:(.text+0x1bf): undefined reference to `MainWindow::~MainWindow()'
[5.596s] /usr/bin/ld: main.cpp:(.text+0x27f): undefined reference to `MainWindow::~MainWindow()'
[5.596s] /usr/bin/ld: CMakeFiles/moving_node.dir/src/mainwindow.cpp.o: in function `MainWindow::MainWindow(QWidget*, std::shared_ptr<rclcpp::Node>)':
[5.596s] mainwindow.cpp:(.text+0x370): undefined reference to `MainWindow::setupTimer()'
[5.606s] /usr/bin/ld: CMakeFiles/moving_node.dir/include/moving/moc_mainwindow.cpp.o:(.data.rel.ro._ZTV10MainWindow[_ZTV10MainWindow]+0x28): undefined reference to `MainWindow::~MainWindow()'
[5.606s] /usr/bin/ld: CMakeFiles/moving_node.dir/include/moving/moc_mainwindow.cpp.o:(.data.rel.ro._ZTV10MainWindow[_ZTV10MainWindow]+0x30): undefined reference to `MainWindow::~MainWindow()'
[5.606s] /usr/bin/ld: CMakeFiles/moving_node.dir/include/moving/moc_mainwindow.cpp.o:(.data.rel.ro._ZTV10MainWindow[_ZTV10MainWindow]+0xd0): undefined reference to `MainWindow::keyPressEvent(QKeyEvent*)'
[5.606s] /usr/bin/ld: CMakeFiles/moving_node.dir/include/moving/moc_mainwindow.cpp.o:(.data.rel.ro._ZTV10MainWindow[_ZTV10MainWindow]+0xd8): undefined reference to `MainWindow::keyReleaseEvent(QKeyEvent*)'
[5.606s] /usr/bin/ld: CMakeFiles/moving_node.dir/include/moving/moc_mainwindow.cpp.o:(.data.rel.ro._ZTV10MainWindow[_ZTV10MainWindow]+0x118): undefined reference to `MainWindow::closeEvent(QCloseEvent*)'
[5.606s] /usr/bin/ld: CMakeFiles/moving_node.dir/include/moving/moc_mainwindow.cpp.o:(.data.rel.ro._ZTV10MainWindow[_ZTV10MainWindow]+0x1c8): undefined reference to `non-virtual thunk to MainWindow::~MainWindow()'
[5.606s] /usr/bin/ld: CMakeFiles/moving_node.dir/include/moving/moc_mainwindow.cpp.o:(.data.rel.ro._ZTV10MainWindow[_ZTV10MainWindow]+0x1d0): undefined reference to `non-virtual thunk to MainWindow::~MainWindow()'
[5.630s] collect2: error: ld returned 1 exit status
[5.632s] gmake[2]: *** [CMakeFiles/moving_node.dir/build.make:262: moving_node] Error 1
[5.632s] gmake[1]: *** [CMakeFiles/Makefile2:137: CMakeFiles/moving_node.dir/all] Error 2
[5.632s] gmake: *** [Makefile:146: all] Error 2
[5.635s] Invoked command in '/home/kgh/GITHUB/robit-ros2-homework/HW4/moving/build/moving' returned '2': CMAKE_PREFIX_PATH=${CMAKE_PREFIX_PATH}:/opt/ros/humble /usr/bin/cmake --build /home/kgh/GITHUB/robit-ros2-homework/HW4/moving/build/moving -- -j20 -l20
