[0.005s] Invoking command in '/home/kgh/GITHUB/robit-ros2-homework/HW4/moving/build/moving': /usr/bin/cmake /home/kgh/GITHUB/robit-ros2-homework/HW4/moving -DCMAKE_INSTALL_PREFIX=/home/kgh/GITHUB/robit-ros2-homework/HW4/moving/install/moving
[0.015s] -- Found ament_cmake: 1.3.10 (/opt/ros/humble/share/ament_cmake/cmake)
[0.082s] -- Found rclcpp: 16.0.10 (/opt/ros/humble/share/rclcpp/cmake)
[0.096s] -- Found rosidl_generator_c: 3.1.5 (/opt/ros/humble/share/rosidl_generator_c/cmake)
[0.097s] -- Found rosidl_adapter: 3.1.5 (/opt/ros/humble/share/rosidl_adapter/cmake)
[0.100s] -- Found rosidl_generator_cpp: 3.1.5 (/opt/ros/humble/share/rosidl_generator_cpp/cmake)
[0.105s] [31mCMake Error at /opt/ros/humble/share/rosidl_typesupport_c/cmake/get_used_typesupports.cmake:35 (message):
[0.105s]   No 'rosidl_typesupport_c' found
[0.105s] Call Stack (most recent call first):
[0.105s]   /opt/ros/humble/share/rosidl_typesupport_c/cmake/rosidl_typesupport_c-extras.cmake:8 (get_used_typesupports)
[0.105s]   /opt/ros/humble/share/rosidl_typesupport_c/cmake/rosidl_typesupport_cConfig.cmake:41 (include)
[0.105s]   /opt/ros/humble/share/builtin_interfaces/cmake/ament_cmake_export_dependencies-extras.cmake:21 (find_package)
[0.105s]   /opt/ros/humble/share/builtin_interfaces/cmake/builtin_interfacesConfig.cmake:41 (include)
[0.105s]   /opt/ros/humble/share/libstatistics_collector/cmake/ament_cmake_export_dependencies-extras.cmake:21 (find_package)
[0.105s]   /opt/ros/humble/share/libstatistics_collector/cmake/libstatistics_collectorConfig.cmake:41 (include)
[0.105s]   /opt/ros/humble/share/rclcpp/cmake/ament_cmake_export_dependencies-extras.cmake:21 (find_package)
[0.105s]   /opt/ros/humble/share/rclcpp/cmake/rclcppConfig.cmake:41 (include)
[0.105s]   CMakeLists.txt:9 (find_package)
[0.105s] 
[0.105s] [0m
[0.106s] -- Configuring incomplete, errors occurred!
[0.106s] See also "/home/kgh/GITHUB/robit-ros2-homework/HW4/moving/build/moving/CMakeFiles/CMakeOutput.log".
[0.107s] Invoked command in '/home/kgh/GITHUB/robit-ros2-homework/HW4/moving/build/moving' returned '1': /usr/bin/cmake /home/kgh/GITHUB/robit-ros2-homework/HW4/moving -DCMAKE_INSTALL_PREFIX=/home/kgh/GITHUB/robit-ros2-homework/HW4/moving/install/moving
