[  9%] [34m[1mGenerating include/button/moc_qnode.cpp[0m
[35m[1mConsolidate compiler generated dependencies of target button_node[0m
[ 18%] [32mBuilding CXX object CMakeFiles/button_node.dir/src/main.cpp.o[0m
[ 27%] [32mBuilding CXX object CMakeFiles/button_node.dir/src/qnode.cpp.o[0m
[ 36%] [32mBuilding CXX object CMakeFiles/button_node.dir/src/mainwindow.cpp.o[0m
[ 45%] [32mBuilding CXX object CMakeFiles/button_node.dir/include/button/moc_mainwindow.cpp.o[0m
[ 54%] [32mBuilding CXX object CMakeFiles/button_node.dir/include/button/moc_qnode.cpp.o[0m
[ 63%] [32m[1mLinking CXX executable button_node[0m
[100%] Built target button_node
-- Install configuration: ""
-- Installing: /home/kgh/GITHUB/robit-ros2-homework/HW4/button/install/button/lib/button/button_node
-- Set runtime path of "/home/kgh/GITHUB/robit-ros2-homework/HW4/button/install/button/lib/button/button_node" to ""
-- Up-to-date: /home/kgh/GITHUB/robit-ros2-homework/HW4/button/install/button/include/button
-- Up-to-date: /home/kgh/GITHUB/robit-ros2-homework/HW4/button/install/button/include/button/button
-- Up-to-date: /home/kgh/GITHUB/robit-ros2-homework/HW4/button/install/button/include/button/button/mainwindow.hpp
-- Installing: /home/kgh/GITHUB/robit-ros2-homework/HW4/button/install/button/include/button/button/qnode.hpp
-- Up-to-date: /home/kgh/GITHUB/robit-ros2-homework/HW4/button/install/button/share/ament_index/resource_index/package_run_dependencies/button
-- Installing: /home/kgh/GITHUB/robit-ros2-homework/HW4/button/install/button/share/ament_index/resource_index/parent_prefix_path/button
-- Up-to-date: /home/kgh/GITHUB/robit-ros2-homework/HW4/button/install/button/share/button/environment/ament_prefix_path.sh
-- Installing: /home/kgh/GITHUB/robit-ros2-homework/HW4/button/install/button/share/button/environment/ament_prefix_path.dsv
-- Up-to-date: /home/kgh/GITHUB/robit-ros2-homework/HW4/button/install/button/share/button/environment/path.sh
-- Installing: /home/kgh/GITHUB/robit-ros2-homework/HW4/button/install/button/share/button/environment/path.dsv
-- Up-to-date: /home/kgh/GITHUB/robit-ros2-homework/HW4/button/install/button/share/button/local_setup.bash
-- Up-to-date: /home/kgh/GITHUB/robit-ros2-homework/HW4/button/install/button/share/button/local_setup.sh
-- Up-to-date: /home/kgh/GITHUB/robit-ros2-homework/HW4/button/install/button/share/button/local_setup.zsh
-- Installing: /home/kgh/GITHUB/robit-ros2-homework/HW4/button/install/button/share/button/local_setup.dsv
-- Installing: /home/kgh/GITHUB/robit-ros2-homework/HW4/button/install/button/share/button/package.dsv
-- Up-to-date: /home/kgh/GITHUB/robit-ros2-homework/HW4/button/install/button/share/ament_index/resource_index/packages/button
-- Up-to-date: /home/kgh/GITHUB/robit-ros2-homework/HW4/button/install/button/share/button/cmake/buttonConfig.cmake
-- Up-to-date: /home/kgh/GITHUB/robit-ros2-homework/HW4/button/install/button/share/button/cmake/buttonConfig-version.cmake
-- Up-to-date: /home/kgh/GITHUB/robit-ros2-homework/HW4/button/install/button/share/button/package.xml
