[0.008s] Invoking command in '/home/kgh/GITHUB/robit-ros2-homework/HW3/build/turtle_interface': CMAKE_PREFIX_PATH=${CMAKE_PREFIX_PATH}:/opt/ros/humble /usr/bin/cmake --build /home/kgh/GITHUB/robit-ros2-homework/HW3/build/turtle_interface -- -j20 -l20
[0.050s] [35m[1mConsolidate compiler generated dependencies of target turtle_interface__rosidl_generator_c[0m
[0.061s] [  6%] Built target turtle_interface__cpp
[0.061s] [ 12%] Built target turtle_interface__rosidl_generator_c
[0.068s] [ 12%] Built target ament_cmake_python_copy_turtle_interface
[0.071s] [35m[1mConsolidate compiler generated dependencies of target turtle_interface__rosidl_typesupport_c[0m
[0.071s] [35m[1mConsolidate compiler generated dependencies of target turtle_interface__rosidl_typesupport_introspection_c[0m
[0.071s] [35m[1mConsolidate compiler generated dependencies of target turtle_interface__rosidl_typesupport_cpp[0m
[0.072s] [35m[1mConsolidate compiler generated dependencies of target turtle_interface__rosidl_typesupport_introspection_cpp[0m
[0.075s] [35m[1mConsolidate compiler generated dependencies of target turtle_interface__rosidl_typesupport_fastrtps_cpp[0m
[0.080s] [35m[1mConsolidate compiler generated dependencies of target turtle_interface__rosidl_typesupport_fastrtps_c[0m
[0.081s] [ 25%] Built target turtle_interface__rosidl_typesupport_introspection_c
[0.081s] [ 32%] Built target turtle_interface__rosidl_typesupport_c
[0.083s] [ 41%] Built target turtle_interface__rosidl_typesupport_introspection_cpp
[0.084s] [ 51%] Built target turtle_interface__rosidl_typesupport_cpp
[0.088s] [ 61%] Built target turtle_interface__rosidl_typesupport_fastrtps_cpp
[0.093s] [ 70%] Built target turtle_interface__rosidl_typesupport_fastrtps_c
[0.112s] [ 70%] Built target turtle_interface
[0.134s] [ 74%] Built target turtle_interface__py
[0.145s] [35m[1mConsolidate compiler generated dependencies of target turtle_interface__rosidl_generator_py[0m
[0.155s] [ 80%] Built target turtle_interface__rosidl_generator_py
[0.167s] [35m[1mConsolidate compiler generated dependencies of target turtle_interface__rosidl_typesupport_fastrtps_c__pyext[0m
[0.167s] [35m[1mConsolidate compiler generated dependencies of target turtle_interface__rosidl_typesupport_c__pyext[0m
[0.168s] [35m[1mConsolidate compiler generated dependencies of target turtle_interface__rosidl_typesupport_introspection_c__pyext[0m
[0.181s] [ 87%] Built target turtle_interface__rosidl_typesupport_c__pyext
[0.181s] [ 93%] Built target turtle_interface__rosidl_typesupport_fastrtps_c__pyext
[0.182s] [100%] Built target turtle_interface__rosidl_typesupport_introspection_c__pyext
[0.236s] running egg_info
[0.236s] writing turtle_interface.egg-info/PKG-INFO
[0.236s] writing dependency_links to turtle_interface.egg-info/dependency_links.txt
[0.237s] writing top-level names to turtle_interface.egg-info/top_level.txt
[0.238s] reading manifest file 'turtle_interface.egg-info/SOURCES.txt'
[0.239s] writing manifest file 'turtle_interface.egg-info/SOURCES.txt'
[0.259s] [100%] Built target ament_cmake_python_build_turtle_interface_egg
[0.269s] Invoked command in '/home/kgh/GITHUB/robit-ros2-homework/HW3/build/turtle_interface' returned '0': CMAKE_PREFIX_PATH=${CMAKE_PREFIX_PATH}:/opt/ros/humble /usr/bin/cmake --build /home/kgh/GITHUB/robit-ros2-homework/HW3/build/turtle_interface -- -j20 -l20
[0.333s] Invoking command in '/home/kgh/GITHUB/robit-ros2-homework/HW3/build/turtle_interface': CMAKE_PREFIX_PATH=${CMAKE_PREFIX_PATH}:/opt/ros/humble /usr/bin/cmake --install /home/kgh/GITHUB/robit-ros2-homework/HW3/build/turtle_interface
[0.339s] -- Install configuration: ""
[0.339s] -- Installing: /home/kgh/GITHUB/robit-ros2-homework/HW3/install/turtle_interface/share/ament_index/resource_index/rosidl_interfaces/turtle_interface
[0.340s] -- Installing: /home/kgh/GITHUB/robit-ros2-homework/HW3/install/turtle_interface/include/turtle_interface/turtle_interface
[0.340s] -- Installing: /home/kgh/GITHUB/robit-ros2-homework/HW3/install/turtle_interface/include/turtle_interface/turtle_interface/msg
[0.340s] -- Installing: /home/kgh/GITHUB/robit-ros2-homework/HW3/install/turtle_interface/include/turtle_interface/turtle_interface/msg/detail
[0.340s] -- Installing: /home/kgh/GITHUB/robit-ros2-homework/HW3/install/turtle_interface/include/turtle_interface/turtle_interface/msg/detail/num__type_support.h
[0.340s] -- Installing: /home/kgh/GITHUB/robit-ros2-homework/HW3/install/turtle_interface/include/turtle_interface/turtle_interface/msg/detail/num__functions.c
[0.340s] -- Installing: /home/kgh/GITHUB/robit-ros2-homework/HW3/install/turtle_interface/include/turtle_interface/turtle_interface/msg/detail/num__struct.h
[0.340s] -- Installing: /home/kgh/GITHUB/robit-ros2-homework/HW3/install/turtle_interface/include/turtle_interface/turtle_interface/msg/detail/num__functions.h
[0.340s] -- Installing: /home/kgh/GITHUB/robit-ros2-homework/HW3/install/turtle_interface/include/turtle_interface/turtle_interface/msg/rosidl_generator_c__visibility_control.h
[0.340s] -- Installing: /home/kgh/GITHUB/robit-ros2-homework/HW3/install/turtle_interface/include/turtle_interface/turtle_interface/msg/num.h
[0.341s] -- Installing: /home/kgh/GITHUB/robit-ros2-homework/HW3/install/turtle_interface/share/turtle_interface/environment/library_path.sh
[0.341s] -- Installing: /home/kgh/GITHUB/robit-ros2-homework/HW3/install/turtle_interface/share/turtle_interface/environment/library_path.dsv
[0.341s] -- Installing: /home/kgh/GITHUB/robit-ros2-homework/HW3/install/turtle_interface/lib/libturtle_interface__rosidl_generator_c.so
[0.341s] -- Set runtime path of "/home/kgh/GITHUB/robit-ros2-homework/HW3/install/turtle_interface/lib/libturtle_interface__rosidl_generator_c.so" to ""
[0.341s] -- Up-to-date: /home/kgh/GITHUB/robit-ros2-homework/HW3/install/turtle_interface/include/turtle_interface/turtle_interface
[0.341s] -- Up-to-date: /home/kgh/GITHUB/robit-ros2-homework/HW3/install/turtle_interface/include/turtle_interface/turtle_interface/msg
[0.341s] -- Up-to-date: /home/kgh/GITHUB/robit-ros2-homework/HW3/install/turtle_interface/include/turtle_interface/turtle_interface/msg/detail
[0.342s] -- Installing: /home/kgh/GITHUB/robit-ros2-homework/HW3/install/turtle_interface/include/turtle_interface/turtle_interface/msg/detail/num__rosidl_typesupport_fastrtps_c.h
[0.342s] -- Installing: /home/kgh/GITHUB/robit-ros2-homework/HW3/install/turtle_interface/include/turtle_interface/turtle_interface/msg/rosidl_typesupport_fastrtps_c__visibility_control.h
[0.342s] -- Installing: /home/kgh/GITHUB/robit-ros2-homework/HW3/install/turtle_interface/lib/libturtle_interface__rosidl_typesupport_fastrtps_c.so
[0.342s] -- Set runtime path of "/home/kgh/GITHUB/robit-ros2-homework/HW3/install/turtle_interface/lib/libturtle_interface__rosidl_typesupport_fastrtps_c.so" to ""
[0.342s] -- Up-to-date: /home/kgh/GITHUB/robit-ros2-homework/HW3/install/turtle_interface/include/turtle_interface/turtle_interface
[0.343s] -- Up-to-date: /home/kgh/GITHUB/robit-ros2-homework/HW3/install/turtle_interface/include/turtle_interface/turtle_interface/msg
[0.343s] -- Up-to-date: /home/kgh/GITHUB/robit-ros2-homework/HW3/install/turtle_interface/include/turtle_interface/turtle_interface/msg/detail
[0.343s] -- Installing: /home/kgh/GITHUB/robit-ros2-homework/HW3/install/turtle_interface/include/turtle_interface/turtle_interface/msg/detail/num__struct.hpp
[0.343s] -- Installing: /home/kgh/GITHUB/robit-ros2-homework/HW3/install/turtle_interface/include/turtle_interface/turtle_interface/msg/detail/num__builder.hpp
[0.343s] -- Installing: /home/kgh/GITHUB/robit-ros2-homework/HW3/install/turtle_interface/include/turtle_interface/turtle_interface/msg/detail/num__traits.hpp
[0.343s] -- Installing: /home/kgh/GITHUB/robit-ros2-homework/HW3/install/turtle_interface/include/turtle_interface/turtle_interface/msg/num.hpp
[0.343s] -- Up-to-date: /home/kgh/GITHUB/robit-ros2-homework/HW3/install/turtle_interface/include/turtle_interface/turtle_interface
[0.343s] -- Up-to-date: /home/kgh/GITHUB/robit-ros2-homework/HW3/install/turtle_interface/include/turtle_interface/turtle_interface/msg
[0.343s] -- Up-to-date: /home/kgh/GITHUB/robit-ros2-homework/HW3/install/turtle_interface/include/turtle_interface/turtle_interface/msg/detail
[0.343s] -- Installing: /home/kgh/GITHUB/robit-ros2-homework/HW3/install/turtle_interface/include/turtle_interface/turtle_interface/msg/detail/dds_fastrtps
[0.343s] -- Installing: /home/kgh/GITHUB/robit-ros2-homework/HW3/install/turtle_interface/include/turtle_interface/turtle_interface/msg/detail/num__rosidl_typesupport_fastrtps_cpp.hpp
[0.344s] -- Installing: /home/kgh/GITHUB/robit-ros2-homework/HW3/install/turtle_interface/include/turtle_interface/turtle_interface/msg/rosidl_typesupport_fastrtps_cpp__visibility_control.h
[0.344s] -- Installing: /home/kgh/GITHUB/robit-ros2-homework/HW3/install/turtle_interface/lib/libturtle_interface__rosidl_typesupport_fastrtps_cpp.so
[0.344s] -- Set runtime path of "/home/kgh/GITHUB/robit-ros2-homework/HW3/install/turtle_interface/lib/libturtle_interface__rosidl_typesupport_fastrtps_cpp.so" to ""
[0.344s] -- Up-to-date: /home/kgh/GITHUB/robit-ros2-homework/HW3/install/turtle_interface/include/turtle_interface/turtle_interface
[0.344s] -- Up-to-date: /home/kgh/GITHUB/robit-ros2-homework/HW3/install/turtle_interface/include/turtle_interface/turtle_interface/msg
[0.344s] -- Up-to-date: /home/kgh/GITHUB/robit-ros2-homework/HW3/install/turtle_interface/include/turtle_interface/turtle_interface/msg/detail
[0.344s] -- Installing: /home/kgh/GITHUB/robit-ros2-homework/HW3/install/turtle_interface/include/turtle_interface/turtle_interface/msg/detail/num__type_support.c
[0.344s] -- Installing: /home/kgh/GITHUB/robit-ros2-homework/HW3/install/turtle_interface/include/turtle_interface/turtle_interface/msg/detail/num__rosidl_typesupport_introspection_c.h
[0.344s] -- Installing: /home/kgh/GITHUB/robit-ros2-homework/HW3/install/turtle_interface/include/turtle_interface/turtle_interface/msg/rosidl_typesupport_introspection_c__visibility_control.h
[0.344s] -- Installing: /home/kgh/GITHUB/robit-ros2-homework/HW3/install/turtle_interface/lib/libturtle_interface__rosidl_typesupport_introspection_c.so
[0.344s] -- Set runtime path of "/home/kgh/GITHUB/robit-ros2-homework/HW3/install/turtle_interface/lib/libturtle_interface__rosidl_typesupport_introspection_c.so" to ""
[0.344s] -- Installing: /home/kgh/GITHUB/robit-ros2-homework/HW3/install/turtle_interface/lib/libturtle_interface__rosidl_typesupport_c.so
[0.344s] -- Set runtime path of "/home/kgh/GITHUB/robit-ros2-homework/HW3/install/turtle_interface/lib/libturtle_interface__rosidl_typesupport_c.so" to ""
[0.345s] -- Up-to-date: /home/kgh/GITHUB/robit-ros2-homework/HW3/install/turtle_interface/include/turtle_interface/turtle_interface
[0.345s] -- Up-to-date: /home/kgh/GITHUB/robit-ros2-homework/HW3/install/turtle_interface/include/turtle_interface/turtle_interface/msg
[0.345s] -- Up-to-date: /home/kgh/GITHUB/robit-ros2-homework/HW3/install/turtle_interface/include/turtle_interface/turtle_interface/msg/detail
[0.345s] -- Installing: /home/kgh/GITHUB/robit-ros2-homework/HW3/install/turtle_interface/include/turtle_interface/turtle_interface/msg/detail/num__type_support.cpp
[0.345s] -- Installing: /home/kgh/GITHUB/robit-ros2-homework/HW3/install/turtle_interface/include/turtle_interface/turtle_interface/msg/detail/num__rosidl_typesupport_introspection_cpp.hpp
[0.345s] -- Installing: /home/kgh/GITHUB/robit-ros2-homework/HW3/install/turtle_interface/lib/libturtle_interface__rosidl_typesupport_introspection_cpp.so
[0.345s] -- Set runtime path of "/home/kgh/GITHUB/robit-ros2-homework/HW3/install/turtle_interface/lib/libturtle_interface__rosidl_typesupport_introspection_cpp.so" to ""
[0.345s] -- Installing: /home/kgh/GITHUB/robit-ros2-homework/HW3/install/turtle_interface/lib/libturtle_interface__rosidl_typesupport_cpp.so
[0.345s] -- Set runtime path of "/home/kgh/GITHUB/robit-ros2-homework/HW3/install/turtle_interface/lib/libturtle_interface__rosidl_typesupport_cpp.so" to ""
[0.345s] -- Installing: /home/kgh/GITHUB/robit-ros2-homework/HW3/install/turtle_interface/share/turtle_interface/environment/pythonpath.sh
[0.345s] -- Installing: /home/kgh/GITHUB/robit-ros2-homework/HW3/install/turtle_interface/share/turtle_interface/environment/pythonpath.dsv
[0.345s] -- Installing: /home/kgh/GITHUB/robit-ros2-homework/HW3/install/turtle_interface/local/lib/python3.10/dist-packages/turtle_interface-0.0.0-py3.10.egg-info
[0.345s] -- Installing: /home/kgh/GITHUB/robit-ros2-homework/HW3/install/turtle_interface/local/lib/python3.10/dist-packages/turtle_interface-0.0.0-py3.10.egg-info/SOURCES.txt
[0.345s] -- Installing: /home/kgh/GITHUB/robit-ros2-homework/HW3/install/turtle_interface/local/lib/python3.10/dist-packages/turtle_interface-0.0.0-py3.10.egg-info/PKG-INFO
[0.346s] -- Installing: /home/kgh/GITHUB/robit-ros2-homework/HW3/install/turtle_interface/local/lib/python3.10/dist-packages/turtle_interface-0.0.0-py3.10.egg-info/dependency_links.txt
[0.346s] -- Installing: /home/kgh/GITHUB/robit-ros2-homework/HW3/install/turtle_interface/local/lib/python3.10/dist-packages/turtle_interface-0.0.0-py3.10.egg-info/top_level.txt
[0.346s] -- Installing: /home/kgh/GITHUB/robit-ros2-homework/HW3/install/turtle_interface/local/lib/python3.10/dist-packages/turtle_interface
[0.346s] -- Installing: /home/kgh/GITHUB/robit-ros2-homework/HW3/install/turtle_interface/local/lib/python3.10/dist-packages/turtle_interface/turtle_interface_s__rosidl_typesupport_c.cpython-310-x86_64-linux-gnu.so
[0.346s] -- Installing: /home/kgh/GITHUB/robit-ros2-homework/HW3/install/turtle_interface/local/lib/python3.10/dist-packages/turtle_interface/__init__.py
[0.346s] -- Installing: /home/kgh/GITHUB/robit-ros2-homework/HW3/install/turtle_interface/local/lib/python3.10/dist-packages/turtle_interface/turtle_interface_s__rosidl_typesupport_fastrtps_c.cpython-310-x86_64-linux-gnu.so
[0.346s] -- Installing: /home/kgh/GITHUB/robit-ros2-homework/HW3/install/turtle_interface/local/lib/python3.10/dist-packages/turtle_interface/libturtle_interface__rosidl_generator_py.so
[0.346s] -- Installing: /home/kgh/GITHUB/robit-ros2-homework/HW3/install/turtle_interface/local/lib/python3.10/dist-packages/turtle_interface/turtle_interface_s__rosidl_typesupport_introspection_c.cpython-310-x86_64-linux-gnu.so
[0.346s] -- Installing: /home/kgh/GITHUB/robit-ros2-homework/HW3/install/turtle_interface/local/lib/python3.10/dist-packages/turtle_interface/_turtle_interface_s.ep.rosidl_typesupport_c.c
[0.346s] -- Installing: /home/kgh/GITHUB/robit-ros2-homework/HW3/install/turtle_interface/local/lib/python3.10/dist-packages/turtle_interface/_turtle_interface_s.ep.rosidl_typesupport_fastrtps_c.c
[0.346s] -- Installing: /home/kgh/GITHUB/robit-ros2-homework/HW3/install/turtle_interface/local/lib/python3.10/dist-packages/turtle_interface/_turtle_interface_s.ep.rosidl_typesupport_introspection_c.c
[0.346s] -- Installing: /home/kgh/GITHUB/robit-ros2-homework/HW3/install/turtle_interface/local/lib/python3.10/dist-packages/turtle_interface/msg
[0.346s] -- Installing: /home/kgh/GITHUB/robit-ros2-homework/HW3/install/turtle_interface/local/lib/python3.10/dist-packages/turtle_interface/msg/__init__.py
[0.346s] -- Installing: /home/kgh/GITHUB/robit-ros2-homework/HW3/install/turtle_interface/local/lib/python3.10/dist-packages/turtle_interface/msg/_num_s.c
[0.347s] -- Installing: /home/kgh/GITHUB/robit-ros2-homework/HW3/install/turtle_interface/local/lib/python3.10/dist-packages/turtle_interface/msg/_num.py
[0.367s] Listing '/home/kgh/GITHUB/robit-ros2-homework/HW3/install/turtle_interface/local/lib/python3.10/dist-packages/turtle_interface'...
[0.368s] Compiling '/home/kgh/GITHUB/robit-ros2-homework/HW3/install/turtle_interface/local/lib/python3.10/dist-packages/turtle_interface/__init__.py'...
[0.368s] Listing '/home/kgh/GITHUB/robit-ros2-homework/HW3/install/turtle_interface/local/lib/python3.10/dist-packages/turtle_interface/msg'...
[0.368s] Compiling '/home/kgh/GITHUB/robit-ros2-homework/HW3/install/turtle_interface/local/lib/python3.10/dist-packages/turtle_interface/msg/__init__.py'...
[0.368s] Compiling '/home/kgh/GITHUB/robit-ros2-homework/HW3/install/turtle_interface/local/lib/python3.10/dist-packages/turtle_interface/msg/_num.py'...
[0.371s] -- Installing: /home/kgh/GITHUB/robit-ros2-homework/HW3/install/turtle_interface/local/lib/python3.10/dist-packages/turtle_interface/turtle_interface_s__rosidl_typesupport_fastrtps_c.cpython-310-x86_64-linux-gnu.so
[0.371s] -- Set runtime path of "/home/kgh/GITHUB/robit-ros2-homework/HW3/install/turtle_interface/local/lib/python3.10/dist-packages/turtle_interface/turtle_interface_s__rosidl_typesupport_fastrtps_c.cpython-310-x86_64-linux-gnu.so" to ""
[0.371s] -- Installing: /home/kgh/GITHUB/robit-ros2-homework/HW3/install/turtle_interface/local/lib/python3.10/dist-packages/turtle_interface/turtle_interface_s__rosidl_typesupport_introspection_c.cpython-310-x86_64-linux-gnu.so
[0.371s] -- Set runtime path of "/home/kgh/GITHUB/robit-ros2-homework/HW3/install/turtle_interface/local/lib/python3.10/dist-packages/turtle_interface/turtle_interface_s__rosidl_typesupport_introspection_c.cpython-310-x86_64-linux-gnu.so" to ""
[0.371s] -- Installing: /home/kgh/GITHUB/robit-ros2-homework/HW3/install/turtle_interface/local/lib/python3.10/dist-packages/turtle_interface/turtle_interface_s__rosidl_typesupport_c.cpython-310-x86_64-linux-gnu.so
[0.371s] -- Set runtime path of "/home/kgh/GITHUB/robit-ros2-homework/HW3/install/turtle_interface/local/lib/python3.10/dist-packages/turtle_interface/turtle_interface_s__rosidl_typesupport_c.cpython-310-x86_64-linux-gnu.so" to ""
[0.371s] -- Installing: /home/kgh/GITHUB/robit-ros2-homework/HW3/install/turtle_interface/lib/libturtle_interface__rosidl_generator_py.so
[0.372s] -- Set runtime path of "/home/kgh/GITHUB/robit-ros2-homework/HW3/install/turtle_interface/lib/libturtle_interface__rosidl_generator_py.so" to ""
[0.372s] -- Installing: /home/kgh/GITHUB/robit-ros2-homework/HW3/install/turtle_interface/share/turtle_interface/msg/Num.idl
[0.372s] -- Installing: /home/kgh/GITHUB/robit-ros2-homework/HW3/install/turtle_interface/share/turtle_interface/msg/Num.msg
[0.372s] -- Installing: /home/kgh/GITHUB/robit-ros2-homework/HW3/install/turtle_interface/share/ament_index/resource_index/package_run_dependencies/turtle_interface
[0.372s] -- Installing: /home/kgh/GITHUB/robit-ros2-homework/HW3/install/turtle_interface/share/ament_index/resource_index/parent_prefix_path/turtle_interface
[0.372s] -- Installing: /home/kgh/GITHUB/robit-ros2-homework/HW3/install/turtle_interface/share/turtle_interface/environment/ament_prefix_path.sh
[0.372s] -- Installing: /home/kgh/GITHUB/robit-ros2-homework/HW3/install/turtle_interface/share/turtle_interface/environment/ament_prefix_path.dsv
[0.372s] -- Installing: /home/kgh/GITHUB/robit-ros2-homework/HW3/install/turtle_interface/share/turtle_interface/environment/path.sh
[0.373s] -- Installing: /home/kgh/GITHUB/robit-ros2-homework/HW3/install/turtle_interface/share/turtle_interface/environment/path.dsv
[0.373s] -- Installing: /home/kgh/GITHUB/robit-ros2-homework/HW3/install/turtle_interface/share/turtle_interface/local_setup.bash
[0.373s] -- Installing: /home/kgh/GITHUB/robit-ros2-homework/HW3/install/turtle_interface/share/turtle_interface/local_setup.sh
[0.373s] -- Installing: /home/kgh/GITHUB/robit-ros2-homework/HW3/install/turtle_interface/share/turtle_interface/local_setup.zsh
[0.373s] -- Installing: /home/kgh/GITHUB/robit-ros2-homework/HW3/install/turtle_interface/share/turtle_interface/local_setup.dsv
[0.373s] -- Installing: /home/kgh/GITHUB/robit-ros2-homework/HW3/install/turtle_interface/share/turtle_interface/package.dsv
[0.373s] -- Installing: /home/kgh/GITHUB/robit-ros2-homework/HW3/install/turtle_interface/share/ament_index/resource_index/packages/turtle_interface
[0.373s] -- Installing: /home/kgh/GITHUB/robit-ros2-homework/HW3/install/turtle_interface/share/turtle_interface/cmake/export_turtle_interface__rosidl_generator_cExport.cmake
[0.373s] -- Installing: /home/kgh/GITHUB/robit-ros2-homework/HW3/install/turtle_interface/share/turtle_interface/cmake/export_turtle_interface__rosidl_generator_cExport-noconfig.cmake
[0.373s] -- Installing: /home/kgh/GITHUB/robit-ros2-homework/HW3/install/turtle_interface/share/turtle_interface/cmake/export_turtle_interface__rosidl_typesupport_fastrtps_cExport.cmake
[0.374s] -- Installing: /home/kgh/GITHUB/robit-ros2-homework/HW3/install/turtle_interface/share/turtle_interface/cmake/export_turtle_interface__rosidl_typesupport_fastrtps_cExport-noconfig.cmake
[0.374s] -- Installing: /home/kgh/GITHUB/robit-ros2-homework/HW3/install/turtle_interface/share/turtle_interface/cmake/export_turtle_interface__rosidl_generator_cppExport.cmake
[0.374s] -- Installing: /home/kgh/GITHUB/robit-ros2-homework/HW3/install/turtle_interface/share/turtle_interface/cmake/export_turtle_interface__rosidl_typesupport_fastrtps_cppExport.cmake
[0.374s] -- Installing: /home/kgh/GITHUB/robit-ros2-homework/HW3/install/turtle_interface/share/turtle_interface/cmake/export_turtle_interface__rosidl_typesupport_fastrtps_cppExport-noconfig.cmake
[0.374s] -- Installing: /home/kgh/GITHUB/robit-ros2-homework/HW3/install/turtle_interface/share/turtle_interface/cmake/turtle_interface__rosidl_typesupport_introspection_cExport.cmake
[0.374s] -- Installing: /home/kgh/GITHUB/robit-ros2-homework/HW3/install/turtle_interface/share/turtle_interface/cmake/turtle_interface__rosidl_typesupport_introspection_cExport-noconfig.cmake
[0.374s] -- Installing: /home/kgh/GITHUB/robit-ros2-homework/HW3/install/turtle_interface/share/turtle_interface/cmake/turtle_interface__rosidl_typesupport_cExport.cmake
[0.374s] -- Installing: /home/kgh/GITHUB/robit-ros2-homework/HW3/install/turtle_interface/share/turtle_interface/cmake/turtle_interface__rosidl_typesupport_cExport-noconfig.cmake
[0.374s] -- Installing: /home/kgh/GITHUB/robit-ros2-homework/HW3/install/turtle_interface/share/turtle_interface/cmake/turtle_interface__rosidl_typesupport_introspection_cppExport.cmake
[0.374s] -- Installing: /home/kgh/GITHUB/robit-ros2-homework/HW3/install/turtle_interface/share/turtle_interface/cmake/turtle_interface__rosidl_typesupport_introspection_cppExport-noconfig.cmake
[0.374s] -- Installing: /home/kgh/GITHUB/robit-ros2-homework/HW3/install/turtle_interface/share/turtle_interface/cmake/turtle_interface__rosidl_typesupport_cppExport.cmake
[0.375s] -- Installing: /home/kgh/GITHUB/robit-ros2-homework/HW3/install/turtle_interface/share/turtle_interface/cmake/turtle_interface__rosidl_typesupport_cppExport-noconfig.cmake
[0.375s] -- Installing: /home/kgh/GITHUB/robit-ros2-homework/HW3/install/turtle_interface/share/turtle_interface/cmake/export_turtle_interface__rosidl_generator_pyExport.cmake
[0.375s] -- Installing: /home/kgh/GITHUB/robit-ros2-homework/HW3/install/turtle_interface/share/turtle_interface/cmake/export_turtle_interface__rosidl_generator_pyExport-noconfig.cmake
[0.375s] -- Installing: /home/kgh/GITHUB/robit-ros2-homework/HW3/install/turtle_interface/share/turtle_interface/cmake/rosidl_cmake-extras.cmake
[0.375s] -- Installing: /home/kgh/GITHUB/robit-ros2-homework/HW3/install/turtle_interface/share/turtle_interface/cmake/ament_cmake_export_include_directories-extras.cmake
[0.375s] -- Installing: /home/kgh/GITHUB/robit-ros2-homework/HW3/install/turtle_interface/share/turtle_interface/cmake/ament_cmake_export_libraries-extras.cmake
[0.375s] -- Installing: /home/kgh/GITHUB/robit-ros2-homework/HW3/install/turtle_interface/share/turtle_interface/cmake/ament_cmake_export_targets-extras.cmake
[0.375s] -- Installing: /home/kgh/GITHUB/robit-ros2-homework/HW3/install/turtle_interface/share/turtle_interface/cmake/rosidl_cmake_export_typesupport_targets-extras.cmake
[0.375s] -- Installing: /home/kgh/GITHUB/robit-ros2-homework/HW3/install/turtle_interface/share/turtle_interface/cmake/ament_cmake_export_dependencies-extras.cmake
[0.375s] -- Installing: /home/kgh/GITHUB/robit-ros2-homework/HW3/install/turtle_interface/share/turtle_interface/cmake/rosidl_cmake_export_typesupport_libraries-extras.cmake
[0.375s] -- Installing: /home/kgh/GITHUB/robit-ros2-homework/HW3/install/turtle_interface/share/turtle_interface/cmake/turtle_interfaceConfig.cmake
[0.375s] -- Installing: /home/kgh/GITHUB/robit-ros2-homework/HW3/install/turtle_interface/share/turtle_interface/cmake/turtle_interfaceConfig-version.cmake
[0.376s] -- Installing: /home/kgh/GITHUB/robit-ros2-homework/HW3/install/turtle_interface/share/turtle_interface/package.xml
[0.378s] Invoked command in '/home/kgh/GITHUB/robit-ros2-homework/HW3/build/turtle_interface' returned '0': CMAKE_PREFIX_PATH=${CMAKE_PREFIX_PATH}:/opt/ros/humble /usr/bin/cmake --install /home/kgh/GITHUB/robit-ros2-homework/HW3/build/turtle_interface
