[0.007s] Invoking command in '/home/kgh/GITHUB/robit-ros2-homework/HW4/moving/build/moving': CMAKE_PREFIX_PATH=${CMAKE_PREFIX_PATH}:/opt/ros/humble /usr/bin/cmake --build /home/kgh/GITHUB/robit-ros2-homework/HW4/moving/build/moving -- -j20 -l20
[0.051s] [  9%] [32mBuilding CXX object CMakeFiles/moving_node.dir/src/main.cpp.o[0m
[0.051s] [ 18%] [32mBuilding CXX object CMakeFiles/moving_node.dir/src/mainwindow.cpp.o[0m
[0.052s] [ 27%] [32mBuilding CXX object CMakeFiles/moving_node.dir/src/qnode.cpp.o[0m
[0.052s] [ 36%] [32mBuilding CXX object CMakeFiles/moving_node.dir/include/moving/moc_mainwindow.cpp.o[0m
[0.137s] In file included from [01m[K/home/kgh/GITHUB/robit-ros2-homework/HW4/moving/build/moving/include/moving/moc_mainwindow.cpp:10[m[K:
[0.137s] [01m[K/home/kgh/GITHUB/robit-ros2-homework/HW4/moving/build/moving/include/moving/../../../../include/moving/mainwindow.hpp:6:10:[m[K [01;31m[Kfatal error: [m[K../include/button/qnode.hpp: No such file or directory
[0.137s]     6 | #include [01;31m[K"../include/button/qnode.hpp"[m[K // QNode 헤더 포함
[0.138s]       |          [01;31m[K^~~~~~~~~~~~~~~~~~~~~~~~~~~~~[m[K
[0.138s] compilation terminated.
[0.140s] gmake[2]: *** [CMakeFiles/moving_node.dir/build.make:138: CMakeFiles/moving_node.dir/include/moving/moc_mainwindow.cpp.o] Error 1
[0.140s] gmake[2]: *** Waiting for unfinished jobs....
[0.142s] In file included from [01m[K/home/kgh/GITHUB/robit-ros2-homework/HW4/moving/src/mainwindow.cpp:1[m[K:
[0.142s] [01m[K/home/kgh/GITHUB/robit-ros2-homework/HW4/moving/src/../include/moving/mainwindow.hpp:6:10:[m[K [01;31m[Kfatal error: [m[K../include/button/qnode.hpp: No such file or directory
[0.142s]     6 | #include [01;31m[K"../include/button/qnode.hpp"[m[K // QNode 헤더 포함
[0.142s]       |          [01;31m[K^~~~~~~~~~~~~~~~~~~~~~~~~~~~~[m[K
[0.143s] compilation terminated.
[0.144s] gmake[2]: *** [CMakeFiles/moving_node.dir/build.make:110: CMakeFiles/moving_node.dir/src/mainwindow.cpp.o] Error 1
[0.153s] In file included from [01m[K/home/kgh/GITHUB/robit-ros2-homework/HW4/moving/src/main.cpp:4[m[K:
[0.153s] [01m[K/home/kgh/GITHUB/robit-ros2-homework/HW4/moving/src/../include/moving/mainwindow.hpp:6:10:[m[K [01;31m[Kfatal error: [m[K../include/button/qnode.hpp: No such file or directory
[0.153s]     6 | #include [01;31m[K"../include/button/qnode.hpp"[m[K // QNode 헤더 포함
[0.153s]       |          [01;31m[K^~~~~~~~~~~~~~~~~~~~~~~~~~~~~[m[K
[0.153s] compilation terminated.
[0.155s] gmake[2]: *** [CMakeFiles/moving_node.dir/build.make:96: CMakeFiles/moving_node.dir/src/main.cpp.o] Error 1
[1.337s] [01m[K/home/kgh/GITHUB/robit-ros2-homework/HW4/moving/src/qnode.cpp:55:25:[m[K [01;31m[Kerror: [m[Kno declaration matches ‘[01m[Krclcpp::Node::SharedPtr QNode::getNode() const[m[K’
[1.337s]    55 | rclcpp::Node::SharedPtr [01;31m[KQNode[m[K::getNode() const {
[1.337s]       |                         [01;31m[K^~~~~[m[K
[1.337s] [01m[K/home/kgh/GITHUB/robit-ros2-homework/HW4/moving/src/qnode.cpp:55:25:[m[K [01;36m[Knote: [m[Kno functions named ‘[01m[Krclcpp::Node::SharedPtr QNode::getNode() const[m[K’
[1.337s] In file included from [01m[K/home/kgh/GITHUB/robit-ros2-homework/HW4/moving/src/qnode.cpp:1[m[K:
[1.337s] [01m[K/home/kgh/GITHUB/robit-ros2-homework/HW4/moving/src/../include/moving/qnode.hpp:9:7:[m[K [01;36m[Knote: [m[K‘[01m[Kclass QNode[m[K’ defined here
[1.337s]     9 | class [01;36m[KQNode[m[K : public QThread
[1.337s]       |       [01;36m[K^~~~~[m[K
[2.596s] gmake[2]: *** [CMakeFiles/moving_node.dir/build.make:124: CMakeFiles/moving_node.dir/src/qnode.cpp.o] Error 1
[2.596s] gmake[1]: *** [CMakeFiles/Makefile2:137: CMakeFiles/moving_node.dir/all] Error 2
[2.596s] gmake: *** [Makefile:146: all] Error 2
[2.599s] Invoked command in '/home/kgh/GITHUB/robit-ros2-homework/HW4/moving/build/moving' returned '2': CMAKE_PREFIX_PATH=${CMAKE_PREFIX_PATH}:/opt/ros/humble /usr/bin/cmake --build /home/kgh/GITHUB/robit-ros2-homework/HW4/moving/build/moving -- -j20 -l20
