[0.006s] Invoking command in '/home/kgh/GITHUB/robit-ros2-homework/HW4/moving/build/moving': CMAKE_PREFIX_PATH=${CMAKE_PREFIX_PATH}:/opt/ros/humble /usr/bin/cmake --build /home/kgh/GITHUB/robit-ros2-homework/HW4/moving/build/moving -- -j20 -l20
[0.039s] [35m[1mConsolidate compiler generated dependencies of target moving_node[0m
[0.061s] [  9%] [32mBuilding CXX object CMakeFiles/moving_node.dir/src/mainwindow.cpp.o[0m
[1.519s] [01m[K/home/kgh/GITHUB/robit-ros2-homework/HW4/moving/src/mainwindow.cpp:68:1:[m[K [01;31m[Kerror: [m[Kexpected ‘[01m[K,[m[K’ or ‘[01m[K...[m[K’ before ‘[01m[K}[m[K’ token
[1.520s]    68 | [01;31m[K}[m[K
[1.520s]       | [01;31m[K^[m[K
[1.520s] [01m[K/home/kgh/GITHUB/robit-ros2-homework/HW4/moving/src/mainwindow.cpp:65:44:[m[K [01;31m[Kerror: [m[Kexpected ‘[01m[K)[m[K’ before ‘[01m[K}[m[K’ token
[1.520s]    65 | nWindow::keyReleaseEvent[34m[K([m[KQKeyEvent*[01;31m[K [m[K//event) {
[1.520s]       |                         [34m[K~[m[K          [01;31m[K^[m[K
[1.520s]       |                                    [32m[K)[m[K
[1.520s] ......
[1.520s]    68 | 
[1.520s]       |                                     
[1.520s] 
[1.520s] [01m[K/home/kgh/GITHUB/robit-ros2-homework/HW4/moving/src/mainwindow.cpp:68:1:[m[K [01;31m[Kerror: [m[Kexpected initializer before ‘[01m[K}[m[K’ token
[1.520s]    68 | [01;31m[K}[m[K
[1.520s]       | [01;31m[K^[m[K
[1.520s] [01m[K/home/kgh/GITHUB/robit-ros2-homework/HW4/moving/src/mainwindow.cpp:68:1:[m[K [01;31m[Kerror: [m[Kexpected declaration before ‘[01m[K}[m[K’ token
[2.004s] gmake[2]: *** [CMakeFiles/moving_node.dir/build.make:110: CMakeFiles/moving_node.dir/src/mainwindow.cpp.o] Error 1
[2.004s] gmake[1]: *** [CMakeFiles/Makefile2:137: CMakeFiles/moving_node.dir/all] Error 2
[2.004s] gmake: *** [Makefile:146: all] Error 2
[2.007s] Invoked command in '/home/kgh/GITHUB/robit-ros2-homework/HW4/moving/build/moving' returned '2': CMAKE_PREFIX_PATH=${CMAKE_PREFIX_PATH}:/opt/ros/humble /usr/bin/cmake --build /home/kgh/GITHUB/robit-ros2-homework/HW4/moving/build/moving -- -j20 -l20
