[0.007s] Invoking command in '/home/kgh/GITHUB/robit-ros2-homework/HW4/moving/build/moving': CMAKE_PREFIX_PATH=${CMAKE_PREFIX_PATH}:/opt/ros/humble /usr/bin/cmake --build /home/kgh/GITHUB/robit-ros2-homework/HW4/moving/build/moving -- -j20 -l20
[0.047s] [35m[1mConsolidate compiler generated dependencies of target moving_node[0m
[0.072s] [  9%] [32mBuilding CXX object CMakeFiles/moving_node.dir/src/qnode.cpp.o[0m
[4.669s] [ 18%] [32m[1mLinking CXX executable moving_node[0m
[5.114s] [100%] Built target moving_node
[5.125s] Invoked command in '/home/kgh/GITHUB/robit-ros2-homework/HW4/moving/build/moving' returned '0': CMAKE_PREFIX_PATH=${CMAKE_PREFIX_PATH}:/opt/ros/humble /usr/bin/cmake --build /home/kgh/GITHUB/robit-ros2-homework/HW4/moving/build/moving -- -j20 -l20
[5.161s] Invoking command in '/home/kgh/GITHUB/robit-ros2-homework/HW4/moving/build/moving': CMAKE_PREFIX_PATH=${CMAKE_PREFIX_PATH}:/opt/ros/humble /usr/bin/cmake --install /home/kgh/GITHUB/robit-ros2-homework/HW4/moving/build/moving
[5.166s] -- Install configuration: ""
[5.166s] -- Installing: /home/kgh/GITHUB/robit-ros2-homework/HW4/moving/install/moving/lib/moving/moving_node
[5.169s] -- Set runtime path of "/home/kgh/GITHUB/robit-ros2-homework/HW4/moving/install/moving/lib/moving/moving_node" to ""
[5.169s] -- Up-to-date: /home/kgh/GITHUB/robit-ros2-homework/HW4/moving/install/moving/include/moving
[5.169s] -- Up-to-date: /home/kgh/GITHUB/robit-ros2-homework/HW4/moving/install/moving/include/moving/moving
[5.169s] -- Up-to-date: /home/kgh/GITHUB/robit-ros2-homework/HW4/moving/install/moving/include/moving/moving/mainwindow.hpp
[5.169s] -- Up-to-date: /home/kgh/GITHUB/robit-ros2-homework/HW4/moving/install/moving/include/moving/moving/qnode.hpp
[5.169s] -- Up-to-date: /home/kgh/GITHUB/robit-ros2-homework/HW4/moving/install/moving/share/ament_index/resource_index/package_run_dependencies/moving
[5.169s] -- Up-to-date: /home/kgh/GITHUB/robit-ros2-homework/HW4/moving/install/moving/share/ament_index/resource_index/parent_prefix_path/moving
[5.169s] -- Up-to-date: /home/kgh/GITHUB/robit-ros2-homework/HW4/moving/install/moving/share/moving/environment/ament_prefix_path.sh
[5.170s] -- Up-to-date: /home/kgh/GITHUB/robit-ros2-homework/HW4/moving/install/moving/share/moving/environment/ament_prefix_path.dsv
[5.170s] -- Up-to-date: /home/kgh/GITHUB/robit-ros2-homework/HW4/moving/install/moving/share/moving/environment/path.sh
[5.170s] -- Up-to-date: /home/kgh/GITHUB/robit-ros2-homework/HW4/moving/install/moving/share/moving/environment/path.dsv
[5.170s] -- Up-to-date: /home/kgh/GITHUB/robit-ros2-homework/HW4/moving/install/moving/share/moving/local_setup.bash
[5.170s] -- Up-to-date: /home/kgh/GITHUB/robit-ros2-homework/HW4/moving/install/moving/share/moving/local_setup.sh
[5.170s] -- Up-to-date: /home/kgh/GITHUB/robit-ros2-homework/HW4/moving/install/moving/share/moving/local_setup.zsh
[5.170s] -- Up-to-date: /home/kgh/GITHUB/robit-ros2-homework/HW4/moving/install/moving/share/moving/local_setup.dsv
[5.170s] -- Installing: /home/kgh/GITHUB/robit-ros2-homework/HW4/moving/install/moving/share/moving/package.dsv
[5.170s] -- Up-to-date: /home/kgh/GITHUB/robit-ros2-homework/HW4/moving/install/moving/share/ament_index/resource_index/packages/moving
[5.170s] -- Up-to-date: /home/kgh/GITHUB/robit-ros2-homework/HW4/moving/install/moving/share/moving/cmake/movingConfig.cmake
[5.170s] -- Up-to-date: /home/kgh/GITHUB/robit-ros2-homework/HW4/moving/install/moving/share/moving/cmake/movingConfig-version.cmake
[5.170s] -- Up-to-date: /home/kgh/GITHUB/robit-ros2-homework/HW4/moving/install/moving/share/moving/package.xml
[5.171s] Invoked command in '/home/kgh/GITHUB/robit-ros2-homework/HW4/moving/build/moving' returned '0': CMAKE_PREFIX_PATH=${CMAKE_PREFIX_PATH}:/opt/ros/humble /usr/bin/cmake --install /home/kgh/GITHUB/robit-ros2-homework/HW4/moving/build/moving
