[0.006s] Invoking command in '/home/kgh/GITHUB/robit-ros2-homework/HW4/moving/build/moving': /usr/bin/cmake /home/kgh/GITHUB/robit-ros2-homework/HW4/moving -DCMAKE_INSTALL_PREFIX=/home/kgh/GITHUB/robit-ros2-homework/HW4/moving/install/moving
[0.014s] -- Found ament_cmake: 1.3.10 (/opt/ros/humble/share/ament_cmake/cmake)
[0.080s] -- Found rclcpp: 16.0.10 (/opt/ros/humble/share/rclcpp/cmake)
[0.094s] -- Found rosidl_generator_c: 3.1.5 (/opt/ros/humble/share/rosidl_generator_c/cmake)
[0.095s] -- Found rosidl_adapter: 3.1.5 (/opt/ros/humble/share/rosidl_adapter/cmake)
[0.098s] -- Found rosidl_generator_cpp: 3.1.5 (/opt/ros/humble/share/rosidl_generator_cpp/cmake)
[0.103s] -- Using all available rosidl_typesupport_c: rosidl_typesupport_fastrtps_c;rosidl_typesupport_introspection_c
[0.111s] -- Using all available rosidl_typesupport_cpp: rosidl_typesupport_fastrtps_cpp;rosidl_typesupport_introspection_cpp
[0.134s] -- Found rmw_implementation_cmake: 6.1.2 (/opt/ros/humble/share/rmw_implementation_cmake/cmake)
[0.135s] -- Found rmw_fastrtps_cpp: 6.2.7 (/opt/ros/humble/share/rmw_fastrtps_cpp/cmake)
[0.195s] -- Found OpenSSL: /usr/lib/x86_64-linux-gnu/libcrypto.so (found version "3.0.2")  
[0.211s] -- Found FastRTPS: /opt/ros/humble/include  
[0.235s] -- Using RMW implementation 'rmw_fastrtps_cpp' as default
[0.238s] -- Looking for pthread.h
[0.290s] -- Looking for pthread.h - found
[0.291s] -- Performing Test CMAKE_HAVE_LIBC_PTHREAD
[0.351s] -- Performing Test CMAKE_HAVE_LIBC_PTHREAD - Success
[0.352s] -- Found Threads: TRUE  
[0.384s] -- Found Qt5: 5.15.3
[0.385s] -- Found ament_lint_auto: 0.12.11 (/opt/ros/humble/share/ament_lint_auto/cmake)
[0.419s] Error parsing '/home/kgh/GITHUB/robit-ros2-homework/HW4/moving/package.xml':
[0.443s] Traceback (most recent call last):
[0.443s]   File "/opt/ros/humble/share/ament_cmake_core/cmake/core/package_xml_2_cmake.py", line 150, in <module>
[0.443s]     main()
[0.443s]   File "/opt/ros/humble/share/ament_cmake_core/cmake/core/package_xml_2_cmake.py", line 53, in main
[0.443s]     raise e
[0.443s]   File "/opt/ros/humble/share/ament_cmake_core/cmake/core/package_xml_2_cmake.py", line 49, in main
[0.443s]     package = parse_package_string(
[0.443s]   File "/usr/lib/python3/dist-packages/catkin_pkg/package.py", line 786, in parse_package_string
[0.453s]     raise InvalidPackage('Error(s):%s' % (''.join(['\n- %s' % e for e in errors])), filename)
[0.453s] catkin_pkg.package.InvalidPackage: Error(s) in package '/home/kgh/GITHUB/robit-ros2-homework/HW4/moving/package.xml':
[0.453s] Error(s):
[0.453s] - The manifest of package "moving" (with format version 1) must not contain the following tags: depend
[0.460s] [31mCMake Error at /opt/ros/humble/share/ament_cmake_core/cmake/core/ament_package_xml.cmake:95 (message):
[0.460s]   execute_process(/usr/bin/python3
[0.460s]   /opt/ros/humble/share/ament_cmake_core/cmake/core/package_xml_2_cmake.py
[0.460s]   /home/kgh/GITHUB/robit-ros2-homework/HW4/moving/package.xml
[0.460s]   /home/kgh/GITHUB/robit-ros2-homework/HW4/moving/build/moving/ament_cmake_core/package.cmake)
[0.460s]   returned error code 1
[0.460s] Call Stack (most recent call first):
[0.460s]   /opt/ros/humble/share/ament_cmake_core/cmake/core/ament_package_xml.cmake:49 (_ament_package_xml)
[0.460s]   /opt/ros/humble/share/ament_lint_auto/cmake/ament_lint_auto_find_test_dependencies.cmake:31 (ament_package_xml)
[0.461s]   CMakeLists.txt:88 (ament_lint_auto_find_test_dependencies)
[0.461s] 
[0.461s] [0m
[0.461s] -- Configuring incomplete, errors occurred!
[0.461s] See also "/home/kgh/GITHUB/robit-ros2-homework/HW4/moving/build/moving/CMakeFiles/CMakeOutput.log".
[0.465s] Invoked command in '/home/kgh/GITHUB/robit-ros2-homework/HW4/moving/build/moving' returned '1': /usr/bin/cmake /home/kgh/GITHUB/robit-ros2-homework/HW4/moving -DCMAKE_INSTALL_PREFIX=/home/kgh/GITHUB/robit-ros2-homework/HW4/moving/install/moving
