[0.011s] Invoking command in '/home/kgh/GITHUB/robit-ros2-homework/HW3/build/turtle_interface': CMAKE_PREFIX_PATH=${CMAKE_PREFIX_PATH}:/opt/ros/humble /usr/bin/cmake --build /home/kgh/GITHUB/robit-ros2-homework/HW3/build/turtle_interface -- -j20 -l20
[0.051s] [  3%] [34m[1mGenerating C code for ROS interfaces[0m
[0.056s] [  6%] [34m[1mGenerating C++ code for ROS interfaces[0m
[0.068s] [  6%] Built target ament_cmake_python_copy_turtle_interface
[0.251s] running egg_info
[0.252s] creating turtle_interface.egg-info
[0.253s] writing turtle_interface.egg-info/PKG-INFO
[0.253s] writing dependency_links to turtle_interface.egg-info/dependency_links.txt
[0.253s] writing top-level names to turtle_interface.egg-info/top_level.txt
[0.253s] writing manifest file 'turtle_interface.egg-info/SOURCES.txt'
[0.256s] reading manifest file 'turtle_interface.egg-info/SOURCES.txt'
[0.256s] writing manifest file 'turtle_interface.egg-info/SOURCES.txt'
[0.262s] [  9%] [32mBuilding C object CMakeFiles/turtle_interface__rosidl_generator_c.dir/rosidl_generator_c/turtle_interface/msg/detail/num__functions.c.o[0m
[0.264s] [  9%] Built target turtle_interface__cpp
[0.277s] [ 16%] [34m[1mGenerating C++ introspection for ROS interfaces[0m
[0.277s] [ 16%] [34m[1mGenerating C++ type support for eProsima Fast-RTPS[0m
[0.277s] [ 19%] [34m[1mGenerating C++ type support dispatch for ROS interfaces[0m
[0.287s] [ 19%] Built target ament_cmake_python_build_turtle_interface_egg
[0.308s] [ 22%] [32m[1mLinking C shared library libturtle_interface__rosidl_generator_c.so[0m
[0.351s] [ 22%] Built target turtle_interface__rosidl_generator_c
[0.365s] [ 32%] [34m[1mGenerating C introspection for ROS interfaces[0m
[0.365s] [ 32%] [34m[1mGenerating C type support for eProsima Fast-RTPS[0m
[0.365s] [ 32%] [34m[1mGenerating C type support dispatch for ROS interfaces[0m
[0.484s] [ 35%] [32mBuilding CXX object CMakeFiles/turtle_interface__rosidl_typesupport_cpp.dir/rosidl_typesupport_cpp/turtle_interface/msg/num__type_support.cpp.o[0m
[0.500s] [ 38%] [32mBuilding CXX object CMakeFiles/turtle_interface__rosidl_typesupport_introspection_cpp.dir/rosidl_typesupport_introspection_cpp/turtle_interface/msg/detail/num__type_support.cpp.o[0m
[0.519s] [ 41%] [32mBuilding CXX object CMakeFiles/turtle_interface__rosidl_typesupport_fastrtps_cpp.dir/rosidl_typesupport_fastrtps_cpp/turtle_interface/msg/detail/dds_fastrtps/num__type_support.cpp.o[0m
[0.592s] [ 45%] [32mBuilding CXX object CMakeFiles/turtle_interface__rosidl_typesupport_fastrtps_c.dir/rosidl_typesupport_fastrtps_c/turtle_interface/msg/detail/num__type_support_c.cpp.o[0m
[0.595s] [ 48%] [32mBuilding CXX object CMakeFiles/turtle_interface__rosidl_typesupport_c.dir/rosidl_typesupport_c/turtle_interface/msg/num__type_support.cpp.o[0m
[0.596s] [ 51%] [32mBuilding C object CMakeFiles/turtle_interface__rosidl_typesupport_introspection_c.dir/rosidl_typesupport_introspection_c/turtle_interface/msg/detail/num__type_support.c.o[0m
[0.634s] [ 54%] [32m[1mLinking C shared library libturtle_interface__rosidl_typesupport_introspection_c.so[0m
[0.635s] [ 58%] [32m[1mLinking CXX shared library libturtle_interface__rosidl_typesupport_c.so[0m
[0.667s] [ 58%] Built target turtle_interface__rosidl_typesupport_introspection_c
[0.685s] [ 58%] Built target turtle_interface__rosidl_typesupport_c
[0.705s] [ 61%] [32m[1mLinking CXX shared library libturtle_interface__rosidl_typesupport_cpp.so[0m
[0.747s] [ 61%] Built target turtle_interface__rosidl_typesupport_cpp
[0.827s] [ 64%] [32m[1mLinking CXX shared library libturtle_interface__rosidl_typesupport_fastrtps_cpp.so[0m
[0.839s] [ 67%] [32m[1mLinking CXX shared library libturtle_interface__rosidl_typesupport_fastrtps_c.so[0m
[0.841s] [ 70%] [32m[1mLinking CXX shared library libturtle_interface__rosidl_typesupport_introspection_cpp.so[0m
[0.878s] [ 70%] Built target turtle_interface__rosidl_typesupport_introspection_cpp
[0.889s] [ 70%] Built target turtle_interface__rosidl_typesupport_fastrtps_cpp
[0.900s] [ 70%] Built target turtle_interface__rosidl_typesupport_fastrtps_c
[0.915s] [ 70%] Built target turtle_interface
[0.930s] [ 74%] [34m[1mGenerating Python code for ROS interfaces[0m
[1.094s] [ 74%] Built target turtle_interface__py
[1.110s] [ 77%] [32mBuilding C object CMakeFiles/turtle_interface__rosidl_generator_py.dir/rosidl_generator_py/turtle_interface/msg/_num_s.c.o[0m
[1.171s] [ 80%] [32m[1mLinking C shared library rosidl_generator_py/turtle_interface/libturtle_interface__rosidl_generator_py.so[0m
[1.199s] [ 80%] Built target turtle_interface__rosidl_generator_py
[1.218s] [ 83%] [32mBuilding C object CMakeFiles/turtle_interface__rosidl_typesupport_c__pyext.dir/rosidl_generator_py/turtle_interface/_turtle_interface_s.ep.rosidl_typesupport_c.c.o[0m
[1.218s] [ 87%] [32mBuilding C object CMakeFiles/turtle_interface__rosidl_typesupport_fastrtps_c__pyext.dir/rosidl_generator_py/turtle_interface/_turtle_interface_s.ep.rosidl_typesupport_fastrtps_c.c.o[0m
[1.218s] [ 90%] [32mBuilding C object CMakeFiles/turtle_interface__rosidl_typesupport_introspection_c__pyext.dir/rosidl_generator_py/turtle_interface/_turtle_interface_s.ep.rosidl_typesupport_introspection_c.c.o[0m
[1.287s] [ 96%] [32m[1mLinking C shared library rosidl_generator_py/turtle_interface/turtle_interface_s__rosidl_typesupport_introspection_c.cpython-310-x86_64-linux-gnu.so[0m
[1.287s] [ 96%] [32m[1mLinking C shared library rosidl_generator_py/turtle_interface/turtle_interface_s__rosidl_typesupport_fastrtps_c.cpython-310-x86_64-linux-gnu.so[0m
[1.287s] [100%] [32m[1mLinking C shared library rosidl_generator_py/turtle_interface/turtle_interface_s__rosidl_typesupport_c.cpython-310-x86_64-linux-gnu.so[0m
[1.315s] [100%] Built target turtle_interface__rosidl_typesupport_introspection_c__pyext
[1.316s] [100%] Built target turtle_interface__rosidl_typesupport_c__pyext
[1.320s] [100%] Built target turtle_interface__rosidl_typesupport_fastrtps_c__pyext
