[0.063s] DEBUG:colcon:Command line arguments: ['/usr/bin/colcon', 'build']
[0.063s] DEBUG:colcon:Parsed command line arguments: Namespace(log_base=None, log_level=None, verb_name='build', build_base='build', install_base='install', merge_install=False, symlink_install=False, test_result_base=None, continue_on_error=False, executor='parallel', parallel_workers=20, event_handlers=None, ignore_user_meta=False, metas=['./colcon.meta'], base_paths=['.'], packages_ignore=None, packages_ignore_regex=None, paths=None, packages_up_to=None, packages_up_to_regex=None, packages_above=None, packages_above_and_dependencies=None, packages_above_depth=None, packages_select_by_dep=None, packages_skip_by_dep=None, packages_skip_up_to=None, packages_select_build_failed=False, packages_skip_build_finished=False, packages_select_test_failures=False, packages_skip_test_passed=False, packages_select=None, packages_skip=None, packages_select_regex=None, packages_skip_regex=None, packages_start=None, packages_end=None, allow_overriding=[], cmake_args=None, cmake_target=None, cmake_target_skip_unavailable=False, cmake_clean_cache=False, cmake_clean_first=False, cmake_force_configure=False, ament_cmake_args=None, catkin_cmake_args=None, catkin_skip_building_tests=False, verb_parser=<colcon_defaults.argument_parser.defaults.DefaultArgumentsDecorator object at 0x77bb28e03d00>, verb_extension=<colcon_core.verb.build.BuildVerb object at 0x77bb28e038b0>, main=<bound method BuildVerb.main of <colcon_core.verb.build.BuildVerb object at 0x77bb28e038b0>>)
[0.153s] Level 1:colcon.colcon_core.package_discovery:discover_packages(colcon_meta) check parameters
[0.153s] Level 1:colcon.colcon_core.package_discovery:discover_packages(recursive) check parameters
[0.153s] Level 1:colcon.colcon_core.package_discovery:discover_packages(ignore) check parameters
[0.153s] Level 1:colcon.colcon_core.package_discovery:discover_packages(path) check parameters
[0.153s] Level 1:colcon.colcon_core.package_discovery:discover_packages(colcon_meta) discover
[0.153s] Level 1:colcon.colcon_core.package_discovery:discover_packages(recursive) discover
[0.153s] INFO:colcon.colcon_core.package_discovery:Crawling recursively for packages in '/home/kgh/GITHUB/robit-ros2-homework/HW3'
[0.153s] Level 1:colcon.colcon_core.package_identification:_identify(.) by extensions ['ignore', 'ignore_ament_install']
[0.153s] Level 1:colcon.colcon_core.package_identification:_identify(.) by extension 'ignore'
[0.153s] Level 1:colcon.colcon_core.package_identification:_identify(.) by extension 'ignore_ament_install'
[0.153s] Level 1:colcon.colcon_core.package_identification:_identify(.) by extensions ['colcon_pkg']
[0.153s] Level 1:colcon.colcon_core.package_identification:_identify(.) by extension 'colcon_pkg'
[0.153s] Level 1:colcon.colcon_core.package_identification:_identify(.) by extensions ['colcon_meta']
[0.153s] Level 1:colcon.colcon_core.package_identification:_identify(.) by extension 'colcon_meta'
[0.153s] Level 1:colcon.colcon_core.package_identification:_identify(.) by extensions ['ros']
[0.153s] Level 1:colcon.colcon_core.package_identification:_identify(.) by extension 'ros'
[0.164s] Level 1:colcon.colcon_core.package_identification:_identify(.) by extensions ['cmake', 'python']
[0.164s] Level 1:colcon.colcon_core.package_identification:_identify(.) by extension 'cmake'
[0.164s] Level 1:colcon.colcon_core.package_identification:_identify(.) by extension 'python'
[0.164s] Level 1:colcon.colcon_core.package_identification:_identify(.) by extensions ['python_setup_py']
[0.164s] Level 1:colcon.colcon_core.package_identification:_identify(.) by extension 'python_setup_py'
[0.164s] Level 1:colcon.colcon_core.package_identification:_identify(build) by extensions ['ignore', 'ignore_ament_install']
[0.165s] Level 1:colcon.colcon_core.package_identification:_identify(build) by extension 'ignore'
[0.165s] Level 1:colcon.colcon_core.package_identification:_identify(build) ignored
[0.165s] Level 1:colcon.colcon_core.package_identification:_identify(install) by extensions ['ignore', 'ignore_ament_install']
[0.165s] Level 1:colcon.colcon_core.package_identification:_identify(install) by extension 'ignore'
[0.165s] Level 1:colcon.colcon_core.package_identification:_identify(install) ignored
[0.165s] Level 1:colcon.colcon_core.package_identification:_identify(log) by extensions ['ignore', 'ignore_ament_install']
[0.165s] Level 1:colcon.colcon_core.package_identification:_identify(log) by extension 'ignore'
[0.165s] Level 1:colcon.colcon_core.package_identification:_identify(log) ignored
[0.165s] Level 1:colcon.colcon_core.package_identification:_identify(turtle_interface) by extensions ['ignore', 'ignore_ament_install']
[0.165s] Level 1:colcon.colcon_core.package_identification:_identify(turtle_interface) by extension 'ignore'
[0.165s] Level 1:colcon.colcon_core.package_identification:_identify(turtle_interface) by extension 'ignore_ament_install'
[0.166s] Level 1:colcon.colcon_core.package_identification:_identify(turtle_interface) by extensions ['colcon_pkg']
[0.166s] Level 1:colcon.colcon_core.package_identification:_identify(turtle_interface) by extension 'colcon_pkg'
[0.166s] Level 1:colcon.colcon_core.package_identification:_identify(turtle_interface) by extensions ['colcon_meta']
[0.166s] Level 1:colcon.colcon_core.package_identification:_identify(turtle_interface) by extension 'colcon_meta'
[0.166s] Level 1:colcon.colcon_core.package_identification:_identify(turtle_interface) by extensions ['ros']
[0.166s] Level 1:colcon.colcon_core.package_identification:_identify(turtle_interface) by extension 'ros'
[0.168s] DEBUG:colcon.colcon_core.package_identification:Package 'turtle_interface' with type 'ros.ament_cmake' and name 'turtle_interface'
[0.168s] Level 1:colcon.colcon_core.package_identification:_identify(ui_test) by extensions ['ignore', 'ignore_ament_install']
[0.168s] Level 1:colcon.colcon_core.package_identification:_identify(ui_test) by extension 'ignore'
[0.168s] Level 1:colcon.colcon_core.package_identification:_identify(ui_test) by extension 'ignore_ament_install'
[0.168s] Level 1:colcon.colcon_core.package_identification:_identify(ui_test) by extensions ['colcon_pkg']
[0.168s] Level 1:colcon.colcon_core.package_identification:_identify(ui_test) by extension 'colcon_pkg'
[0.168s] Level 1:colcon.colcon_core.package_identification:_identify(ui_test) by extensions ['colcon_meta']
[0.168s] Level 1:colcon.colcon_core.package_identification:_identify(ui_test) by extension 'colcon_meta'
[0.168s] Level 1:colcon.colcon_core.package_identification:_identify(ui_test) by extensions ['ros']
[0.168s] Level 1:colcon.colcon_core.package_identification:_identify(ui_test) by extension 'ros'
[0.169s] DEBUG:colcon.colcon_core.package_identification:Package 'ui_test' with type 'ros.ament_cmake' and name 'ui_test'
[0.169s] Level 1:colcon.colcon_core.package_discovery:discover_packages(recursive) using defaults
[0.169s] Level 1:colcon.colcon_core.package_discovery:discover_packages(ignore) discover
[0.169s] Level 1:colcon.colcon_core.package_discovery:discover_packages(ignore) using defaults
[0.169s] Level 1:colcon.colcon_core.package_discovery:discover_packages(path) discover
[0.169s] Level 1:colcon.colcon_core.package_discovery:discover_packages(path) using defaults
[0.185s] Level 1:colcon.colcon_core.package_discovery:discover_packages(prefix_path) check parameters
[0.185s] Level 1:colcon.colcon_core.package_discovery:discover_packages(prefix_path) discover
[0.193s] DEBUG:colcon.colcon_installed_package_information.package_discovery:Found 2 installed packages in /home/kgh/GITHUB/robit-ros2-homework/HW3/install
[0.193s] DEBUG:colcon.colcon_installed_package_information.package_discovery:Found 1 installed packages in /home/kgh/GITHUB/robit-ros2-homework/HW3/turtle_interface/install
[0.194s] DEBUG:colcon.colcon_installed_package_information.package_discovery:Found 4 installed packages in /home/kgh/robot_ws/install
[0.194s] DEBUG:colcon.colcon_installed_package_information.package_discovery:Found 181 installed packages in /opt/ros/humble
[0.195s] Level 1:colcon.colcon_core.package_discovery:discover_packages(prefix_path) using defaults
[0.213s] Level 5:colcon.colcon_core.verb:set package 'turtle_interface' build argument 'cmake_args' from command line to 'None'
[0.213s] Level 5:colcon.colcon_core.verb:set package 'turtle_interface' build argument 'cmake_target' from command line to 'None'
[0.213s] Level 5:colcon.colcon_core.verb:set package 'turtle_interface' build argument 'cmake_target_skip_unavailable' from command line to 'False'
[0.213s] Level 5:colcon.colcon_core.verb:set package 'turtle_interface' build argument 'cmake_clean_cache' from command line to 'False'
[0.213s] Level 5:colcon.colcon_core.verb:set package 'turtle_interface' build argument 'cmake_clean_first' from command line to 'False'
[0.213s] Level 5:colcon.colcon_core.verb:set package 'turtle_interface' build argument 'cmake_force_configure' from command line to 'False'
[0.213s] Level 5:colcon.colcon_core.verb:set package 'turtle_interface' build argument 'ament_cmake_args' from command line to 'None'
[0.213s] Level 5:colcon.colcon_core.verb:set package 'turtle_interface' build argument 'catkin_cmake_args' from command line to 'None'
[0.213s] Level 5:colcon.colcon_core.verb:set package 'turtle_interface' build argument 'catkin_skip_building_tests' from command line to 'False'
[0.213s] DEBUG:colcon.colcon_core.verb:Building package 'turtle_interface' with the following arguments: {'ament_cmake_args': None, 'build_base': '/home/kgh/GITHUB/robit-ros2-homework/HW3/build/turtle_interface', 'catkin_cmake_args': None, 'catkin_skip_building_tests': False, 'cmake_args': None, 'cmake_clean_cache': False, 'cmake_clean_first': False, 'cmake_force_configure': False, 'cmake_target': None, 'cmake_target_skip_unavailable': False, 'install_base': '/home/kgh/GITHUB/robit-ros2-homework/HW3/install/turtle_interface', 'merge_install': False, 'path': '/home/kgh/GITHUB/robit-ros2-homework/HW3/turtle_interface', 'symlink_install': False, 'test_result_base': None}
[0.214s] Level 5:colcon.colcon_core.verb:set package 'ui_test' build argument 'cmake_args' from command line to 'None'
[0.214s] Level 5:colcon.colcon_core.verb:set package 'ui_test' build argument 'cmake_target' from command line to 'None'
[0.214s] Level 5:colcon.colcon_core.verb:set package 'ui_test' build argument 'cmake_target_skip_unavailable' from command line to 'False'
[0.214s] Level 5:colcon.colcon_core.verb:set package 'ui_test' build argument 'cmake_clean_cache' from command line to 'False'
[0.214s] Level 5:colcon.colcon_core.verb:set package 'ui_test' build argument 'cmake_clean_first' from command line to 'False'
[0.214s] Level 5:colcon.colcon_core.verb:set package 'ui_test' build argument 'cmake_force_configure' from command line to 'False'
[0.214s] Level 5:colcon.colcon_core.verb:set package 'ui_test' build argument 'ament_cmake_args' from command line to 'None'
[0.214s] Level 5:colcon.colcon_core.verb:set package 'ui_test' build argument 'catkin_cmake_args' from command line to 'None'
[0.214s] Level 5:colcon.colcon_core.verb:set package 'ui_test' build argument 'catkin_skip_building_tests' from command line to 'False'
[0.214s] DEBUG:colcon.colcon_core.verb:Building package 'ui_test' with the following arguments: {'ament_cmake_args': None, 'build_base': '/home/kgh/GITHUB/robit-ros2-homework/HW3/build/ui_test', 'catkin_cmake_args': None, 'catkin_skip_building_tests': False, 'cmake_args': None, 'cmake_clean_cache': False, 'cmake_clean_first': False, 'cmake_force_configure': False, 'cmake_target': None, 'cmake_target_skip_unavailable': False, 'install_base': '/home/kgh/GITHUB/robit-ros2-homework/HW3/install/ui_test', 'merge_install': False, 'path': '/home/kgh/GITHUB/robit-ros2-homework/HW3/ui_test', 'symlink_install': False, 'test_result_base': None}
[0.214s] INFO:colcon.colcon_core.executor:Executing jobs using 'parallel' executor
[0.215s] DEBUG:colcon.colcon_parallel_executor.executor.parallel:run_until_complete
[0.215s] INFO:colcon.colcon_ros.task.ament_cmake.build:Building ROS package in '/home/kgh/GITHUB/robit-ros2-homework/HW3/turtle_interface' with build type 'ament_cmake'
[0.216s] INFO:colcon.colcon_cmake.task.cmake.build:Building CMake package in '/home/kgh/GITHUB/robit-ros2-homework/HW3/turtle_interface'
[0.218s] INFO:colcon.colcon_core.plugin_system:Skipping extension 'colcon_core.shell.bat': Not used on non-Windows systems
[0.218s] INFO:colcon.colcon_core.shell:Skip shell extension 'powershell' for command environment: Not usable outside of PowerShell
[0.218s] DEBUG:colcon.colcon_core.shell:Skip shell extension 'dsv' for command environment
[0.221s] INFO:colcon.colcon_ros.task.ament_cmake.build:Building ROS package in '/home/kgh/GITHUB/robit-ros2-homework/HW3/ui_test' with build type 'ament_cmake'
[0.222s] INFO:colcon.colcon_cmake.task.cmake.build:Building CMake package in '/home/kgh/GITHUB/robit-ros2-homework/HW3/ui_test'
[0.222s] INFO:colcon.colcon_core.shell:Skip shell extension 'powershell' for command environment: Not usable outside of PowerShell
[0.222s] DEBUG:colcon.colcon_core.shell:Skip shell extension 'dsv' for command environment
[0.230s] DEBUG:colcon.colcon_core.event_handler.log_command:Invoking command in '/home/kgh/GITHUB/robit-ros2-homework/HW3/build/turtle_interface': CMAKE_PREFIX_PATH=${CMAKE_PREFIX_PATH}:/opt/ros/humble /usr/bin/cmake --build /home/kgh/GITHUB/robit-ros2-homework/HW3/build/turtle_interface -- -j20 -l20
[0.234s] DEBUG:colcon.colcon_core.event_handler.log_command:Invoking command in '/home/kgh/GITHUB/robit-ros2-homework/HW3/build/ui_test': CMAKE_PREFIX_PATH=${CMAKE_PREFIX_PATH}:/opt/ros/humble /usr/bin/cmake --build /home/kgh/GITHUB/robit-ros2-homework/HW3/build/ui_test -- -j20 -l20
[0.518s] DEBUG:colcon.colcon_core.event_handler.log_command:Invoked command in '/home/kgh/GITHUB/robit-ros2-homework/HW3/build/turtle_interface' returned '0': CMAKE_PREFIX_PATH=${CMAKE_PREFIX_PATH}:/opt/ros/humble /usr/bin/cmake --build /home/kgh/GITHUB/robit-ros2-homework/HW3/build/turtle_interface -- -j20 -l20
[0.585s] DEBUG:colcon.colcon_core.event_handler.log_command:Invoking command in '/home/kgh/GITHUB/robit-ros2-homework/HW3/build/turtle_interface': CMAKE_PREFIX_PATH=${CMAKE_PREFIX_PATH}:/opt/ros/humble /usr/bin/cmake --install /home/kgh/GITHUB/robit-ros2-homework/HW3/build/turtle_interface
[0.628s] Level 1:colcon.colcon_core.environment:create_environment_scripts_only(turtle_interface)
[0.629s] DEBUG:colcon.colcon_core.event_handler.log_command:Invoked command in '/home/kgh/GITHUB/robit-ros2-homework/HW3/build/turtle_interface' returned '0': CMAKE_PREFIX_PATH=${CMAKE_PREFIX_PATH}:/opt/ros/humble /usr/bin/cmake --install /home/kgh/GITHUB/robit-ros2-homework/HW3/build/turtle_interface
[0.630s] Level 1:colcon.colcon_core.environment:checking '/home/kgh/GITHUB/robit-ros2-homework/HW3/install/turtle_interface' for CMake module files
[0.631s] Level 1:colcon.colcon_core.environment:checking '/home/kgh/GITHUB/robit-ros2-homework/HW3/install/turtle_interface' for CMake config files
[0.631s] Level 1:colcon.colcon_core.shell:create_environment_hook('turtle_interface', 'cmake_prefix_path')
[0.631s] INFO:colcon.colcon_core.shell:Creating environment hook '/home/kgh/GITHUB/robit-ros2-homework/HW3/install/turtle_interface/share/turtle_interface/hook/cmake_prefix_path.ps1'
[0.632s] INFO:colcon.colcon_core.shell:Creating environment descriptor '/home/kgh/GITHUB/robit-ros2-homework/HW3/install/turtle_interface/share/turtle_interface/hook/cmake_prefix_path.dsv'
[0.632s] INFO:colcon.colcon_core.shell:Creating environment hook '/home/kgh/GITHUB/robit-ros2-homework/HW3/install/turtle_interface/share/turtle_interface/hook/cmake_prefix_path.sh'
[0.633s] Level 1:colcon.colcon_core.environment:checking '/home/kgh/GITHUB/robit-ros2-homework/HW3/install/turtle_interface/lib'
[0.633s] Level 1:colcon.colcon_core.shell:create_environment_hook('turtle_interface', 'ld_library_path_lib')
[0.633s] INFO:colcon.colcon_core.shell:Creating environment hook '/home/kgh/GITHUB/robit-ros2-homework/HW3/install/turtle_interface/share/turtle_interface/hook/ld_library_path_lib.ps1'
[0.633s] INFO:colcon.colcon_core.shell:Creating environment descriptor '/home/kgh/GITHUB/robit-ros2-homework/HW3/install/turtle_interface/share/turtle_interface/hook/ld_library_path_lib.dsv'
[0.633s] INFO:colcon.colcon_core.shell:Creating environment hook '/home/kgh/GITHUB/robit-ros2-homework/HW3/install/turtle_interface/share/turtle_interface/hook/ld_library_path_lib.sh'
[0.634s] Level 1:colcon.colcon_core.environment:checking '/home/kgh/GITHUB/robit-ros2-homework/HW3/install/turtle_interface/bin'
[0.634s] Level 1:colcon.colcon_core.environment:checking '/home/kgh/GITHUB/robit-ros2-homework/HW3/install/turtle_interface/lib/pkgconfig/turtle_interface.pc'
[0.634s] Level 1:colcon.colcon_core.environment:checking '/home/kgh/GITHUB/robit-ros2-homework/HW3/install/turtle_interface/lib/python3.10/site-packages'
[0.634s] Level 1:colcon.colcon_core.environment:checking '/home/kgh/GITHUB/robit-ros2-homework/HW3/install/turtle_interface/bin'
[0.634s] INFO:colcon.colcon_core.shell:Creating package script '/home/kgh/GITHUB/robit-ros2-homework/HW3/install/turtle_interface/share/turtle_interface/package.ps1'
[0.635s] INFO:colcon.colcon_core.shell:Creating package descriptor '/home/kgh/GITHUB/robit-ros2-homework/HW3/install/turtle_interface/share/turtle_interface/package.dsv'
[0.635s] INFO:colcon.colcon_core.shell:Creating package script '/home/kgh/GITHUB/robit-ros2-homework/HW3/install/turtle_interface/share/turtle_interface/package.sh'
[0.636s] INFO:colcon.colcon_core.shell:Creating package script '/home/kgh/GITHUB/robit-ros2-homework/HW3/install/turtle_interface/share/turtle_interface/package.bash'
[0.636s] INFO:colcon.colcon_core.shell:Creating package script '/home/kgh/GITHUB/robit-ros2-homework/HW3/install/turtle_interface/share/turtle_interface/package.zsh'
[0.637s] Level 1:colcon.colcon_core.environment:create_file_with_runtime_dependencies(/home/kgh/GITHUB/robit-ros2-homework/HW3/install/turtle_interface/share/colcon-core/packages/turtle_interface)
[0.700s] Level 1:colcon.colcon_core.environment:create_environment_scripts_only(turtle_interface)
[0.701s] Level 1:colcon.colcon_core.environment:checking '/home/kgh/GITHUB/robit-ros2-homework/HW3/install/turtle_interface' for CMake module files
[0.701s] Level 1:colcon.colcon_core.environment:checking '/home/kgh/GITHUB/robit-ros2-homework/HW3/install/turtle_interface' for CMake config files
[0.701s] Level 1:colcon.colcon_core.shell:create_environment_hook('turtle_interface', 'cmake_prefix_path')
[0.701s] INFO:colcon.colcon_core.shell:Creating environment hook '/home/kgh/GITHUB/robit-ros2-homework/HW3/install/turtle_interface/share/turtle_interface/hook/cmake_prefix_path.ps1'
[0.702s] INFO:colcon.colcon_core.shell:Creating environment descriptor '/home/kgh/GITHUB/robit-ros2-homework/HW3/install/turtle_interface/share/turtle_interface/hook/cmake_prefix_path.dsv'
[0.702s] INFO:colcon.colcon_core.shell:Creating environment hook '/home/kgh/GITHUB/robit-ros2-homework/HW3/install/turtle_interface/share/turtle_interface/hook/cmake_prefix_path.sh'
[0.703s] Level 1:colcon.colcon_core.environment:checking '/home/kgh/GITHUB/robit-ros2-homework/HW3/install/turtle_interface/lib'
[0.703s] Level 1:colcon.colcon_core.shell:create_environment_hook('turtle_interface', 'ld_library_path_lib')
[0.703s] INFO:colcon.colcon_core.shell:Creating environment hook '/home/kgh/GITHUB/robit-ros2-homework/HW3/install/turtle_interface/share/turtle_interface/hook/ld_library_path_lib.ps1'
[0.703s] INFO:colcon.colcon_core.shell:Creating environment descriptor '/home/kgh/GITHUB/robit-ros2-homework/HW3/install/turtle_interface/share/turtle_interface/hook/ld_library_path_lib.dsv'
[0.703s] INFO:colcon.colcon_core.shell:Creating environment hook '/home/kgh/GITHUB/robit-ros2-homework/HW3/install/turtle_interface/share/turtle_interface/hook/ld_library_path_lib.sh'
[0.704s] Level 1:colcon.colcon_core.environment:checking '/home/kgh/GITHUB/robit-ros2-homework/HW3/install/turtle_interface/bin'
[0.704s] Level 1:colcon.colcon_core.environment:checking '/home/kgh/GITHUB/robit-ros2-homework/HW3/install/turtle_interface/lib/pkgconfig/turtle_interface.pc'
[0.704s] Level 1:colcon.colcon_core.environment:checking '/home/kgh/GITHUB/robit-ros2-homework/HW3/install/turtle_interface/lib/python3.10/site-packages'
[0.704s] Level 1:colcon.colcon_core.environment:checking '/home/kgh/GITHUB/robit-ros2-homework/HW3/install/turtle_interface/bin'
[0.704s] INFO:colcon.colcon_core.shell:Creating package script '/home/kgh/GITHUB/robit-ros2-homework/HW3/install/turtle_interface/share/turtle_interface/package.ps1'
[0.705s] INFO:colcon.colcon_core.shell:Creating package descriptor '/home/kgh/GITHUB/robit-ros2-homework/HW3/install/turtle_interface/share/turtle_interface/package.dsv'
[0.705s] INFO:colcon.colcon_core.shell:Creating package script '/home/kgh/GITHUB/robit-ros2-homework/HW3/install/turtle_interface/share/turtle_interface/package.sh'
[0.705s] INFO:colcon.colcon_core.shell:Creating package script '/home/kgh/GITHUB/robit-ros2-homework/HW3/install/turtle_interface/share/turtle_interface/package.bash'
[0.706s] INFO:colcon.colcon_core.shell:Creating package script '/home/kgh/GITHUB/robit-ros2-homework/HW3/install/turtle_interface/share/turtle_interface/package.zsh'
[0.706s] Level 1:colcon.colcon_core.environment:create_file_with_runtime_dependencies(/home/kgh/GITHUB/robit-ros2-homework/HW3/install/turtle_interface/share/colcon-core/packages/turtle_interface)
[2.946s] DEBUG:colcon.colcon_core.event_handler.log_command:Invoked command in '/home/kgh/GITHUB/robit-ros2-homework/HW3/build/ui_test' returned '2': CMAKE_PREFIX_PATH=${CMAKE_PREFIX_PATH}:/opt/ros/humble /usr/bin/cmake --build /home/kgh/GITHUB/robit-ros2-homework/HW3/build/ui_test -- -j20 -l20
[2.972s] Level 1:colcon.colcon_core.environment:create_environment_scripts_only(ui_test)
[2.972s] Level 1:colcon.colcon_core.environment:checking '/home/kgh/GITHUB/robit-ros2-homework/HW3/install/ui_test' for CMake module files
[2.973s] Level 1:colcon.colcon_core.environment:checking '/home/kgh/GITHUB/robit-ros2-homework/HW3/install/ui_test' for CMake config files
[2.973s] Level 1:colcon.colcon_core.shell:create_environment_hook('ui_test', 'cmake_prefix_path')
[2.973s] INFO:colcon.colcon_core.shell:Creating environment hook '/home/kgh/GITHUB/robit-ros2-homework/HW3/install/ui_test/share/ui_test/hook/cmake_prefix_path.ps1'
[2.973s] INFO:colcon.colcon_core.shell:Creating environment descriptor '/home/kgh/GITHUB/robit-ros2-homework/HW3/install/ui_test/share/ui_test/hook/cmake_prefix_path.dsv'
[2.974s] INFO:colcon.colcon_core.shell:Creating environment hook '/home/kgh/GITHUB/robit-ros2-homework/HW3/install/ui_test/share/ui_test/hook/cmake_prefix_path.sh'
[2.974s] Level 1:colcon.colcon_core.environment:checking '/home/kgh/GITHUB/robit-ros2-homework/HW3/install/ui_test/lib'
[2.974s] Level 1:colcon.colcon_core.environment:checking '/home/kgh/GITHUB/robit-ros2-homework/HW3/install/ui_test/bin'
[2.974s] Level 1:colcon.colcon_core.environment:checking '/home/kgh/GITHUB/robit-ros2-homework/HW3/install/ui_test/lib/pkgconfig/ui_test.pc'
[2.974s] Level 1:colcon.colcon_core.environment:checking '/home/kgh/GITHUB/robit-ros2-homework/HW3/install/ui_test/lib/python3.10/site-packages'
[2.974s] Level 1:colcon.colcon_core.environment:checking '/home/kgh/GITHUB/robit-ros2-homework/HW3/install/ui_test/bin'
[2.974s] INFO:colcon.colcon_core.shell:Creating package script '/home/kgh/GITHUB/robit-ros2-homework/HW3/install/ui_test/share/ui_test/package.ps1'
[2.975s] INFO:colcon.colcon_core.shell:Creating package descriptor '/home/kgh/GITHUB/robit-ros2-homework/HW3/install/ui_test/share/ui_test/package.dsv'
[2.975s] INFO:colcon.colcon_core.shell:Creating package script '/home/kgh/GITHUB/robit-ros2-homework/HW3/install/ui_test/share/ui_test/package.sh'
[2.975s] INFO:colcon.colcon_core.shell:Creating package script '/home/kgh/GITHUB/robit-ros2-homework/HW3/install/ui_test/share/ui_test/package.bash'
[2.976s] INFO:colcon.colcon_core.shell:Creating package script '/home/kgh/GITHUB/robit-ros2-homework/HW3/install/ui_test/share/ui_test/package.zsh'
[2.976s] Level 1:colcon.colcon_core.environment:create_file_with_runtime_dependencies(/home/kgh/GITHUB/robit-ros2-homework/HW3/install/ui_test/share/colcon-core/packages/ui_test)
[2.986s] DEBUG:colcon.colcon_parallel_executor.executor.parallel:closing loop
[2.986s] DEBUG:colcon.colcon_parallel_executor.executor.parallel:loop closed
[2.987s] DEBUG:colcon.colcon_parallel_executor.executor.parallel:run_until_complete finished with '2'
[2.987s] DEBUG:colcon.colcon_core.event_reactor:joining thread
[2.991s] INFO:colcon.colcon_core.plugin_system:Skipping extension 'colcon_notification.desktop_notification.terminal_notifier': Not used on non-Darwin systems
[2.991s] INFO:colcon.colcon_core.plugin_system:Skipping extension 'colcon_notification.desktop_notification.win32': Not used on non-Windows systems
[2.991s] INFO:colcon.colcon_notification.desktop_notification:Sending desktop notification using 'notify2'
[3.003s] DEBUG:colcon.colcon_core.event_reactor:joined thread
[3.004s] INFO:colcon.colcon_core.shell:Creating prefix script '/home/kgh/GITHUB/robit-ros2-homework/HW3/install/local_setup.ps1'
[3.005s] INFO:colcon.colcon_core.shell:Creating prefix util module '/home/kgh/GITHUB/robit-ros2-homework/HW3/install/_local_setup_util_ps1.py'
[3.006s] INFO:colcon.colcon_core.shell:Creating prefix chain script '/home/kgh/GITHUB/robit-ros2-homework/HW3/install/setup.ps1'
[3.006s] INFO:colcon.colcon_core.shell:Creating prefix script '/home/kgh/GITHUB/robit-ros2-homework/HW3/install/local_setup.sh'
[3.007s] INFO:colcon.colcon_core.shell:Creating prefix util module '/home/kgh/GITHUB/robit-ros2-homework/HW3/install/_local_setup_util_sh.py'
[3.007s] INFO:colcon.colcon_core.shell:Creating prefix chain script '/home/kgh/GITHUB/robit-ros2-homework/HW3/install/setup.sh'
[3.009s] INFO:colcon.colcon_core.shell:Creating prefix script '/home/kgh/GITHUB/robit-ros2-homework/HW3/install/local_setup.bash'
[3.009s] INFO:colcon.colcon_core.shell:Creating prefix chain script '/home/kgh/GITHUB/robit-ros2-homework/HW3/install/setup.bash'
[3.010s] INFO:colcon.colcon_core.shell:Creating prefix script '/home/kgh/GITHUB/robit-ros2-homework/HW3/install/local_setup.zsh'
[3.010s] INFO:colcon.colcon_core.shell:Creating prefix chain script '/home/kgh/GITHUB/robit-ros2-homework/HW3/install/setup.zsh'
