[0.006s] Invoking command in '/home/kgh/GITHUB/robit-ros2-homework/HW3/turtle_interface/build/turtle_interface': CMAKE_PREFIX_PATH=${CMAKE_PREFIX_PATH}:/opt/ros/humble /usr/bin/cmake /home/kgh/GITHUB/robit-ros2-homework/HW3/turtle_interface -DCMAKE_INSTALL_PREFIX=/home/kgh/GITHUB/robit-ros2-homework/HW3/turtle_interface/install/turtle_interface
[0.062s] -- The C compiler identification is GNU 11.4.0
[0.111s] -- The CXX compiler identification is GNU 11.4.0
[0.117s] -- Detecting C compiler ABI info
[0.192s] -- Detecting C compiler ABI info - done
[0.198s] -- Check for working C compiler: /usr/bin/cc - skipped
[0.198s] -- Detecting C compile features
[0.198s] -- Detecting C compile features - done
[0.201s] -- Detecting CXX compiler ABI info
[0.267s] -- Detecting CXX compiler ABI info - done
[0.272s] -- Check for working CXX compiler: /usr/bin/c++ - skipped
[0.272s] -- Detecting CXX compile features
[0.272s] -- Detecting CXX compile features - done
[0.274s] -- Found ament_cmake: 1.3.10 (/opt/ros/humble/share/ament_cmake/cmake)
[0.377s] -- Found Python3: /usr/bin/python3 (found version "3.10.12") found components: Interpreter 
[0.430s] -- Found rclcpp: 16.0.10 (/opt/ros/humble/share/rclcpp/cmake)
[0.453s] -- Found rosidl_generator_c: 3.1.5 (/opt/ros/humble/share/rosidl_generator_c/cmake)
[0.455s] -- Found rosidl_adapter: 3.1.5 (/opt/ros/humble/share/rosidl_adapter/cmake)
[0.460s] -- Found rosidl_generator_cpp: 3.1.5 (/opt/ros/humble/share/rosidl_generator_cpp/cmake)
[0.466s] -- Using all available rosidl_typesupport_c: rosidl_typesupport_fastrtps_c;rosidl_typesupport_introspection_c
[0.474s] -- Using all available rosidl_typesupport_cpp: rosidl_typesupport_fastrtps_cpp;rosidl_typesupport_introspection_cpp
[0.497s] -- Found rmw_implementation_cmake: 6.1.2 (/opt/ros/humble/share/rmw_implementation_cmake/cmake)
[0.498s] -- Found rmw_fastrtps_cpp: 6.2.7 (/opt/ros/humble/share/rmw_fastrtps_cpp/cmake)
[0.570s] -- Found OpenSSL: /usr/lib/x86_64-linux-gnu/libcrypto.so (found version "3.0.2")  
[0.586s] -- Found FastRTPS: /opt/ros/humble/include  
[0.609s] -- Using RMW implementation 'rmw_fastrtps_cpp' as default
[0.613s] -- Looking for pthread.h
[0.676s] -- Looking for pthread.h - found
[0.676s] -- Performing Test CMAKE_HAVE_LIBC_PTHREAD
[0.732s] -- Performing Test CMAKE_HAVE_LIBC_PTHREAD - Success
[0.733s] -- Found Threads: TRUE  
[0.763s] -- Found rosidl_default_generators: 1.2.0 (/opt/ros/humble/share/rosidl_default_generators/cmake)
[0.917s] -- Found ament_cmake_ros: 0.10.0 (/opt/ros/humble/share/ament_cmake_ros/cmake)
[1.116s] -- Using all available rosidl_typesupport_c: rosidl_typesupport_fastrtps_c;rosidl_typesupport_introspection_c
[1.196s] -- Using all available rosidl_typesupport_cpp: rosidl_typesupport_fastrtps_cpp;rosidl_typesupport_introspection_cpp
[1.210s] -- Found PythonInterp: /usr/bin/python3 (found suitable version "3.10.12", minimum required is "3.6") 
[1.211s] -- Found python_cmake_module: 0.10.0 (/opt/ros/humble/share/python_cmake_module/cmake)
[1.226s] -- Found PythonLibs: /usr/lib/x86_64-linux-gnu/libpython3.10.so (found suitable version "3.10.12", minimum required is "3.5") 
[1.226s] -- Using PYTHON_EXECUTABLE: /usr/bin/python3
[1.226s] -- Using PYTHON_INCLUDE_DIRS: /usr/include/python3.10
[1.226s] -- Using PYTHON_LIBRARIES: /usr/lib/x86_64-linux-gnu/libpython3.10.so
[1.239s] -- Found PythonExtra: .so  
[1.259s] -- Found ament_lint_auto: 0.12.11 (/opt/ros/humble/share/ament_lint_auto/cmake)
[1.269s] -- Added test 'cppcheck' to perform static code analysis on C / C++ code
[1.270s] -- Configured cppcheck include dirs: $<BUILD_INTERFACE:/home/kgh/GITHUB/robit-ros2-homework/HW3/turtle_interface/build/turtle_interface/rosidl_generator_c>;$<BUILD_INTERFACE:/home/kgh/GITHUB/robit-ros2-homework/HW3/turtle_interface/build/turtle_interface/rosidl_typesupport_fastrtps_c>;$<BUILD_INTERFACE:/home/kgh/GITHUB/robit-ros2-homework/HW3/turtle_interface/build/turtle_interface/rosidl_generator_cpp>;$<BUILD_INTERFACE:/home/kgh/GITHUB/robit-ros2-homework/HW3/turtle_interface/build/turtle_interface/rosidl_typesupport_fastrtps_cpp>;$<BUILD_INTERFACE:/home/kgh/GITHUB/robit-ros2-homework/HW3/turtle_interface/build/turtle_interface/rosidl_typesupport_introspection_c>;$<BUILD_INTERFACE:/home/kgh/GITHUB/robit-ros2-homework/HW3/turtle_interface/build/turtle_interface/rosidl_typesupport_introspection_cpp>;/home/kgh/GITHUB/robit-ros2-homework/HW3/turtle_interface/build/turtle_interface/rosidl_generator_c;/home/kgh/GITHUB/robit-ros2-homework/HW3/turtle_interface/build/turtle_interface/rosidl_generator_py
[1.270s] -- Configured cppcheck exclude dirs and/or files: 
[1.271s] -- Added test 'flake8' to check Python code syntax and style conventions
[1.272s] -- Added test 'lint_cmake' to check CMake code style
[1.272s] -- Added test 'pep257' to check Python code against some of the docstring style conventions in PEP 257
[1.275s] -- Added test 'uncrustify' to check C / C++ code style
[1.275s] -- Configured uncrustify additional arguments: 
[1.276s] -- Added test 'xmllint' to check XML markup files
[1.277s] -- Configuring done
[1.291s] -- Generating done
[1.293s] -- Build files have been written to: /home/kgh/GITHUB/robit-ros2-homework/HW3/turtle_interface/build/turtle_interface
[1.300s] Invoked command in '/home/kgh/GITHUB/robit-ros2-homework/HW3/turtle_interface/build/turtle_interface' returned '0': CMAKE_PREFIX_PATH=${CMAKE_PREFIX_PATH}:/opt/ros/humble /usr/bin/cmake /home/kgh/GITHUB/robit-ros2-homework/HW3/turtle_interface -DCMAKE_INSTALL_PREFIX=/home/kgh/GITHUB/robit-ros2-homework/HW3/turtle_interface/install/turtle_interface
[1.302s] Invoking command in '/home/kgh/GITHUB/robit-ros2-homework/HW3/turtle_interface/build/turtle_interface': CMAKE_PREFIX_PATH=${CMAKE_PREFIX_PATH}:/opt/ros/humble /usr/bin/cmake --build /home/kgh/GITHUB/robit-ros2-homework/HW3/turtle_interface/build/turtle_interface -- -j20 -l20
[1.335s] [  3%] [34m[1mGenerating C code for ROS interfaces[0m
[1.346s] [  6%] [34m[1mGenerating C++ code for ROS interfaces[0m
[1.352s] [  6%] Built target ament_cmake_python_copy_turtle_interface
[1.500s] running egg_info
[1.500s] creating turtle_interface.egg-info
[1.500s] writing turtle_interface.egg-info/PKG-INFO
[1.500s] writing dependency_links to turtle_interface.egg-info/dependency_links.txt
[1.501s] writing top-level names to turtle_interface.egg-info/top_level.txt
[1.501s] writing manifest file 'turtle_interface.egg-info/SOURCES.txt'
[1.502s] reading manifest file 'turtle_interface.egg-info/SOURCES.txt'
[1.503s] writing manifest file 'turtle_interface.egg-info/SOURCES.txt'
[1.521s] [  6%] Built target turtle_interface__cpp
[1.522s] [  9%] [32mBuilding C object CMakeFiles/turtle_interface__rosidl_generator_c.dir/rosidl_generator_c/turtle_interface/msg/detail/num__functions.c.o[0m
[1.526s] [  9%] Built target ament_cmake_python_build_turtle_interface_egg
[1.531s] [ 12%] [34m[1mGenerating C++ type support for eProsima Fast-RTPS[0m
[1.531s] [ 16%] [34m[1mGenerating C++ introspection for ROS interfaces[0m
[1.532s] [ 19%] [34m[1mGenerating C++ type support dispatch for ROS interfaces[0m
[1.571s] [ 22%] [32m[1mLinking C shared library libturtle_interface__rosidl_generator_c.so[0m
[1.610s] [ 22%] Built target turtle_interface__rosidl_generator_c
[1.621s] [ 25%] [34m[1mGenerating C type support dispatch for ROS interfaces[0m
[1.622s] [ 29%] [34m[1mGenerating C type support for eProsima Fast-RTPS[0m
[1.623s] [ 32%] [34m[1mGenerating C introspection for ROS interfaces[0m
[1.729s] [ 35%] [32mBuilding CXX object CMakeFiles/turtle_interface__rosidl_typesupport_cpp.dir/rosidl_typesupport_cpp/turtle_interface/msg/num__type_support.cpp.o[0m
[1.746s] [ 38%] [32mBuilding CXX object CMakeFiles/turtle_interface__rosidl_typesupport_introspection_cpp.dir/rosidl_typesupport_introspection_cpp/turtle_interface/msg/detail/num__type_support.cpp.o[0m
[1.750s] [ 41%] [32mBuilding CXX object CMakeFiles/turtle_interface__rosidl_typesupport_fastrtps_cpp.dir/rosidl_typesupport_fastrtps_cpp/turtle_interface/msg/detail/dds_fastrtps/num__type_support.cpp.o[0m
[1.841s] [ 45%] [32mBuilding CXX object CMakeFiles/turtle_interface__rosidl_typesupport_c.dir/rosidl_typesupport_c/turtle_interface/msg/num__type_support.cpp.o[0m
[1.859s] [ 48%] [32mBuilding C object CMakeFiles/turtle_interface__rosidl_typesupport_introspection_c.dir/rosidl_typesupport_introspection_c/turtle_interface/msg/detail/num__type_support.c.o[0m
[1.861s] [ 51%] [32mBuilding CXX object CMakeFiles/turtle_interface__rosidl_typesupport_fastrtps_c.dir/rosidl_typesupport_fastrtps_c/turtle_interface/msg/detail/num__type_support_c.cpp.o[0m
[1.872s] [ 54%] [32m[1mLinking CXX shared library libturtle_interface__rosidl_typesupport_c.so[0m
[1.899s] [ 58%] [32m[1mLinking C shared library libturtle_interface__rosidl_typesupport_introspection_c.so[0m
[1.919s] [ 58%] Built target turtle_interface__rosidl_typesupport_c
[1.936s] [ 58%] Built target turtle_interface__rosidl_typesupport_introspection_c
[1.962s] [ 61%] [32m[1mLinking CXX shared library libturtle_interface__rosidl_typesupport_cpp.so[0m
[1.998s] [ 61%] Built target turtle_interface__rosidl_typesupport_cpp
[2.051s] [ 64%] [32m[1mLinking CXX shared library libturtle_interface__rosidl_typesupport_introspection_cpp.so[0m
[2.064s] [ 67%] [32m[1mLinking CXX shared library libturtle_interface__rosidl_typesupport_fastrtps_cpp.so[0m
[2.085s] [ 67%] Built target turtle_interface__rosidl_typesupport_introspection_cpp
[2.114s] [ 70%] [32m[1mLinking CXX shared library libturtle_interface__rosidl_typesupport_fastrtps_c.so[0m
[2.121s] [ 70%] Built target turtle_interface__rosidl_typesupport_fastrtps_cpp
[2.171s] [ 70%] Built target turtle_interface__rosidl_typesupport_fastrtps_c
[2.186s] [ 70%] Built target turtle_interface
[2.203s] [ 74%] [34m[1mGenerating Python code for ROS interfaces[0m
[2.366s] [ 74%] Built target turtle_interface__py
[2.380s] [ 77%] [32mBuilding C object CMakeFiles/turtle_interface__rosidl_generator_py.dir/rosidl_generator_py/turtle_interface/msg/_num_s.c.o[0m
[2.443s] [ 80%] [32m[1mLinking C shared library rosidl_generator_py/turtle_interface/libturtle_interface__rosidl_generator_py.so[0m
[2.473s] [ 80%] Built target turtle_interface__rosidl_generator_py
[2.490s] [ 83%] [32mBuilding C object CMakeFiles/turtle_interface__rosidl_typesupport_fastrtps_c__pyext.dir/rosidl_generator_py/turtle_interface/_turtle_interface_s.ep.rosidl_typesupport_fastrtps_c.c.o[0m
[2.491s] [ 87%] [32mBuilding C object CMakeFiles/turtle_interface__rosidl_typesupport_introspection_c__pyext.dir/rosidl_generator_py/turtle_interface/_turtle_interface_s.ep.rosidl_typesupport_introspection_c.c.o[0m
[2.492s] [ 90%] [32mBuilding C object CMakeFiles/turtle_interface__rosidl_typesupport_c__pyext.dir/rosidl_generator_py/turtle_interface/_turtle_interface_s.ep.rosidl_typesupport_c.c.o[0m
[2.559s] [ 93%] [32m[1mLinking C shared library rosidl_generator_py/turtle_interface/turtle_interface_s__rosidl_typesupport_c.cpython-310-x86_64-linux-gnu.so[0m
[2.560s] [ 96%] [32m[1mLinking C shared library rosidl_generator_py/turtle_interface/turtle_interface_s__rosidl_typesupport_introspection_c.cpython-310-x86_64-linux-gnu.so[0m
[2.560s] [100%] [32m[1mLinking C shared library rosidl_generator_py/turtle_interface/turtle_interface_s__rosidl_typesupport_fastrtps_c.cpython-310-x86_64-linux-gnu.so[0m
[2.589s] [100%] Built target turtle_interface__rosidl_typesupport_c__pyext
[2.589s] [100%] Built target turtle_interface__rosidl_typesupport_introspection_c__pyext
[2.591s] [100%] Built target turtle_interface__rosidl_typesupport_fastrtps_c__pyext
[2.600s] Invoked command in '/home/kgh/GITHUB/robit-ros2-homework/HW3/turtle_interface/build/turtle_interface' returned '0': CMAKE_PREFIX_PATH=${CMAKE_PREFIX_PATH}:/opt/ros/humble /usr/bin/cmake --build /home/kgh/GITHUB/robit-ros2-homework/HW3/turtle_interface/build/turtle_interface -- -j20 -l20
[2.660s] Invoking command in '/home/kgh/GITHUB/robit-ros2-homework/HW3/turtle_interface/build/turtle_interface': CMAKE_PREFIX_PATH=${CMAKE_PREFIX_PATH}:/opt/ros/humble /usr/bin/cmake --install /home/kgh/GITHUB/robit-ros2-homework/HW3/turtle_interface/build/turtle_interface
[2.666s] -- Install configuration: ""
[2.666s] -- Installing: /home/kgh/GITHUB/robit-ros2-homework/HW3/turtle_interface/install/turtle_interface/share/ament_index/resource_index/rosidl_interfaces/turtle_interface
[2.666s] -- Installing: /home/kgh/GITHUB/robit-ros2-homework/HW3/turtle_interface/install/turtle_interface/include/turtle_interface/turtle_interface
[2.666s] -- Installing: /home/kgh/GITHUB/robit-ros2-homework/HW3/turtle_interface/install/turtle_interface/include/turtle_interface/turtle_interface/msg
[2.666s] -- Installing: /home/kgh/GITHUB/robit-ros2-homework/HW3/turtle_interface/install/turtle_interface/include/turtle_interface/turtle_interface/msg/detail
[2.666s] -- Installing: /home/kgh/GITHUB/robit-ros2-homework/HW3/turtle_interface/install/turtle_interface/include/turtle_interface/turtle_interface/msg/detail/num__type_support.h
[2.666s] -- Installing: /home/kgh/GITHUB/robit-ros2-homework/HW3/turtle_interface/install/turtle_interface/include/turtle_interface/turtle_interface/msg/detail/num__functions.c
[2.666s] -- Installing: /home/kgh/GITHUB/robit-ros2-homework/HW3/turtle_interface/install/turtle_interface/include/turtle_interface/turtle_interface/msg/detail/num__struct.h
[2.666s] -- Installing: /home/kgh/GITHUB/robit-ros2-homework/HW3/turtle_interface/install/turtle_interface/include/turtle_interface/turtle_interface/msg/detail/num__functions.h
[2.666s] -- Installing: /home/kgh/GITHUB/robit-ros2-homework/HW3/turtle_interface/install/turtle_interface/include/turtle_interface/turtle_interface/msg/rosidl_generator_c__visibility_control.h
[2.666s] -- Installing: /home/kgh/GITHUB/robit-ros2-homework/HW3/turtle_interface/install/turtle_interface/include/turtle_interface/turtle_interface/msg/num.h
[2.666s] -- Installing: /home/kgh/GITHUB/robit-ros2-homework/HW3/turtle_interface/install/turtle_interface/share/turtle_interface/environment/library_path.sh
[2.666s] -- Installing: /home/kgh/GITHUB/robit-ros2-homework/HW3/turtle_interface/install/turtle_interface/share/turtle_interface/environment/library_path.dsv
[2.667s] -- Installing: /home/kgh/GITHUB/robit-ros2-homework/HW3/turtle_interface/install/turtle_interface/lib/libturtle_interface__rosidl_generator_c.so
[2.667s] -- Set runtime path of "/home/kgh/GITHUB/robit-ros2-homework/HW3/turtle_interface/install/turtle_interface/lib/libturtle_interface__rosidl_generator_c.so" to ""
[2.667s] -- Up-to-date: /home/kgh/GITHUB/robit-ros2-homework/HW3/turtle_interface/install/turtle_interface/include/turtle_interface/turtle_interface
[2.667s] -- Up-to-date: /home/kgh/GITHUB/robit-ros2-homework/HW3/turtle_interface/install/turtle_interface/include/turtle_interface/turtle_interface/msg
[2.667s] -- Up-to-date: /home/kgh/GITHUB/robit-ros2-homework/HW3/turtle_interface/install/turtle_interface/include/turtle_interface/turtle_interface/msg/detail
[2.667s] -- Installing: /home/kgh/GITHUB/robit-ros2-homework/HW3/turtle_interface/install/turtle_interface/include/turtle_interface/turtle_interface/msg/detail/num__rosidl_typesupport_fastrtps_c.h
[2.667s] -- Installing: /home/kgh/GITHUB/robit-ros2-homework/HW3/turtle_interface/install/turtle_interface/include/turtle_interface/turtle_interface/msg/rosidl_typesupport_fastrtps_c__visibility_control.h
[2.667s] -- Installing: /home/kgh/GITHUB/robit-ros2-homework/HW3/turtle_interface/install/turtle_interface/lib/libturtle_interface__rosidl_typesupport_fastrtps_c.so
[2.667s] -- Set runtime path of "/home/kgh/GITHUB/robit-ros2-homework/HW3/turtle_interface/install/turtle_interface/lib/libturtle_interface__rosidl_typesupport_fastrtps_c.so" to ""
[2.667s] -- Up-to-date: /home/kgh/GITHUB/robit-ros2-homework/HW3/turtle_interface/install/turtle_interface/include/turtle_interface/turtle_interface
[2.667s] -- Up-to-date: /home/kgh/GITHUB/robit-ros2-homework/HW3/turtle_interface/install/turtle_interface/include/turtle_interface/turtle_interface/msg
[2.667s] -- Up-to-date: /home/kgh/GITHUB/robit-ros2-homework/HW3/turtle_interface/install/turtle_interface/include/turtle_interface/turtle_interface/msg/detail
[2.667s] -- Installing: /home/kgh/GITHUB/robit-ros2-homework/HW3/turtle_interface/install/turtle_interface/include/turtle_interface/turtle_interface/msg/detail/num__struct.hpp
[2.667s] -- Installing: /home/kgh/GITHUB/robit-ros2-homework/HW3/turtle_interface/install/turtle_interface/include/turtle_interface/turtle_interface/msg/detail/num__builder.hpp
[2.667s] -- Installing: /home/kgh/GITHUB/robit-ros2-homework/HW3/turtle_interface/install/turtle_interface/include/turtle_interface/turtle_interface/msg/detail/num__traits.hpp
[2.667s] -- Installing: /home/kgh/GITHUB/robit-ros2-homework/HW3/turtle_interface/install/turtle_interface/include/turtle_interface/turtle_interface/msg/num.hpp
[2.667s] -- Up-to-date: /home/kgh/GITHUB/robit-ros2-homework/HW3/turtle_interface/install/turtle_interface/include/turtle_interface/turtle_interface
[2.667s] -- Up-to-date: /home/kgh/GITHUB/robit-ros2-homework/HW3/turtle_interface/install/turtle_interface/include/turtle_interface/turtle_interface/msg
[2.667s] -- Up-to-date: /home/kgh/GITHUB/robit-ros2-homework/HW3/turtle_interface/install/turtle_interface/include/turtle_interface/turtle_interface/msg/detail
[2.667s] -- Installing: /home/kgh/GITHUB/robit-ros2-homework/HW3/turtle_interface/install/turtle_interface/include/turtle_interface/turtle_interface/msg/detail/dds_fastrtps
[2.667s] -- Installing: /home/kgh/GITHUB/robit-ros2-homework/HW3/turtle_interface/install/turtle_interface/include/turtle_interface/turtle_interface/msg/detail/num__rosidl_typesupport_fastrtps_cpp.hpp
[2.667s] -- Installing: /home/kgh/GITHUB/robit-ros2-homework/HW3/turtle_interface/install/turtle_interface/include/turtle_interface/turtle_interface/msg/rosidl_typesupport_fastrtps_cpp__visibility_control.h
[2.667s] -- Installing: /home/kgh/GITHUB/robit-ros2-homework/HW3/turtle_interface/install/turtle_interface/lib/libturtle_interface__rosidl_typesupport_fastrtps_cpp.so
[2.668s] -- Set runtime path of "/home/kgh/GITHUB/robit-ros2-homework/HW3/turtle_interface/install/turtle_interface/lib/libturtle_interface__rosidl_typesupport_fastrtps_cpp.so" to ""
[2.668s] -- Up-to-date: /home/kgh/GITHUB/robit-ros2-homework/HW3/turtle_interface/install/turtle_interface/include/turtle_interface/turtle_interface
[2.668s] -- Up-to-date: /home/kgh/GITHUB/robit-ros2-homework/HW3/turtle_interface/install/turtle_interface/include/turtle_interface/turtle_interface/msg
[2.668s] -- Up-to-date: /home/kgh/GITHUB/robit-ros2-homework/HW3/turtle_interface/install/turtle_interface/include/turtle_interface/turtle_interface/msg/detail
[2.668s] -- Installing: /home/kgh/GITHUB/robit-ros2-homework/HW3/turtle_interface/install/turtle_interface/include/turtle_interface/turtle_interface/msg/detail/num__type_support.c
[2.668s] -- Installing: /home/kgh/GITHUB/robit-ros2-homework/HW3/turtle_interface/install/turtle_interface/include/turtle_interface/turtle_interface/msg/detail/num__rosidl_typesupport_introspection_c.h
[2.668s] -- Installing: /home/kgh/GITHUB/robit-ros2-homework/HW3/turtle_interface/install/turtle_interface/include/turtle_interface/turtle_interface/msg/rosidl_typesupport_introspection_c__visibility_control.h
[2.668s] -- Installing: /home/kgh/GITHUB/robit-ros2-homework/HW3/turtle_interface/install/turtle_interface/lib/libturtle_interface__rosidl_typesupport_introspection_c.so
[2.668s] -- Set runtime path of "/home/kgh/GITHUB/robit-ros2-homework/HW3/turtle_interface/install/turtle_interface/lib/libturtle_interface__rosidl_typesupport_introspection_c.so" to ""
[2.668s] -- Installing: /home/kgh/GITHUB/robit-ros2-homework/HW3/turtle_interface/install/turtle_interface/lib/libturtle_interface__rosidl_typesupport_c.so
[2.668s] -- Set runtime path of "/home/kgh/GITHUB/robit-ros2-homework/HW3/turtle_interface/install/turtle_interface/lib/libturtle_interface__rosidl_typesupport_c.so" to ""
[2.668s] -- Up-to-date: /home/kgh/GITHUB/robit-ros2-homework/HW3/turtle_interface/install/turtle_interface/include/turtle_interface/turtle_interface
[2.668s] -- Up-to-date: /home/kgh/GITHUB/robit-ros2-homework/HW3/turtle_interface/install/turtle_interface/include/turtle_interface/turtle_interface/msg
[2.668s] -- Up-to-date: /home/kgh/GITHUB/robit-ros2-homework/HW3/turtle_interface/install/turtle_interface/include/turtle_interface/turtle_interface/msg/detail
[2.668s] -- Installing: /home/kgh/GITHUB/robit-ros2-homework/HW3/turtle_interface/install/turtle_interface/include/turtle_interface/turtle_interface/msg/detail/num__type_support.cpp
[2.668s] -- Installing: /home/kgh/GITHUB/robit-ros2-homework/HW3/turtle_interface/install/turtle_interface/include/turtle_interface/turtle_interface/msg/detail/num__rosidl_typesupport_introspection_cpp.hpp
[2.668s] -- Installing: /home/kgh/GITHUB/robit-ros2-homework/HW3/turtle_interface/install/turtle_interface/lib/libturtle_interface__rosidl_typesupport_introspection_cpp.so
[2.668s] -- Set runtime path of "/home/kgh/GITHUB/robit-ros2-homework/HW3/turtle_interface/install/turtle_interface/lib/libturtle_interface__rosidl_typesupport_introspection_cpp.so" to ""
[2.668s] -- Installing: /home/kgh/GITHUB/robit-ros2-homework/HW3/turtle_interface/install/turtle_interface/lib/libturtle_interface__rosidl_typesupport_cpp.so
[2.669s] -- Set runtime path of "/home/kgh/GITHUB/robit-ros2-homework/HW3/turtle_interface/install/turtle_interface/lib/libturtle_interface__rosidl_typesupport_cpp.so" to ""
[2.669s] -- Installing: /home/kgh/GITHUB/robit-ros2-homework/HW3/turtle_interface/install/turtle_interface/share/turtle_interface/environment/pythonpath.sh
[2.669s] -- Installing: /home/kgh/GITHUB/robit-ros2-homework/HW3/turtle_interface/install/turtle_interface/share/turtle_interface/environment/pythonpath.dsv
[2.669s] -- Installing: /home/kgh/GITHUB/robit-ros2-homework/HW3/turtle_interface/install/turtle_interface/local/lib/python3.10/dist-packages/turtle_interface-0.0.0-py3.10.egg-info
[2.669s] -- Installing: /home/kgh/GITHUB/robit-ros2-homework/HW3/turtle_interface/install/turtle_interface/local/lib/python3.10/dist-packages/turtle_interface-0.0.0-py3.10.egg-info/SOURCES.txt
[2.669s] -- Installing: /home/kgh/GITHUB/robit-ros2-homework/HW3/turtle_interface/install/turtle_interface/local/lib/python3.10/dist-packages/turtle_interface-0.0.0-py3.10.egg-info/PKG-INFO
[2.669s] -- Installing: /home/kgh/GITHUB/robit-ros2-homework/HW3/turtle_interface/install/turtle_interface/local/lib/python3.10/dist-packages/turtle_interface-0.0.0-py3.10.egg-info/dependency_links.txt
[2.669s] -- Installing: /home/kgh/GITHUB/robit-ros2-homework/HW3/turtle_interface/install/turtle_interface/local/lib/python3.10/dist-packages/turtle_interface-0.0.0-py3.10.egg-info/top_level.txt
[2.669s] -- Installing: /home/kgh/GITHUB/robit-ros2-homework/HW3/turtle_interface/install/turtle_interface/local/lib/python3.10/dist-packages/turtle_interface
[2.669s] -- Installing: /home/kgh/GITHUB/robit-ros2-homework/HW3/turtle_interface/install/turtle_interface/local/lib/python3.10/dist-packages/turtle_interface/turtle_interface_s__rosidl_typesupport_c.cpython-310-x86_64-linux-gnu.so
[2.669s] -- Installing: /home/kgh/GITHUB/robit-ros2-homework/HW3/turtle_interface/install/turtle_interface/local/lib/python3.10/dist-packages/turtle_interface/__init__.py
[2.669s] -- Installing: /home/kgh/GITHUB/robit-ros2-homework/HW3/turtle_interface/install/turtle_interface/local/lib/python3.10/dist-packages/turtle_interface/turtle_interface_s__rosidl_typesupport_fastrtps_c.cpython-310-x86_64-linux-gnu.so
[2.669s] -- Installing: /home/kgh/GITHUB/robit-ros2-homework/HW3/turtle_interface/install/turtle_interface/local/lib/python3.10/dist-packages/turtle_interface/libturtle_interface__rosidl_generator_py.so
[2.669s] -- Installing: /home/kgh/GITHUB/robit-ros2-homework/HW3/turtle_interface/install/turtle_interface/local/lib/python3.10/dist-packages/turtle_interface/turtle_interface_s__rosidl_typesupport_introspection_c.cpython-310-x86_64-linux-gnu.so
[2.669s] -- Installing: /home/kgh/GITHUB/robit-ros2-homework/HW3/turtle_interface/install/turtle_interface/local/lib/python3.10/dist-packages/turtle_interface/_turtle_interface_s.ep.rosidl_typesupport_c.c
[2.669s] -- Installing: /home/kgh/GITHUB/robit-ros2-homework/HW3/turtle_interface/install/turtle_interface/local/lib/python3.10/dist-packages/turtle_interface/_turtle_interface_s.ep.rosidl_typesupport_fastrtps_c.c
[2.669s] -- Installing: /home/kgh/GITHUB/robit-ros2-homework/HW3/turtle_interface/install/turtle_interface/local/lib/python3.10/dist-packages/turtle_interface/_turtle_interface_s.ep.rosidl_typesupport_introspection_c.c
[2.669s] -- Installing: /home/kgh/GITHUB/robit-ros2-homework/HW3/turtle_interface/install/turtle_interface/local/lib/python3.10/dist-packages/turtle_interface/msg
[2.670s] -- Installing: /home/kgh/GITHUB/robit-ros2-homework/HW3/turtle_interface/install/turtle_interface/local/lib/python3.10/dist-packages/turtle_interface/msg/__init__.py
[2.670s] -- Installing: /home/kgh/GITHUB/robit-ros2-homework/HW3/turtle_interface/install/turtle_interface/local/lib/python3.10/dist-packages/turtle_interface/msg/_num_s.c
[2.670s] -- Installing: /home/kgh/GITHUB/robit-ros2-homework/HW3/turtle_interface/install/turtle_interface/local/lib/python3.10/dist-packages/turtle_interface/msg/_num.py
[2.692s] Listing '/home/kgh/GITHUB/robit-ros2-homework/HW3/turtle_interface/install/turtle_interface/local/lib/python3.10/dist-packages/turtle_interface'...
[2.692s] Compiling '/home/kgh/GITHUB/robit-ros2-homework/HW3/turtle_interface/install/turtle_interface/local/lib/python3.10/dist-packages/turtle_interface/__init__.py'...
[2.692s] Listing '/home/kgh/GITHUB/robit-ros2-homework/HW3/turtle_interface/install/turtle_interface/local/lib/python3.10/dist-packages/turtle_interface/msg'...
[2.692s] Compiling '/home/kgh/GITHUB/robit-ros2-homework/HW3/turtle_interface/install/turtle_interface/local/lib/python3.10/dist-packages/turtle_interface/msg/__init__.py'...
[2.692s] Compiling '/home/kgh/GITHUB/robit-ros2-homework/HW3/turtle_interface/install/turtle_interface/local/lib/python3.10/dist-packages/turtle_interface/msg/_num.py'...
[2.695s] -- Installing: /home/kgh/GITHUB/robit-ros2-homework/HW3/turtle_interface/install/turtle_interface/local/lib/python3.10/dist-packages/turtle_interface/turtle_interface_s__rosidl_typesupport_fastrtps_c.cpython-310-x86_64-linux-gnu.so
[2.696s] -- Set runtime path of "/home/kgh/GITHUB/robit-ros2-homework/HW3/turtle_interface/install/turtle_interface/local/lib/python3.10/dist-packages/turtle_interface/turtle_interface_s__rosidl_typesupport_fastrtps_c.cpython-310-x86_64-linux-gnu.so" to ""
[2.696s] -- Installing: /home/kgh/GITHUB/robit-ros2-homework/HW3/turtle_interface/install/turtle_interface/local/lib/python3.10/dist-packages/turtle_interface/turtle_interface_s__rosidl_typesupport_introspection_c.cpython-310-x86_64-linux-gnu.so
[2.696s] -- Set runtime path of "/home/kgh/GITHUB/robit-ros2-homework/HW3/turtle_interface/install/turtle_interface/local/lib/python3.10/dist-packages/turtle_interface/turtle_interface_s__rosidl_typesupport_introspection_c.cpython-310-x86_64-linux-gnu.so" to ""
[2.696s] -- Installing: /home/kgh/GITHUB/robit-ros2-homework/HW3/turtle_interface/install/turtle_interface/local/lib/python3.10/dist-packages/turtle_interface/turtle_interface_s__rosidl_typesupport_c.cpython-310-x86_64-linux-gnu.so
[2.696s] -- Set runtime path of "/home/kgh/GITHUB/robit-ros2-homework/HW3/turtle_interface/install/turtle_interface/local/lib/python3.10/dist-packages/turtle_interface/turtle_interface_s__rosidl_typesupport_c.cpython-310-x86_64-linux-gnu.so" to ""
[2.696s] -- Installing: /home/kgh/GITHUB/robit-ros2-homework/HW3/turtle_interface/install/turtle_interface/lib/libturtle_interface__rosidl_generator_py.so
[2.696s] -- Set runtime path of "/home/kgh/GITHUB/robit-ros2-homework/HW3/turtle_interface/install/turtle_interface/lib/libturtle_interface__rosidl_generator_py.so" to ""
[2.696s] -- Installing: /home/kgh/GITHUB/robit-ros2-homework/HW3/turtle_interface/install/turtle_interface/share/turtle_interface/msg/Num.idl
[2.696s] -- Installing: /home/kgh/GITHUB/robit-ros2-homework/HW3/turtle_interface/install/turtle_interface/share/turtle_interface/msg/Num.msg
[2.696s] -- Installing: /home/kgh/GITHUB/robit-ros2-homework/HW3/turtle_interface/install/turtle_interface/share/ament_index/resource_index/package_run_dependencies/turtle_interface
[2.696s] -- Installing: /home/kgh/GITHUB/robit-ros2-homework/HW3/turtle_interface/install/turtle_interface/share/ament_index/resource_index/parent_prefix_path/turtle_interface
[2.696s] -- Installing: /home/kgh/GITHUB/robit-ros2-homework/HW3/turtle_interface/install/turtle_interface/share/turtle_interface/environment/ament_prefix_path.sh
[2.697s] -- Installing: /home/kgh/GITHUB/robit-ros2-homework/HW3/turtle_interface/install/turtle_interface/share/turtle_interface/environment/ament_prefix_path.dsv
[2.697s] -- Installing: /home/kgh/GITHUB/robit-ros2-homework/HW3/turtle_interface/install/turtle_interface/share/turtle_interface/environment/path.sh
[2.697s] -- Installing: /home/kgh/GITHUB/robit-ros2-homework/HW3/turtle_interface/install/turtle_interface/share/turtle_interface/environment/path.dsv
[2.697s] -- Installing: /home/kgh/GITHUB/robit-ros2-homework/HW3/turtle_interface/install/turtle_interface/share/turtle_interface/local_setup.bash
[2.697s] -- Installing: /home/kgh/GITHUB/robit-ros2-homework/HW3/turtle_interface/install/turtle_interface/share/turtle_interface/local_setup.sh
[2.697s] -- Installing: /home/kgh/GITHUB/robit-ros2-homework/HW3/turtle_interface/install/turtle_interface/share/turtle_interface/local_setup.zsh
[2.697s] -- Installing: /home/kgh/GITHUB/robit-ros2-homework/HW3/turtle_interface/install/turtle_interface/share/turtle_interface/local_setup.dsv
[2.697s] -- Installing: /home/kgh/GITHUB/robit-ros2-homework/HW3/turtle_interface/install/turtle_interface/share/turtle_interface/package.dsv
[2.697s] -- Installing: /home/kgh/GITHUB/robit-ros2-homework/HW3/turtle_interface/install/turtle_interface/share/ament_index/resource_index/packages/turtle_interface
[2.697s] -- Installing: /home/kgh/GITHUB/robit-ros2-homework/HW3/turtle_interface/install/turtle_interface/share/turtle_interface/cmake/export_turtle_interface__rosidl_generator_cExport.cmake
[2.697s] -- Installing: /home/kgh/GITHUB/robit-ros2-homework/HW3/turtle_interface/install/turtle_interface/share/turtle_interface/cmake/export_turtle_interface__rosidl_generator_cExport-noconfig.cmake
[2.697s] -- Installing: /home/kgh/GITHUB/robit-ros2-homework/HW3/turtle_interface/install/turtle_interface/share/turtle_interface/cmake/export_turtle_interface__rosidl_typesupport_fastrtps_cExport.cmake
[2.697s] -- Installing: /home/kgh/GITHUB/robit-ros2-homework/HW3/turtle_interface/install/turtle_interface/share/turtle_interface/cmake/export_turtle_interface__rosidl_typesupport_fastrtps_cExport-noconfig.cmake
[2.697s] -- Installing: /home/kgh/GITHUB/robit-ros2-homework/HW3/turtle_interface/install/turtle_interface/share/turtle_interface/cmake/export_turtle_interface__rosidl_generator_cppExport.cmake
[2.697s] -- Installing: /home/kgh/GITHUB/robit-ros2-homework/HW3/turtle_interface/install/turtle_interface/share/turtle_interface/cmake/export_turtle_interface__rosidl_typesupport_fastrtps_cppExport.cmake
[2.697s] -- Installing: /home/kgh/GITHUB/robit-ros2-homework/HW3/turtle_interface/install/turtle_interface/share/turtle_interface/cmake/export_turtle_interface__rosidl_typesupport_fastrtps_cppExport-noconfig.cmake
[2.697s] -- Installing: /home/kgh/GITHUB/robit-ros2-homework/HW3/turtle_interface/install/turtle_interface/share/turtle_interface/cmake/turtle_interface__rosidl_typesupport_introspection_cExport.cmake
[2.698s] -- Installing: /home/kgh/GITHUB/robit-ros2-homework/HW3/turtle_interface/install/turtle_interface/share/turtle_interface/cmake/turtle_interface__rosidl_typesupport_introspection_cExport-noconfig.cmake
[2.698s] -- Installing: /home/kgh/GITHUB/robit-ros2-homework/HW3/turtle_interface/install/turtle_interface/share/turtle_interface/cmake/turtle_interface__rosidl_typesupport_cExport.cmake
[2.698s] -- Installing: /home/kgh/GITHUB/robit-ros2-homework/HW3/turtle_interface/install/turtle_interface/share/turtle_interface/cmake/turtle_interface__rosidl_typesupport_cExport-noconfig.cmake
[2.698s] -- Installing: /home/kgh/GITHUB/robit-ros2-homework/HW3/turtle_interface/install/turtle_interface/share/turtle_interface/cmake/turtle_interface__rosidl_typesupport_introspection_cppExport.cmake
[2.698s] -- Installing: /home/kgh/GITHUB/robit-ros2-homework/HW3/turtle_interface/install/turtle_interface/share/turtle_interface/cmake/turtle_interface__rosidl_typesupport_introspection_cppExport-noconfig.cmake
[2.698s] -- Installing: /home/kgh/GITHUB/robit-ros2-homework/HW3/turtle_interface/install/turtle_interface/share/turtle_interface/cmake/turtle_interface__rosidl_typesupport_cppExport.cmake
[2.698s] -- Installing: /home/kgh/GITHUB/robit-ros2-homework/HW3/turtle_interface/install/turtle_interface/share/turtle_interface/cmake/turtle_interface__rosidl_typesupport_cppExport-noconfig.cmake
[2.698s] -- Installing: /home/kgh/GITHUB/robit-ros2-homework/HW3/turtle_interface/install/turtle_interface/share/turtle_interface/cmake/export_turtle_interface__rosidl_generator_pyExport.cmake
[2.698s] -- Installing: /home/kgh/GITHUB/robit-ros2-homework/HW3/turtle_interface/install/turtle_interface/share/turtle_interface/cmake/export_turtle_interface__rosidl_generator_pyExport-noconfig.cmake
[2.698s] -- Installing: /home/kgh/GITHUB/robit-ros2-homework/HW3/turtle_interface/install/turtle_interface/share/turtle_interface/cmake/rosidl_cmake-extras.cmake
[2.698s] -- Installing: /home/kgh/GITHUB/robit-ros2-homework/HW3/turtle_interface/install/turtle_interface/share/turtle_interface/cmake/ament_cmake_export_include_directories-extras.cmake
[2.698s] -- Installing: /home/kgh/GITHUB/robit-ros2-homework/HW3/turtle_interface/install/turtle_interface/share/turtle_interface/cmake/ament_cmake_export_libraries-extras.cmake
[2.698s] -- Installing: /home/kgh/GITHUB/robit-ros2-homework/HW3/turtle_interface/install/turtle_interface/share/turtle_interface/cmake/ament_cmake_export_targets-extras.cmake
[2.698s] -- Installing: /home/kgh/GITHUB/robit-ros2-homework/HW3/turtle_interface/install/turtle_interface/share/turtle_interface/cmake/rosidl_cmake_export_typesupport_targets-extras.cmake
[2.698s] -- Installing: /home/kgh/GITHUB/robit-ros2-homework/HW3/turtle_interface/install/turtle_interface/share/turtle_interface/cmake/ament_cmake_export_dependencies-extras.cmake
[2.698s] -- Installing: /home/kgh/GITHUB/robit-ros2-homework/HW3/turtle_interface/install/turtle_interface/share/turtle_interface/cmake/rosidl_cmake_export_typesupport_libraries-extras.cmake
[2.699s] -- Installing: /home/kgh/GITHUB/robit-ros2-homework/HW3/turtle_interface/install/turtle_interface/share/turtle_interface/cmake/turtle_interfaceConfig.cmake
[2.699s] -- Installing: /home/kgh/GITHUB/robit-ros2-homework/HW3/turtle_interface/install/turtle_interface/share/turtle_interface/cmake/turtle_interfaceConfig-version.cmake
[2.699s] -- Installing: /home/kgh/GITHUB/robit-ros2-homework/HW3/turtle_interface/install/turtle_interface/share/turtle_interface/package.xml
[2.700s] Invoked command in '/home/kgh/GITHUB/robit-ros2-homework/HW3/turtle_interface/build/turtle_interface' returned '0': CMAKE_PREFIX_PATH=${CMAKE_PREFIX_PATH}:/opt/ros/humble /usr/bin/cmake --install /home/kgh/GITHUB/robit-ros2-homework/HW3/turtle_interface/build/turtle_interface
