[0.006s] Invoking command in '/home/kgh/GITHUB/robit-ros2-homework/HW4/button/build/button': CMAKE_PREFIX_PATH=${CMAKE_PREFIX_PATH}:/opt/ros/humble /usr/bin/cmake /home/kgh/GITHUB/robit-ros2-homework/HW4/button -DCMAKE_INSTALL_PREFIX=/home/kgh/GITHUB/robit-ros2-homework/HW4/button/install/button
[0.014s] -- Found ament_cmake: 1.3.10 (/opt/ros/humble/share/ament_cmake/cmake)
[0.090s] -- Found rclcpp: 16.0.10 (/opt/ros/humble/share/rclcpp/cmake)
[0.103s] -- Found rosidl_generator_c: 3.1.5 (/opt/ros/humble/share/rosidl_generator_c/cmake)
[0.105s] -- Found rosidl_adapter: 3.1.5 (/opt/ros/humble/share/rosidl_adapter/cmake)
[0.108s] -- Found rosidl_generator_cpp: 3.1.5 (/opt/ros/humble/share/rosidl_generator_cpp/cmake)
[0.113s] -- Using all available rosidl_typesupport_c: rosidl_typesupport_fastrtps_c;rosidl_typesupport_introspection_c
[0.119s] -- Using all available rosidl_typesupport_cpp: rosidl_typesupport_fastrtps_cpp;rosidl_typesupport_introspection_cpp
[0.136s] -- Found rmw_implementation_cmake: 6.1.2 (/opt/ros/humble/share/rmw_implementation_cmake/cmake)
[0.136s] -- Found rmw_fastrtps_cpp: 6.2.7 (/opt/ros/humble/share/rmw_fastrtps_cpp/cmake)
[0.196s] -- Using RMW implementation 'rmw_fastrtps_cpp' as default
[0.230s] -- Found Qt5: 5.15.3
[0.231s] -- Configuring incomplete, errors occurred!
[0.231s] See also "/home/kgh/GITHUB/robit-ros2-homework/HW4/button/build/button/CMakeFiles/CMakeOutput.log".
[0.231s] [31mCMake Error at /opt/ros/humble/share/ament_cmake_target_dependencies/cmake/ament_target_dependencies.cmake:42 (message):
[0.231s]   ament_target_dependencies() the first argument must be a valid target name
[0.231s] Call Stack (most recent call first):
[0.231s]   CMakeLists.txt:64 (ament_target_dependencies)
[0.231s] 
[0.231s] [0m
[0.235s] Invoked command in '/home/kgh/GITHUB/robit-ros2-homework/HW4/button/build/button' returned '1': CMAKE_PREFIX_PATH=${CMAKE_PREFIX_PATH}:/opt/ros/humble /usr/bin/cmake /home/kgh/GITHUB/robit-ros2-homework/HW4/button -DCMAKE_INSTALL_PREFIX=/home/kgh/GITHUB/robit-ros2-homework/HW4/button/install/button
