[0.011s] Invoking command in '/home/kgh/GITHUB/robit-ros2-homework/HW3/turtle_interface/build/turtle_interface': CMAKE_PREFIX_PATH=${CMAKE_PREFIX_PATH}:/opt/ros/humble /usr/bin/cmake --build /home/kgh/GITHUB/robit-ros2-homework/HW3/turtle_interface/build/turtle_interface -- -j20 -l20
[0.032s] -- Found ament_cmake: 1.3.10 (/opt/ros/humble/share/ament_cmake/cmake)
[0.109s] -- Found rclcpp: 16.0.10 (/opt/ros/humble/share/rclcpp/cmake)
[0.127s] -- Found rosidl_generator_c: 3.1.5 (/opt/ros/humble/share/rosidl_generator_c/cmake)
[0.129s] -- Found rosidl_adapter: 3.1.5 (/opt/ros/humble/share/rosidl_adapter/cmake)
[0.133s] -- Found rosidl_generator_cpp: 3.1.5 (/opt/ros/humble/share/rosidl_generator_cpp/cmake)
[0.140s] -- Using all available rosidl_typesupport_c: rosidl_typesupport_fastrtps_c;rosidl_typesupport_introspection_c
[0.146s] -- Using all available rosidl_typesupport_cpp: rosidl_typesupport_fastrtps_cpp;rosidl_typesupport_introspection_cpp
[0.165s] -- Found rmw_implementation_cmake: 6.1.2 (/opt/ros/humble/share/rmw_implementation_cmake/cmake)
[0.165s] -- Found rmw_fastrtps_cpp: 6.2.7 (/opt/ros/humble/share/rmw_fastrtps_cpp/cmake)
[0.224s] -- Using RMW implementation 'rmw_fastrtps_cpp' as default
[0.256s] -- Found rosidl_default_generators: 1.2.0 (/opt/ros/humble/share/rosidl_default_generators/cmake)
[0.407s] -- Found ament_cmake_ros: 0.10.0 (/opt/ros/humble/share/ament_cmake_ros/cmake)
[0.583s] -- Using all available rosidl_typesupport_c: rosidl_typesupport_fastrtps_c;rosidl_typesupport_introspection_c
[0.673s] -- Using all available rosidl_typesupport_cpp: rosidl_typesupport_fastrtps_cpp;rosidl_typesupport_introspection_cpp
[0.690s] -- Found python_cmake_module: 0.10.0 (/opt/ros/humble/share/python_cmake_module/cmake)
[0.706s] -- Using PYTHON_EXECUTABLE: /usr/bin/python3
[0.706s] -- Using PYTHON_INCLUDE_DIRS: /usr/include/python3.10
[0.706s] -- Using PYTHON_LIBRARIES: /usr/lib/x86_64-linux-gnu/libpython3.10.so
[0.714s] -- Found ament_lint_auto: 0.12.11 (/opt/ros/humble/share/ament_lint_auto/cmake)
[0.731s] -- Added test 'cppcheck' to perform static code analysis on C / C++ code
[0.731s] -- Configured cppcheck include dirs: $<BUILD_INTERFACE:/home/kgh/GITHUB/robit-ros2-homework/HW3/turtle_interface/build/turtle_interface/rosidl_generator_c>;$<BUILD_INTERFACE:/home/kgh/GITHUB/robit-ros2-homework/HW3/turtle_interface/build/turtle_interface/rosidl_typesupport_fastrtps_c>;$<BUILD_INTERFACE:/home/kgh/GITHUB/robit-ros2-homework/HW3/turtle_interface/build/turtle_interface/rosidl_generator_cpp>;$<BUILD_INTERFACE:/home/kgh/GITHUB/robit-ros2-homework/HW3/turtle_interface/build/turtle_interface/rosidl_typesupport_fastrtps_cpp>;$<BUILD_INTERFACE:/home/kgh/GITHUB/robit-ros2-homework/HW3/turtle_interface/build/turtle_interface/rosidl_typesupport_introspection_c>;$<BUILD_INTERFACE:/home/kgh/GITHUB/robit-ros2-homework/HW3/turtle_interface/build/turtle_interface/rosidl_typesupport_introspection_cpp>;/home/kgh/GITHUB/robit-ros2-homework/HW3/turtle_interface/build/turtle_interface/rosidl_generator_c;/home/kgh/GITHUB/robit-ros2-homework/HW3/turtle_interface/build/turtle_interface/rosidl_generator_py
[0.731s] -- Configured cppcheck exclude dirs and/or files: 
[0.733s] -- Added test 'flake8' to check Python code syntax and style conventions
[0.737s] -- Added test 'lint_cmake' to check CMake code style
[0.739s] -- Added test 'pep257' to check Python code against some of the docstring style conventions in PEP 257
[0.750s] -- Added test 'uncrustify' to check C / C++ code style
[0.750s] -- Configured uncrustify additional arguments: 
[0.752s] -- Added test 'xmllint' to check XML markup files
[0.753s] -- Configuring done
[0.769s] -- Generating done
[0.772s] -- Build files have been written to: /home/kgh/GITHUB/robit-ros2-homework/HW3/turtle_interface/build/turtle_interface
[0.792s] [  3%] [34m[1mGenerating C code for ROS interfaces[0m
[0.801s] [  6%] [34m[1mGenerating C++ code for ROS interfaces[0m
[0.810s] [  6%] Built target ament_cmake_python_copy_turtle_interface
[0.967s] running egg_info
[0.968s] writing turtle_interface.egg-info/PKG-INFO
[0.968s] writing dependency_links to turtle_interface.egg-info/dependency_links.txt
[0.968s] writing top-level names to turtle_interface.egg-info/top_level.txt
[0.970s] reading manifest file 'turtle_interface.egg-info/SOURCES.txt'
[0.970s] writing manifest file 'turtle_interface.egg-info/SOURCES.txt'
[0.974s] [35m[1mConsolidate compiler generated dependencies of target turtle_interface__rosidl_generator_c[0m
[0.983s] [  6%] Built target turtle_interface__cpp
[0.984s] [  9%] [32mBuilding C object CMakeFiles/turtle_interface__rosidl_generator_c.dir/rosidl_generator_c/turtle_interface/msg/detail/num__functions.c.o[0m
[0.992s] [ 12%] [34m[1mGenerating C++ introspection for ROS interfaces[0m
[0.994s] [ 16%] [34m[1mGenerating C++ type support dispatch for ROS interfaces[0m
[0.994s] [ 16%] Built target ament_cmake_python_build_turtle_interface_egg
[0.995s] [ 19%] [34m[1mGenerating C++ type support for eProsima Fast-RTPS[0m
[1.032s] [ 22%] [32m[1mLinking C shared library libturtle_interface__rosidl_generator_c.so[0m
[1.072s] [ 22%] Built target turtle_interface__rosidl_generator_c
[1.083s] [ 25%] [34m[1mGenerating C introspection for ROS interfaces[0m
[1.084s] [ 29%] [34m[1mGenerating C type support for eProsima Fast-RTPS[0m
[1.084s] [ 32%] [34m[1mGenerating C type support dispatch for ROS interfaces[0m
[1.178s] [35m[1mConsolidate compiler generated dependencies of target turtle_interface__rosidl_typesupport_cpp[0m
[1.191s] [35m[1mConsolidate compiler generated dependencies of target turtle_interface__rosidl_typesupport_introspection_cpp[0m
[1.194s] [ 35%] [32mBuilding CXX object CMakeFiles/turtle_interface__rosidl_typesupport_cpp.dir/rosidl_typesupport_cpp/turtle_interface/msg/num__type_support.cpp.o[0m
[1.198s] [35m[1mConsolidate compiler generated dependencies of target turtle_interface__rosidl_typesupport_fastrtps_cpp[0m
[1.206s] [ 38%] [32mBuilding CXX object CMakeFiles/turtle_interface__rosidl_typesupport_introspection_cpp.dir/rosidl_typesupport_introspection_cpp/turtle_interface/msg/detail/num__type_support.cpp.o[0m
[1.213s] [ 41%] [32mBuilding CXX object CMakeFiles/turtle_interface__rosidl_typesupport_fastrtps_cpp.dir/rosidl_typesupport_fastrtps_cpp/turtle_interface/msg/detail/dds_fastrtps/num__type_support.cpp.o[0m
[1.283s] [35m[1mConsolidate compiler generated dependencies of target turtle_interface__rosidl_typesupport_c[0m
[1.296s] [ 45%] [32mBuilding CXX object CMakeFiles/turtle_interface__rosidl_typesupport_c.dir/rosidl_typesupport_c/turtle_interface/msg/num__type_support.cpp.o[0m
[1.298s] [35m[1mConsolidate compiler generated dependencies of target turtle_interface__rosidl_typesupport_introspection_c[0m
[1.303s] [35m[1mConsolidate compiler generated dependencies of target turtle_interface__rosidl_typesupport_fastrtps_c[0m
[1.309s] [ 48%] [32mBuilding C object CMakeFiles/turtle_interface__rosidl_typesupport_introspection_c.dir/rosidl_typesupport_introspection_c/turtle_interface/msg/detail/num__type_support.c.o[0m
[1.316s] [ 51%] [32mBuilding CXX object CMakeFiles/turtle_interface__rosidl_typesupport_fastrtps_c.dir/rosidl_typesupport_fastrtps_c/turtle_interface/msg/detail/num__type_support_c.cpp.o[0m
[1.334s] [ 54%] [32m[1mLinking CXX shared library libturtle_interface__rosidl_typesupport_c.so[0m
[1.346s] [ 58%] [32m[1mLinking C shared library libturtle_interface__rosidl_typesupport_introspection_c.so[0m
[1.380s] [ 58%] Built target turtle_interface__rosidl_typesupport_introspection_c
[1.385s] [ 58%] Built target turtle_interface__rosidl_typesupport_c
[1.417s] [ 61%] [32m[1mLinking CXX shared library libturtle_interface__rosidl_typesupport_cpp.so[0m
[1.462s] [ 61%] Built target turtle_interface__rosidl_typesupport_cpp
[1.507s] [ 64%] [32m[1mLinking CXX shared library libturtle_interface__rosidl_typesupport_introspection_cpp.so[0m
[1.514s] [ 67%] [32m[1mLinking CXX shared library libturtle_interface__rosidl_typesupport_fastrtps_cpp.so[0m
[1.546s] [ 67%] Built target turtle_interface__rosidl_typesupport_introspection_cpp
[1.558s] [ 70%] [32m[1mLinking CXX shared library libturtle_interface__rosidl_typesupport_fastrtps_c.so[0m
[1.577s] [ 70%] Built target turtle_interface__rosidl_typesupport_fastrtps_cpp
[1.616s] [ 70%] Built target turtle_interface__rosidl_typesupport_fastrtps_c
[1.634s] [ 70%] Built target turtle_interface
[1.651s] [ 74%] [34m[1mGenerating Python code for ROS interfaces[0m
[1.817s] [ 74%] Built target turtle_interface__py
[1.825s] [35m[1mConsolidate compiler generated dependencies of target turtle_interface__rosidl_generator_py[0m
[1.835s] [ 77%] [32mBuilding C object CMakeFiles/turtle_interface__rosidl_generator_py.dir/rosidl_generator_py/turtle_interface/msg/_num_s.c.o[0m
[1.894s] [ 80%] [32m[1mLinking C shared library rosidl_generator_py/turtle_interface/libturtle_interface__rosidl_generator_py.so[0m
[1.926s] [ 80%] Built target turtle_interface__rosidl_generator_py
[1.935s] [35m[1mConsolidate compiler generated dependencies of target turtle_interface__rosidl_typesupport_fastrtps_c__pyext[0m
[1.938s] [35m[1mConsolidate compiler generated dependencies of target turtle_interface__rosidl_typesupport_c__pyext[0m
[1.939s] [35m[1mConsolidate compiler generated dependencies of target turtle_interface__rosidl_typesupport_introspection_c__pyext[0m
[1.948s] [ 83%] [32mBuilding C object CMakeFiles/turtle_interface__rosidl_typesupport_fastrtps_c__pyext.dir/rosidl_generator_py/turtle_interface/_turtle_interface_s.ep.rosidl_typesupport_fastrtps_c.c.o[0m
[1.951s] [ 87%] [32mBuilding C object CMakeFiles/turtle_interface__rosidl_typesupport_introspection_c__pyext.dir/rosidl_generator_py/turtle_interface/_turtle_interface_s.ep.rosidl_typesupport_introspection_c.c.o[0m
[1.953s] [ 90%] [32mBuilding C object CMakeFiles/turtle_interface__rosidl_typesupport_c__pyext.dir/rosidl_generator_py/turtle_interface/_turtle_interface_s.ep.rosidl_typesupport_c.c.o[0m
[2.034s] [ 93%] [32m[1mLinking C shared library rosidl_generator_py/turtle_interface/turtle_interface_s__rosidl_typesupport_introspection_c.cpython-310-x86_64-linux-gnu.so[0m
[2.038s] [ 96%] [32m[1mLinking C shared library rosidl_generator_py/turtle_interface/turtle_interface_s__rosidl_typesupport_c.cpython-310-x86_64-linux-gnu.so[0m
[2.046s] [100%] [32m[1mLinking C shared library rosidl_generator_py/turtle_interface/turtle_interface_s__rosidl_typesupport_fastrtps_c.cpython-310-x86_64-linux-gnu.so[0m
[2.067s] [100%] Built target turtle_interface__rosidl_typesupport_introspection_c__pyext
[2.074s] [100%] Built target turtle_interface__rosidl_typesupport_c__pyext
[2.080s] [100%] Built target turtle_interface__rosidl_typesupport_fastrtps_c__pyext
[2.089s] Invoked command in '/home/kgh/GITHUB/robit-ros2-homework/HW3/turtle_interface/build/turtle_interface' returned '0': CMAKE_PREFIX_PATH=${CMAKE_PREFIX_PATH}:/opt/ros/humble /usr/bin/cmake --build /home/kgh/GITHUB/robit-ros2-homework/HW3/turtle_interface/build/turtle_interface -- -j20 -l20
[2.149s] Invoking command in '/home/kgh/GITHUB/robit-ros2-homework/HW3/turtle_interface/build/turtle_interface': CMAKE_PREFIX_PATH=${CMAKE_PREFIX_PATH}:/opt/ros/humble /usr/bin/cmake --install /home/kgh/GITHUB/robit-ros2-homework/HW3/turtle_interface/build/turtle_interface
[2.154s] -- Install configuration: ""
[2.154s] -- Up-to-date: /home/kgh/GITHUB/robit-ros2-homework/HW3/turtle_interface/install/turtle_interface/share/ament_index/resource_index/rosidl_interfaces/turtle_interface
[2.154s] -- Up-to-date: /home/kgh/GITHUB/robit-ros2-homework/HW3/turtle_interface/install/turtle_interface/include/turtle_interface/turtle_interface
[2.154s] -- Up-to-date: /home/kgh/GITHUB/robit-ros2-homework/HW3/turtle_interface/install/turtle_interface/include/turtle_interface/turtle_interface/msg
[2.154s] -- Up-to-date: /home/kgh/GITHUB/robit-ros2-homework/HW3/turtle_interface/install/turtle_interface/include/turtle_interface/turtle_interface/msg/detail
[2.154s] -- Installing: /home/kgh/GITHUB/robit-ros2-homework/HW3/turtle_interface/install/turtle_interface/include/turtle_interface/turtle_interface/msg/detail/num__type_support.h
[2.154s] -- Installing: /home/kgh/GITHUB/robit-ros2-homework/HW3/turtle_interface/install/turtle_interface/include/turtle_interface/turtle_interface/msg/detail/num__functions.c
[2.154s] -- Installing: /home/kgh/GITHUB/robit-ros2-homework/HW3/turtle_interface/install/turtle_interface/include/turtle_interface/turtle_interface/msg/detail/num__struct.h
[2.154s] -- Installing: /home/kgh/GITHUB/robit-ros2-homework/HW3/turtle_interface/install/turtle_interface/include/turtle_interface/turtle_interface/msg/detail/num__functions.h
[2.154s] -- Up-to-date: /home/kgh/GITHUB/robit-ros2-homework/HW3/turtle_interface/install/turtle_interface/include/turtle_interface/turtle_interface/msg/rosidl_generator_c__visibility_control.h
[2.154s] -- Installing: /home/kgh/GITHUB/robit-ros2-homework/HW3/turtle_interface/install/turtle_interface/include/turtle_interface/turtle_interface/msg/num.h
[2.155s] -- Up-to-date: /home/kgh/GITHUB/robit-ros2-homework/HW3/turtle_interface/install/turtle_interface/share/turtle_interface/environment/library_path.sh
[2.155s] -- Installing: /home/kgh/GITHUB/robit-ros2-homework/HW3/turtle_interface/install/turtle_interface/share/turtle_interface/environment/library_path.dsv
[2.155s] -- Installing: /home/kgh/GITHUB/robit-ros2-homework/HW3/turtle_interface/install/turtle_interface/lib/libturtle_interface__rosidl_generator_c.so
[2.155s] -- Set runtime path of "/home/kgh/GITHUB/robit-ros2-homework/HW3/turtle_interface/install/turtle_interface/lib/libturtle_interface__rosidl_generator_c.so" to ""
[2.155s] -- Up-to-date: /home/kgh/GITHUB/robit-ros2-homework/HW3/turtle_interface/install/turtle_interface/include/turtle_interface/turtle_interface
[2.155s] -- Up-to-date: /home/kgh/GITHUB/robit-ros2-homework/HW3/turtle_interface/install/turtle_interface/include/turtle_interface/turtle_interface/msg
[2.155s] -- Up-to-date: /home/kgh/GITHUB/robit-ros2-homework/HW3/turtle_interface/install/turtle_interface/include/turtle_interface/turtle_interface/msg/detail
[2.155s] -- Installing: /home/kgh/GITHUB/robit-ros2-homework/HW3/turtle_interface/install/turtle_interface/include/turtle_interface/turtle_interface/msg/detail/num__rosidl_typesupport_fastrtps_c.h
[2.155s] -- Up-to-date: /home/kgh/GITHUB/robit-ros2-homework/HW3/turtle_interface/install/turtle_interface/include/turtle_interface/turtle_interface/msg/rosidl_typesupport_fastrtps_c__visibility_control.h
[2.155s] -- Installing: /home/kgh/GITHUB/robit-ros2-homework/HW3/turtle_interface/install/turtle_interface/lib/libturtle_interface__rosidl_typesupport_fastrtps_c.so
[2.155s] -- Set runtime path of "/home/kgh/GITHUB/robit-ros2-homework/HW3/turtle_interface/install/turtle_interface/lib/libturtle_interface__rosidl_typesupport_fastrtps_c.so" to ""
[2.155s] -- Up-to-date: /home/kgh/GITHUB/robit-ros2-homework/HW3/turtle_interface/install/turtle_interface/include/turtle_interface/turtle_interface
[2.155s] -- Up-to-date: /home/kgh/GITHUB/robit-ros2-homework/HW3/turtle_interface/install/turtle_interface/include/turtle_interface/turtle_interface/msg
[2.155s] -- Up-to-date: /home/kgh/GITHUB/robit-ros2-homework/HW3/turtle_interface/install/turtle_interface/include/turtle_interface/turtle_interface/msg/detail
[2.155s] -- Installing: /home/kgh/GITHUB/robit-ros2-homework/HW3/turtle_interface/install/turtle_interface/include/turtle_interface/turtle_interface/msg/detail/num__struct.hpp
[2.155s] -- Installing: /home/kgh/GITHUB/robit-ros2-homework/HW3/turtle_interface/install/turtle_interface/include/turtle_interface/turtle_interface/msg/detail/num__builder.hpp
[2.156s] -- Installing: /home/kgh/GITHUB/robit-ros2-homework/HW3/turtle_interface/install/turtle_interface/include/turtle_interface/turtle_interface/msg/detail/num__traits.hpp
[2.156s] -- Installing: /home/kgh/GITHUB/robit-ros2-homework/HW3/turtle_interface/install/turtle_interface/include/turtle_interface/turtle_interface/msg/num.hpp
[2.156s] -- Up-to-date: /home/kgh/GITHUB/robit-ros2-homework/HW3/turtle_interface/install/turtle_interface/include/turtle_interface/turtle_interface
[2.156s] -- Up-to-date: /home/kgh/GITHUB/robit-ros2-homework/HW3/turtle_interface/install/turtle_interface/include/turtle_interface/turtle_interface/msg
[2.156s] -- Up-to-date: /home/kgh/GITHUB/robit-ros2-homework/HW3/turtle_interface/install/turtle_interface/include/turtle_interface/turtle_interface/msg/detail
[2.156s] -- Up-to-date: /home/kgh/GITHUB/robit-ros2-homework/HW3/turtle_interface/install/turtle_interface/include/turtle_interface/turtle_interface/msg/detail/dds_fastrtps
[2.156s] -- Installing: /home/kgh/GITHUB/robit-ros2-homework/HW3/turtle_interface/install/turtle_interface/include/turtle_interface/turtle_interface/msg/detail/num__rosidl_typesupport_fastrtps_cpp.hpp
[2.156s] -- Up-to-date: /home/kgh/GITHUB/robit-ros2-homework/HW3/turtle_interface/install/turtle_interface/include/turtle_interface/turtle_interface/msg/rosidl_typesupport_fastrtps_cpp__visibility_control.h
[2.156s] -- Installing: /home/kgh/GITHUB/robit-ros2-homework/HW3/turtle_interface/install/turtle_interface/lib/libturtle_interface__rosidl_typesupport_fastrtps_cpp.so
[2.156s] -- Set runtime path of "/home/kgh/GITHUB/robit-ros2-homework/HW3/turtle_interface/install/turtle_interface/lib/libturtle_interface__rosidl_typesupport_fastrtps_cpp.so" to ""
[2.156s] -- Up-to-date: /home/kgh/GITHUB/robit-ros2-homework/HW3/turtle_interface/install/turtle_interface/include/turtle_interface/turtle_interface
[2.156s] -- Up-to-date: /home/kgh/GITHUB/robit-ros2-homework/HW3/turtle_interface/install/turtle_interface/include/turtle_interface/turtle_interface/msg
[2.156s] -- Up-to-date: /home/kgh/GITHUB/robit-ros2-homework/HW3/turtle_interface/install/turtle_interface/include/turtle_interface/turtle_interface/msg/detail
[2.156s] -- Installing: /home/kgh/GITHUB/robit-ros2-homework/HW3/turtle_interface/install/turtle_interface/include/turtle_interface/turtle_interface/msg/detail/num__type_support.c
[2.156s] -- Installing: /home/kgh/GITHUB/robit-ros2-homework/HW3/turtle_interface/install/turtle_interface/include/turtle_interface/turtle_interface/msg/detail/num__rosidl_typesupport_introspection_c.h
[2.156s] -- Up-to-date: /home/kgh/GITHUB/robit-ros2-homework/HW3/turtle_interface/install/turtle_interface/include/turtle_interface/turtle_interface/msg/rosidl_typesupport_introspection_c__visibility_control.h
[2.156s] -- Installing: /home/kgh/GITHUB/robit-ros2-homework/HW3/turtle_interface/install/turtle_interface/lib/libturtle_interface__rosidl_typesupport_introspection_c.so
[2.157s] -- Set runtime path of "/home/kgh/GITHUB/robit-ros2-homework/HW3/turtle_interface/install/turtle_interface/lib/libturtle_interface__rosidl_typesupport_introspection_c.so" to ""
[2.157s] -- Installing: /home/kgh/GITHUB/robit-ros2-homework/HW3/turtle_interface/install/turtle_interface/lib/libturtle_interface__rosidl_typesupport_c.so
[2.157s] -- Set runtime path of "/home/kgh/GITHUB/robit-ros2-homework/HW3/turtle_interface/install/turtle_interface/lib/libturtle_interface__rosidl_typesupport_c.so" to ""
[2.157s] -- Up-to-date: /home/kgh/GITHUB/robit-ros2-homework/HW3/turtle_interface/install/turtle_interface/include/turtle_interface/turtle_interface
[2.157s] -- Up-to-date: /home/kgh/GITHUB/robit-ros2-homework/HW3/turtle_interface/install/turtle_interface/include/turtle_interface/turtle_interface/msg
[2.157s] -- Up-to-date: /home/kgh/GITHUB/robit-ros2-homework/HW3/turtle_interface/install/turtle_interface/include/turtle_interface/turtle_interface/msg/detail
[2.157s] -- Installing: /home/kgh/GITHUB/robit-ros2-homework/HW3/turtle_interface/install/turtle_interface/include/turtle_interface/turtle_interface/msg/detail/num__type_support.cpp
[2.157s] -- Installing: /home/kgh/GITHUB/robit-ros2-homework/HW3/turtle_interface/install/turtle_interface/include/turtle_interface/turtle_interface/msg/detail/num__rosidl_typesupport_introspection_cpp.hpp
[2.157s] -- Installing: /home/kgh/GITHUB/robit-ros2-homework/HW3/turtle_interface/install/turtle_interface/lib/libturtle_interface__rosidl_typesupport_introspection_cpp.so
[2.157s] -- Set runtime path of "/home/kgh/GITHUB/robit-ros2-homework/HW3/turtle_interface/install/turtle_interface/lib/libturtle_interface__rosidl_typesupport_introspection_cpp.so" to ""
[2.157s] -- Installing: /home/kgh/GITHUB/robit-ros2-homework/HW3/turtle_interface/install/turtle_interface/lib/libturtle_interface__rosidl_typesupport_cpp.so
[2.158s] -- Set runtime path of "/home/kgh/GITHUB/robit-ros2-homework/HW3/turtle_interface/install/turtle_interface/lib/libturtle_interface__rosidl_typesupport_cpp.so" to ""
[2.158s] -- Up-to-date: /home/kgh/GITHUB/robit-ros2-homework/HW3/turtle_interface/install/turtle_interface/share/turtle_interface/environment/pythonpath.sh
[2.158s] -- Installing: /home/kgh/GITHUB/robit-ros2-homework/HW3/turtle_interface/install/turtle_interface/share/turtle_interface/environment/pythonpath.dsv
[2.158s] -- Up-to-date: /home/kgh/GITHUB/robit-ros2-homework/HW3/turtle_interface/install/turtle_interface/local/lib/python3.10/dist-packages/turtle_interface-0.0.0-py3.10.egg-info
[2.158s] -- Installing: /home/kgh/GITHUB/robit-ros2-homework/HW3/turtle_interface/install/turtle_interface/local/lib/python3.10/dist-packages/turtle_interface-0.0.0-py3.10.egg-info/SOURCES.txt
[2.158s] -- Installing: /home/kgh/GITHUB/robit-ros2-homework/HW3/turtle_interface/install/turtle_interface/local/lib/python3.10/dist-packages/turtle_interface-0.0.0-py3.10.egg-info/PKG-INFO
[2.158s] -- Installing: /home/kgh/GITHUB/robit-ros2-homework/HW3/turtle_interface/install/turtle_interface/local/lib/python3.10/dist-packages/turtle_interface-0.0.0-py3.10.egg-info/dependency_links.txt
[2.158s] -- Installing: /home/kgh/GITHUB/robit-ros2-homework/HW3/turtle_interface/install/turtle_interface/local/lib/python3.10/dist-packages/turtle_interface-0.0.0-py3.10.egg-info/top_level.txt
[2.158s] -- Up-to-date: /home/kgh/GITHUB/robit-ros2-homework/HW3/turtle_interface/install/turtle_interface/local/lib/python3.10/dist-packages/turtle_interface
[2.158s] -- Installing: /home/kgh/GITHUB/robit-ros2-homework/HW3/turtle_interface/install/turtle_interface/local/lib/python3.10/dist-packages/turtle_interface/turtle_interface_s__rosidl_typesupport_c.cpython-310-x86_64-linux-gnu.so
[2.158s] -- Installing: /home/kgh/GITHUB/robit-ros2-homework/HW3/turtle_interface/install/turtle_interface/local/lib/python3.10/dist-packages/turtle_interface/__init__.py
[2.158s] -- Installing: /home/kgh/GITHUB/robit-ros2-homework/HW3/turtle_interface/install/turtle_interface/local/lib/python3.10/dist-packages/turtle_interface/turtle_interface_s__rosidl_typesupport_fastrtps_c.cpython-310-x86_64-linux-gnu.so
[2.158s] -- Installing: /home/kgh/GITHUB/robit-ros2-homework/HW3/turtle_interface/install/turtle_interface/local/lib/python3.10/dist-packages/turtle_interface/libturtle_interface__rosidl_generator_py.so
[2.158s] -- Installing: /home/kgh/GITHUB/robit-ros2-homework/HW3/turtle_interface/install/turtle_interface/local/lib/python3.10/dist-packages/turtle_interface/turtle_interface_s__rosidl_typesupport_introspection_c.cpython-310-x86_64-linux-gnu.so
[2.159s] -- Installing: /home/kgh/GITHUB/robit-ros2-homework/HW3/turtle_interface/install/turtle_interface/local/lib/python3.10/dist-packages/turtle_interface/_turtle_interface_s.ep.rosidl_typesupport_c.c
[2.159s] -- Installing: /home/kgh/GITHUB/robit-ros2-homework/HW3/turtle_interface/install/turtle_interface/local/lib/python3.10/dist-packages/turtle_interface/_turtle_interface_s.ep.rosidl_typesupport_fastrtps_c.c
[2.159s] -- Installing: /home/kgh/GITHUB/robit-ros2-homework/HW3/turtle_interface/install/turtle_interface/local/lib/python3.10/dist-packages/turtle_interface/_turtle_interface_s.ep.rosidl_typesupport_introspection_c.c
[2.159s] -- Up-to-date: /home/kgh/GITHUB/robit-ros2-homework/HW3/turtle_interface/install/turtle_interface/local/lib/python3.10/dist-packages/turtle_interface/msg
[2.159s] -- Installing: /home/kgh/GITHUB/robit-ros2-homework/HW3/turtle_interface/install/turtle_interface/local/lib/python3.10/dist-packages/turtle_interface/msg/__init__.py
[2.159s] -- Installing: /home/kgh/GITHUB/robit-ros2-homework/HW3/turtle_interface/install/turtle_interface/local/lib/python3.10/dist-packages/turtle_interface/msg/_num_s.c
[2.159s] -- Installing: /home/kgh/GITHUB/robit-ros2-homework/HW3/turtle_interface/install/turtle_interface/local/lib/python3.10/dist-packages/turtle_interface/msg/_num.py
[2.183s] Listing '/home/kgh/GITHUB/robit-ros2-homework/HW3/turtle_interface/install/turtle_interface/local/lib/python3.10/dist-packages/turtle_interface'...
[2.183s] Compiling '/home/kgh/GITHUB/robit-ros2-homework/HW3/turtle_interface/install/turtle_interface/local/lib/python3.10/dist-packages/turtle_interface/__init__.py'...
[2.183s] Listing '/home/kgh/GITHUB/robit-ros2-homework/HW3/turtle_interface/install/turtle_interface/local/lib/python3.10/dist-packages/turtle_interface/msg'...
[2.183s] Compiling '/home/kgh/GITHUB/robit-ros2-homework/HW3/turtle_interface/install/turtle_interface/local/lib/python3.10/dist-packages/turtle_interface/msg/__init__.py'...
[2.183s] Compiling '/home/kgh/GITHUB/robit-ros2-homework/HW3/turtle_interface/install/turtle_interface/local/lib/python3.10/dist-packages/turtle_interface/msg/_num.py'...
[2.186s] -- Installing: /home/kgh/GITHUB/robit-ros2-homework/HW3/turtle_interface/install/turtle_interface/local/lib/python3.10/dist-packages/turtle_interface/turtle_interface_s__rosidl_typesupport_fastrtps_c.cpython-310-x86_64-linux-gnu.so
[2.186s] -- Set runtime path of "/home/kgh/GITHUB/robit-ros2-homework/HW3/turtle_interface/install/turtle_interface/local/lib/python3.10/dist-packages/turtle_interface/turtle_interface_s__rosidl_typesupport_fastrtps_c.cpython-310-x86_64-linux-gnu.so" to ""
[2.186s] -- Installing: /home/kgh/GITHUB/robit-ros2-homework/HW3/turtle_interface/install/turtle_interface/local/lib/python3.10/dist-packages/turtle_interface/turtle_interface_s__rosidl_typesupport_introspection_c.cpython-310-x86_64-linux-gnu.so
[2.186s] -- Set runtime path of "/home/kgh/GITHUB/robit-ros2-homework/HW3/turtle_interface/install/turtle_interface/local/lib/python3.10/dist-packages/turtle_interface/turtle_interface_s__rosidl_typesupport_introspection_c.cpython-310-x86_64-linux-gnu.so" to ""
[2.186s] -- Installing: /home/kgh/GITHUB/robit-ros2-homework/HW3/turtle_interface/install/turtle_interface/local/lib/python3.10/dist-packages/turtle_interface/turtle_interface_s__rosidl_typesupport_c.cpython-310-x86_64-linux-gnu.so
[2.187s] -- Set runtime path of "/home/kgh/GITHUB/robit-ros2-homework/HW3/turtle_interface/install/turtle_interface/local/lib/python3.10/dist-packages/turtle_interface/turtle_interface_s__rosidl_typesupport_c.cpython-310-x86_64-linux-gnu.so" to ""
[2.187s] -- Installing: /home/kgh/GITHUB/robit-ros2-homework/HW3/turtle_interface/install/turtle_interface/lib/libturtle_interface__rosidl_generator_py.so
[2.187s] -- Set runtime path of "/home/kgh/GITHUB/robit-ros2-homework/HW3/turtle_interface/install/turtle_interface/lib/libturtle_interface__rosidl_generator_py.so" to ""
[2.187s] -- Installing: /home/kgh/GITHUB/robit-ros2-homework/HW3/turtle_interface/install/turtle_interface/share/turtle_interface/msg/Num.idl
[2.188s] -- Installing: /home/kgh/GITHUB/robit-ros2-homework/HW3/turtle_interface/install/turtle_interface/share/turtle_interface/msg/Num.msg
[2.188s] -- Up-to-date: /home/kgh/GITHUB/robit-ros2-homework/HW3/turtle_interface/install/turtle_interface/share/ament_index/resource_index/package_run_dependencies/turtle_interface
[2.188s] -- Installing: /home/kgh/GITHUB/robit-ros2-homework/HW3/turtle_interface/install/turtle_interface/share/ament_index/resource_index/parent_prefix_path/turtle_interface
[2.188s] -- Up-to-date: /home/kgh/GITHUB/robit-ros2-homework/HW3/turtle_interface/install/turtle_interface/share/turtle_interface/environment/ament_prefix_path.sh
[2.188s] -- Installing: /home/kgh/GITHUB/robit-ros2-homework/HW3/turtle_interface/install/turtle_interface/share/turtle_interface/environment/ament_prefix_path.dsv
[2.188s] -- Up-to-date: /home/kgh/GITHUB/robit-ros2-homework/HW3/turtle_interface/install/turtle_interface/share/turtle_interface/environment/path.sh
[2.188s] -- Installing: /home/kgh/GITHUB/robit-ros2-homework/HW3/turtle_interface/install/turtle_interface/share/turtle_interface/environment/path.dsv
[2.188s] -- Up-to-date: /home/kgh/GITHUB/robit-ros2-homework/HW3/turtle_interface/install/turtle_interface/share/turtle_interface/local_setup.bash
[2.188s] -- Up-to-date: /home/kgh/GITHUB/robit-ros2-homework/HW3/turtle_interface/install/turtle_interface/share/turtle_interface/local_setup.sh
[2.188s] -- Up-to-date: /home/kgh/GITHUB/robit-ros2-homework/HW3/turtle_interface/install/turtle_interface/share/turtle_interface/local_setup.zsh
[2.188s] -- Installing: /home/kgh/GITHUB/robit-ros2-homework/HW3/turtle_interface/install/turtle_interface/share/turtle_interface/local_setup.dsv
[2.188s] -- Installing: /home/kgh/GITHUB/robit-ros2-homework/HW3/turtle_interface/install/turtle_interface/share/turtle_interface/package.dsv
[2.188s] -- Up-to-date: /home/kgh/GITHUB/robit-ros2-homework/HW3/turtle_interface/install/turtle_interface/share/ament_index/resource_index/packages/turtle_interface
[2.188s] -- Up-to-date: /home/kgh/GITHUB/robit-ros2-homework/HW3/turtle_interface/install/turtle_interface/share/turtle_interface/cmake/export_turtle_interface__rosidl_generator_cExport.cmake
[2.188s] -- Up-to-date: /home/kgh/GITHUB/robit-ros2-homework/HW3/turtle_interface/install/turtle_interface/share/turtle_interface/cmake/export_turtle_interface__rosidl_generator_cExport-noconfig.cmake
[2.188s] -- Up-to-date: /home/kgh/GITHUB/robit-ros2-homework/HW3/turtle_interface/install/turtle_interface/share/turtle_interface/cmake/export_turtle_interface__rosidl_typesupport_fastrtps_cExport.cmake
[2.188s] -- Up-to-date: /home/kgh/GITHUB/robit-ros2-homework/HW3/turtle_interface/install/turtle_interface/share/turtle_interface/cmake/export_turtle_interface__rosidl_typesupport_fastrtps_cExport-noconfig.cmake
[2.189s] -- Up-to-date: /home/kgh/GITHUB/robit-ros2-homework/HW3/turtle_interface/install/turtle_interface/share/turtle_interface/cmake/export_turtle_interface__rosidl_generator_cppExport.cmake
[2.189s] -- Up-to-date: /home/kgh/GITHUB/robit-ros2-homework/HW3/turtle_interface/install/turtle_interface/share/turtle_interface/cmake/export_turtle_interface__rosidl_typesupport_fastrtps_cppExport.cmake
[2.189s] -- Up-to-date: /home/kgh/GITHUB/robit-ros2-homework/HW3/turtle_interface/install/turtle_interface/share/turtle_interface/cmake/export_turtle_interface__rosidl_typesupport_fastrtps_cppExport-noconfig.cmake
[2.189s] -- Up-to-date: /home/kgh/GITHUB/robit-ros2-homework/HW3/turtle_interface/install/turtle_interface/share/turtle_interface/cmake/turtle_interface__rosidl_typesupport_introspection_cExport.cmake
[2.189s] -- Up-to-date: /home/kgh/GITHUB/robit-ros2-homework/HW3/turtle_interface/install/turtle_interface/share/turtle_interface/cmake/turtle_interface__rosidl_typesupport_introspection_cExport-noconfig.cmake
[2.189s] -- Up-to-date: /home/kgh/GITHUB/robit-ros2-homework/HW3/turtle_interface/install/turtle_interface/share/turtle_interface/cmake/turtle_interface__rosidl_typesupport_cExport.cmake
[2.189s] -- Up-to-date: /home/kgh/GITHUB/robit-ros2-homework/HW3/turtle_interface/install/turtle_interface/share/turtle_interface/cmake/turtle_interface__rosidl_typesupport_cExport-noconfig.cmake
[2.189s] -- Up-to-date: /home/kgh/GITHUB/robit-ros2-homework/HW3/turtle_interface/install/turtle_interface/share/turtle_interface/cmake/turtle_interface__rosidl_typesupport_introspection_cppExport.cmake
[2.189s] -- Up-to-date: /home/kgh/GITHUB/robit-ros2-homework/HW3/turtle_interface/install/turtle_interface/share/turtle_interface/cmake/turtle_interface__rosidl_typesupport_introspection_cppExport-noconfig.cmake
[2.189s] -- Up-to-date: /home/kgh/GITHUB/robit-ros2-homework/HW3/turtle_interface/install/turtle_interface/share/turtle_interface/cmake/turtle_interface__rosidl_typesupport_cppExport.cmake
[2.189s] -- Up-to-date: /home/kgh/GITHUB/robit-ros2-homework/HW3/turtle_interface/install/turtle_interface/share/turtle_interface/cmake/turtle_interface__rosidl_typesupport_cppExport-noconfig.cmake
[2.189s] -- Up-to-date: /home/kgh/GITHUB/robit-ros2-homework/HW3/turtle_interface/install/turtle_interface/share/turtle_interface/cmake/export_turtle_interface__rosidl_generator_pyExport.cmake
[2.189s] -- Up-to-date: /home/kgh/GITHUB/robit-ros2-homework/HW3/turtle_interface/install/turtle_interface/share/turtle_interface/cmake/export_turtle_interface__rosidl_generator_pyExport-noconfig.cmake
[2.189s] -- Up-to-date: /home/kgh/GITHUB/robit-ros2-homework/HW3/turtle_interface/install/turtle_interface/share/turtle_interface/cmake/rosidl_cmake-extras.cmake
[2.189s] -- Up-to-date: /home/kgh/GITHUB/robit-ros2-homework/HW3/turtle_interface/install/turtle_interface/share/turtle_interface/cmake/ament_cmake_export_include_directories-extras.cmake
[2.189s] -- Up-to-date: /home/kgh/GITHUB/robit-ros2-homework/HW3/turtle_interface/install/turtle_interface/share/turtle_interface/cmake/ament_cmake_export_libraries-extras.cmake
[2.189s] -- Up-to-date: /home/kgh/GITHUB/robit-ros2-homework/HW3/turtle_interface/install/turtle_interface/share/turtle_interface/cmake/ament_cmake_export_targets-extras.cmake
[2.189s] -- Up-to-date: /home/kgh/GITHUB/robit-ros2-homework/HW3/turtle_interface/install/turtle_interface/share/turtle_interface/cmake/rosidl_cmake_export_typesupport_targets-extras.cmake
[2.189s] -- Up-to-date: /home/kgh/GITHUB/robit-ros2-homework/HW3/turtle_interface/install/turtle_interface/share/turtle_interface/cmake/ament_cmake_export_dependencies-extras.cmake
[2.189s] -- Up-to-date: /home/kgh/GITHUB/robit-ros2-homework/HW3/turtle_interface/install/turtle_interface/share/turtle_interface/cmake/rosidl_cmake_export_typesupport_libraries-extras.cmake
[2.189s] -- Up-to-date: /home/kgh/GITHUB/robit-ros2-homework/HW3/turtle_interface/install/turtle_interface/share/turtle_interface/cmake/turtle_interfaceConfig.cmake
[2.189s] -- Up-to-date: /home/kgh/GITHUB/robit-ros2-homework/HW3/turtle_interface/install/turtle_interface/share/turtle_interface/cmake/turtle_interfaceConfig-version.cmake
[2.189s] -- Up-to-date: /home/kgh/GITHUB/robit-ros2-homework/HW3/turtle_interface/install/turtle_interface/share/turtle_interface/package.xml
[2.191s] Invoked command in '/home/kgh/GITHUB/robit-ros2-homework/HW3/turtle_interface/build/turtle_interface' returned '0': CMAKE_PREFIX_PATH=${CMAKE_PREFIX_PATH}:/opt/ros/humble /usr/bin/cmake --install /home/kgh/GITHUB/robit-ros2-homework/HW3/turtle_interface/build/turtle_interface
