[0.055s] DEBUG:colcon:Command line arguments: ['/usr/bin/colcon', 'build']
[0.056s] DEBUG:colcon:Parsed command line arguments: Namespace(log_base=None, log_level=None, verb_name='build', build_base='build', install_base='install', merge_install=False, symlink_install=False, test_result_base=None, continue_on_error=False, executor='parallel', parallel_workers=20, event_handlers=None, ignore_user_meta=False, metas=['./colcon.meta'], base_paths=['.'], packages_ignore=None, packages_ignore_regex=None, paths=None, packages_up_to=None, packages_up_to_regex=None, packages_above=None, packages_above_and_dependencies=None, packages_above_depth=None, packages_select_by_dep=None, packages_skip_by_dep=None, packages_skip_up_to=None, packages_select_build_failed=False, packages_skip_build_finished=False, packages_select_test_failures=False, packages_skip_test_passed=False, packages_select=None, packages_skip=None, packages_select_regex=None, packages_skip_regex=None, packages_start=None, packages_end=None, allow_overriding=[], cmake_args=None, cmake_target=None, cmake_target_skip_unavailable=False, cmake_clean_cache=False, cmake_clean_first=False, cmake_force_configure=False, ament_cmake_args=None, catkin_cmake_args=None, catkin_skip_building_tests=False, verb_parser=<colcon_defaults.argument_parser.defaults.DefaultArgumentsDecorator object at 0x7ead111e7d00>, verb_extension=<colcon_core.verb.build.BuildVerb object at 0x7ead111e78b0>, main=<bound method BuildVerb.main of <colcon_core.verb.build.BuildVerb object at 0x7ead111e78b0>>)
[0.137s] Level 1:colcon.colcon_core.package_discovery:discover_packages(colcon_meta) check parameters
[0.137s] Level 1:colcon.colcon_core.package_discovery:discover_packages(recursive) check parameters
[0.137s] Level 1:colcon.colcon_core.package_discovery:discover_packages(ignore) check parameters
[0.137s] Level 1:colcon.colcon_core.package_discovery:discover_packages(path) check parameters
[0.137s] Level 1:colcon.colcon_core.package_discovery:discover_packages(colcon_meta) discover
[0.137s] Level 1:colcon.colcon_core.package_discovery:discover_packages(recursive) discover
[0.137s] INFO:colcon.colcon_core.package_discovery:Crawling recursively for packages in '/home/kgh/GITHUB/robit-ros2-homework/HW3'
[0.137s] Level 1:colcon.colcon_core.package_identification:_identify(.) by extensions ['ignore', 'ignore_ament_install']
[0.137s] Level 1:colcon.colcon_core.package_identification:_identify(.) by extension 'ignore'
[0.137s] Level 1:colcon.colcon_core.package_identification:_identify(.) by extension 'ignore_ament_install'
[0.137s] Level 1:colcon.colcon_core.package_identification:_identify(.) by extensions ['colcon_pkg']
[0.137s] Level 1:colcon.colcon_core.package_identification:_identify(.) by extension 'colcon_pkg'
[0.137s] Level 1:colcon.colcon_core.package_identification:_identify(.) by extensions ['colcon_meta']
[0.137s] Level 1:colcon.colcon_core.package_identification:_identify(.) by extension 'colcon_meta'
[0.137s] Level 1:colcon.colcon_core.package_identification:_identify(.) by extensions ['ros']
[0.137s] Level 1:colcon.colcon_core.package_identification:_identify(.) by extension 'ros'
[0.146s] Level 1:colcon.colcon_core.package_identification:_identify(.) by extensions ['cmake', 'python']
[0.146s] Level 1:colcon.colcon_core.package_identification:_identify(.) by extension 'cmake'
[0.146s] Level 1:colcon.colcon_core.package_identification:_identify(.) by extension 'python'
[0.146s] Level 1:colcon.colcon_core.package_identification:_identify(.) by extensions ['python_setup_py']
[0.146s] Level 1:colcon.colcon_core.package_identification:_identify(.) by extension 'python_setup_py'
[0.146s] Level 1:colcon.colcon_core.package_identification:_identify(build) by extensions ['ignore', 'ignore_ament_install']
[0.146s] Level 1:colcon.colcon_core.package_identification:_identify(build) by extension 'ignore'
[0.146s] Level 1:colcon.colcon_core.package_identification:_identify(build) ignored
[0.146s] Level 1:colcon.colcon_core.package_identification:_identify(install) by extensions ['ignore', 'ignore_ament_install']
[0.146s] Level 1:colcon.colcon_core.package_identification:_identify(install) by extension 'ignore'
[0.146s] Level 1:colcon.colcon_core.package_identification:_identify(install) ignored
[0.146s] Level 1:colcon.colcon_core.package_identification:_identify(log) by extensions ['ignore', 'ignore_ament_install']
[0.146s] Level 1:colcon.colcon_core.package_identification:_identify(log) by extension 'ignore'
[0.146s] Level 1:colcon.colcon_core.package_identification:_identify(log) ignored
[0.147s] Level 1:colcon.colcon_core.package_identification:_identify(turtle_interface) by extensions ['ignore', 'ignore_ament_install']
[0.147s] Level 1:colcon.colcon_core.package_identification:_identify(turtle_interface) by extension 'ignore'
[0.147s] Level 1:colcon.colcon_core.package_identification:_identify(turtle_interface) by extension 'ignore_ament_install'
[0.147s] Level 1:colcon.colcon_core.package_identification:_identify(turtle_interface) by extensions ['colcon_pkg']
[0.147s] Level 1:colcon.colcon_core.package_identification:_identify(turtle_interface) by extension 'colcon_pkg'
[0.147s] Level 1:colcon.colcon_core.package_identification:_identify(turtle_interface) by extensions ['colcon_meta']
[0.147s] Level 1:colcon.colcon_core.package_identification:_identify(turtle_interface) by extension 'colcon_meta'
[0.147s] Level 1:colcon.colcon_core.package_identification:_identify(turtle_interface) by extensions ['ros']
[0.147s] Level 1:colcon.colcon_core.package_identification:_identify(turtle_interface) by extension 'ros'
[0.149s] DEBUG:colcon.colcon_core.package_identification:Package 'turtle_interface' with type 'ros.ament_cmake' and name 'turtle_interface'
[0.149s] Level 1:colcon.colcon_core.package_identification:_identify(ui_test) by extensions ['ignore', 'ignore_ament_install']
[0.149s] Level 1:colcon.colcon_core.package_identification:_identify(ui_test) by extension 'ignore'
[0.149s] Level 1:colcon.colcon_core.package_identification:_identify(ui_test) by extension 'ignore_ament_install'
[0.149s] Level 1:colcon.colcon_core.package_identification:_identify(ui_test) by extensions ['colcon_pkg']
[0.149s] Level 1:colcon.colcon_core.package_identification:_identify(ui_test) by extension 'colcon_pkg'
[0.149s] Level 1:colcon.colcon_core.package_identification:_identify(ui_test) by extensions ['colcon_meta']
[0.149s] Level 1:colcon.colcon_core.package_identification:_identify(ui_test) by extension 'colcon_meta'
[0.149s] Level 1:colcon.colcon_core.package_identification:_identify(ui_test) by extensions ['ros']
[0.149s] Level 1:colcon.colcon_core.package_identification:_identify(ui_test) by extension 'ros'
[0.150s] DEBUG:colcon.colcon_core.package_identification:Package 'ui_test' with type 'ros.ament_cmake' and name 'ui_test'
[0.150s] Level 1:colcon.colcon_core.package_discovery:discover_packages(recursive) using defaults
[0.150s] Level 1:colcon.colcon_core.package_discovery:discover_packages(ignore) discover
[0.150s] Level 1:colcon.colcon_core.package_discovery:discover_packages(ignore) using defaults
[0.150s] Level 1:colcon.colcon_core.package_discovery:discover_packages(path) discover
[0.150s] Level 1:colcon.colcon_core.package_discovery:discover_packages(path) using defaults
[0.166s] Level 1:colcon.colcon_core.package_discovery:discover_packages(prefix_path) check parameters
[0.166s] Level 1:colcon.colcon_core.package_discovery:discover_packages(prefix_path) discover
[0.173s] DEBUG:colcon.colcon_installed_package_information.package_discovery:Found 1 installed packages in /home/kgh/GITHUB/robit-ros2-homework/HW3/turtle_interface/install
[0.174s] DEBUG:colcon.colcon_installed_package_information.package_discovery:Found 2 installed packages in /home/kgh/GITHUB/robit-ros2-homework/HW3/install
[0.175s] DEBUG:colcon.colcon_installed_package_information.package_discovery:Found 4 installed packages in /home/kgh/robot_ws/install
[0.176s] DEBUG:colcon.colcon_installed_package_information.package_discovery:Found 181 installed packages in /opt/ros/humble
[0.177s] Level 1:colcon.colcon_core.package_discovery:discover_packages(prefix_path) using defaults
[0.196s] Level 5:colcon.colcon_core.verb:set package 'turtle_interface' build argument 'cmake_args' from command line to 'None'
[0.196s] Level 5:colcon.colcon_core.verb:set package 'turtle_interface' build argument 'cmake_target' from command line to 'None'
[0.196s] Level 5:colcon.colcon_core.verb:set package 'turtle_interface' build argument 'cmake_target_skip_unavailable' from command line to 'False'
[0.197s] Level 5:colcon.colcon_core.verb:set package 'turtle_interface' build argument 'cmake_clean_cache' from command line to 'False'
[0.197s] Level 5:colcon.colcon_core.verb:set package 'turtle_interface' build argument 'cmake_clean_first' from command line to 'False'
[0.197s] Level 5:colcon.colcon_core.verb:set package 'turtle_interface' build argument 'cmake_force_configure' from command line to 'False'
[0.197s] Level 5:colcon.colcon_core.verb:set package 'turtle_interface' build argument 'ament_cmake_args' from command line to 'None'
[0.197s] Level 5:colcon.colcon_core.verb:set package 'turtle_interface' build argument 'catkin_cmake_args' from command line to 'None'
[0.197s] Level 5:colcon.colcon_core.verb:set package 'turtle_interface' build argument 'catkin_skip_building_tests' from command line to 'False'
[0.197s] DEBUG:colcon.colcon_core.verb:Building package 'turtle_interface' with the following arguments: {'ament_cmake_args': None, 'build_base': '/home/kgh/GITHUB/robit-ros2-homework/HW3/build/turtle_interface', 'catkin_cmake_args': None, 'catkin_skip_building_tests': False, 'cmake_args': None, 'cmake_clean_cache': False, 'cmake_clean_first': False, 'cmake_force_configure': False, 'cmake_target': None, 'cmake_target_skip_unavailable': False, 'install_base': '/home/kgh/GITHUB/robit-ros2-homework/HW3/install/turtle_interface', 'merge_install': False, 'path': '/home/kgh/GITHUB/robit-ros2-homework/HW3/turtle_interface', 'symlink_install': False, 'test_result_base': None}
[0.197s] Level 5:colcon.colcon_core.verb:set package 'ui_test' build argument 'cmake_args' from command line to 'None'
[0.197s] Level 5:colcon.colcon_core.verb:set package 'ui_test' build argument 'cmake_target' from command line to 'None'
[0.197s] Level 5:colcon.colcon_core.verb:set package 'ui_test' build argument 'cmake_target_skip_unavailable' from command line to 'False'
[0.197s] Level 5:colcon.colcon_core.verb:set package 'ui_test' build argument 'cmake_clean_cache' from command line to 'False'
[0.197s] Level 5:colcon.colcon_core.verb:set package 'ui_test' build argument 'cmake_clean_first' from command line to 'False'
[0.197s] Level 5:colcon.colcon_core.verb:set package 'ui_test' build argument 'cmake_force_configure' from command line to 'False'
[0.197s] Level 5:colcon.colcon_core.verb:set package 'ui_test' build argument 'ament_cmake_args' from command line to 'None'
[0.197s] Level 5:colcon.colcon_core.verb:set package 'ui_test' build argument 'catkin_cmake_args' from command line to 'None'
[0.197s] Level 5:colcon.colcon_core.verb:set package 'ui_test' build argument 'catkin_skip_building_tests' from command line to 'False'
[0.197s] DEBUG:colcon.colcon_core.verb:Building package 'ui_test' with the following arguments: {'ament_cmake_args': None, 'build_base': '/home/kgh/GITHUB/robit-ros2-homework/HW3/build/ui_test', 'catkin_cmake_args': None, 'catkin_skip_building_tests': False, 'cmake_args': None, 'cmake_clean_cache': False, 'cmake_clean_first': False, 'cmake_force_configure': False, 'cmake_target': None, 'cmake_target_skip_unavailable': False, 'install_base': '/home/kgh/GITHUB/robit-ros2-homework/HW3/install/ui_test', 'merge_install': False, 'path': '/home/kgh/GITHUB/robit-ros2-homework/HW3/ui_test', 'symlink_install': False, 'test_result_base': None}
[0.197s] INFO:colcon.colcon_core.executor:Executing jobs using 'parallel' executor
[0.198s] DEBUG:colcon.colcon_parallel_executor.executor.parallel:run_until_complete
[0.198s] INFO:colcon.colcon_ros.task.ament_cmake.build:Building ROS package in '/home/kgh/GITHUB/robit-ros2-homework/HW3/turtle_interface' with build type 'ament_cmake'
[0.198s] INFO:colcon.colcon_cmake.task.cmake.build:Building CMake package in '/home/kgh/GITHUB/robit-ros2-homework/HW3/turtle_interface'
[0.200s] INFO:colcon.colcon_core.plugin_system:Skipping extension 'colcon_core.shell.bat': Not used on non-Windows systems
[0.200s] INFO:colcon.colcon_core.shell:Skip shell extension 'powershell' for command environment: Not usable outside of PowerShell
[0.200s] DEBUG:colcon.colcon_core.shell:Skip shell extension 'dsv' for command environment
[0.204s] INFO:colcon.colcon_ros.task.ament_cmake.build:Building ROS package in '/home/kgh/GITHUB/robit-ros2-homework/HW3/ui_test' with build type 'ament_cmake'
[0.204s] INFO:colcon.colcon_cmake.task.cmake.build:Building CMake package in '/home/kgh/GITHUB/robit-ros2-homework/HW3/ui_test'
[0.204s] INFO:colcon.colcon_core.shell:Skip shell extension 'powershell' for command environment: Not usable outside of PowerShell
[0.204s] DEBUG:colcon.colcon_core.shell:Skip shell extension 'dsv' for command environment
[0.213s] DEBUG:colcon.colcon_core.event_handler.log_command:Invoking command in '/home/kgh/GITHUB/robit-ros2-homework/HW3/build/turtle_interface': CMAKE_PREFIX_PATH=${CMAKE_PREFIX_PATH}:/opt/ros/humble /usr/bin/cmake --build /home/kgh/GITHUB/robit-ros2-homework/HW3/build/turtle_interface -- -j20 -l20
[0.216s] DEBUG:colcon.colcon_core.event_handler.log_command:Invoking command in '/home/kgh/GITHUB/robit-ros2-homework/HW3/build/ui_test': CMAKE_PREFIX_PATH=${CMAKE_PREFIX_PATH}:/opt/ros/humble /usr/bin/cmake --build /home/kgh/GITHUB/robit-ros2-homework/HW3/build/ui_test -- -j20 -l20
[3.052s] DEBUG:colcon.colcon_core.event_handler.log_command:Invoked command in '/home/kgh/GITHUB/robit-ros2-homework/HW3/build/turtle_interface' returned '0': CMAKE_PREFIX_PATH=${CMAKE_PREFIX_PATH}:/opt/ros/humble /usr/bin/cmake --build /home/kgh/GITHUB/robit-ros2-homework/HW3/build/turtle_interface -- -j20 -l20
[3.127s] DEBUG:colcon.colcon_core.event_handler.log_command:Invoking command in '/home/kgh/GITHUB/robit-ros2-homework/HW3/build/turtle_interface': CMAKE_PREFIX_PATH=${CMAKE_PREFIX_PATH}:/opt/ros/humble /usr/bin/cmake --install /home/kgh/GITHUB/robit-ros2-homework/HW3/build/turtle_interface
[3.183s] Level 1:colcon.colcon_core.environment:create_environment_scripts_only(turtle_interface)
[3.183s] DEBUG:colcon.colcon_core.event_handler.log_command:Invoked command in '/home/kgh/GITHUB/robit-ros2-homework/HW3/build/turtle_interface' returned '0': CMAKE_PREFIX_PATH=${CMAKE_PREFIX_PATH}:/opt/ros/humble /usr/bin/cmake --install /home/kgh/GITHUB/robit-ros2-homework/HW3/build/turtle_interface
[3.185s] Level 1:colcon.colcon_core.environment:checking '/home/kgh/GITHUB/robit-ros2-homework/HW3/install/turtle_interface' for CMake module files
[3.185s] Level 1:colcon.colcon_core.environment:checking '/home/kgh/GITHUB/robit-ros2-homework/HW3/install/turtle_interface' for CMake config files
[3.186s] Level 1:colcon.colcon_core.shell:create_environment_hook('turtle_interface', 'cmake_prefix_path')
[3.186s] INFO:colcon.colcon_core.shell:Creating environment hook '/home/kgh/GITHUB/robit-ros2-homework/HW3/install/turtle_interface/share/turtle_interface/hook/cmake_prefix_path.ps1'
[3.186s] INFO:colcon.colcon_core.shell:Creating environment descriptor '/home/kgh/GITHUB/robit-ros2-homework/HW3/install/turtle_interface/share/turtle_interface/hook/cmake_prefix_path.dsv'
[3.187s] INFO:colcon.colcon_core.shell:Creating environment hook '/home/kgh/GITHUB/robit-ros2-homework/HW3/install/turtle_interface/share/turtle_interface/hook/cmake_prefix_path.sh'
[3.188s] Level 1:colcon.colcon_core.environment:checking '/home/kgh/GITHUB/robit-ros2-homework/HW3/install/turtle_interface/lib'
[3.188s] Level 1:colcon.colcon_core.shell:create_environment_hook('turtle_interface', 'ld_library_path_lib')
[3.188s] INFO:colcon.colcon_core.shell:Creating environment hook '/home/kgh/GITHUB/robit-ros2-homework/HW3/install/turtle_interface/share/turtle_interface/hook/ld_library_path_lib.ps1'
[3.188s] INFO:colcon.colcon_core.shell:Creating environment descriptor '/home/kgh/GITHUB/robit-ros2-homework/HW3/install/turtle_interface/share/turtle_interface/hook/ld_library_path_lib.dsv'
[3.189s] INFO:colcon.colcon_core.shell:Creating environment hook '/home/kgh/GITHUB/robit-ros2-homework/HW3/install/turtle_interface/share/turtle_interface/hook/ld_library_path_lib.sh'
[3.189s] Level 1:colcon.colcon_core.environment:checking '/home/kgh/GITHUB/robit-ros2-homework/HW3/install/turtle_interface/bin'
[3.189s] Level 1:colcon.colcon_core.environment:checking '/home/kgh/GITHUB/robit-ros2-homework/HW3/install/turtle_interface/lib/pkgconfig/turtle_interface.pc'
[3.189s] Level 1:colcon.colcon_core.environment:checking '/home/kgh/GITHUB/robit-ros2-homework/HW3/install/turtle_interface/lib/python3.10/site-packages'
[3.189s] Level 1:colcon.colcon_core.environment:checking '/home/kgh/GITHUB/robit-ros2-homework/HW3/install/turtle_interface/bin'
[3.190s] INFO:colcon.colcon_core.shell:Creating package script '/home/kgh/GITHUB/robit-ros2-homework/HW3/install/turtle_interface/share/turtle_interface/package.ps1'
[3.191s] INFO:colcon.colcon_core.shell:Creating package descriptor '/home/kgh/GITHUB/robit-ros2-homework/HW3/install/turtle_interface/share/turtle_interface/package.dsv'
[3.191s] INFO:colcon.colcon_core.shell:Creating package script '/home/kgh/GITHUB/robit-ros2-homework/HW3/install/turtle_interface/share/turtle_interface/package.sh'
[3.192s] INFO:colcon.colcon_core.shell:Creating package script '/home/kgh/GITHUB/robit-ros2-homework/HW3/install/turtle_interface/share/turtle_interface/package.bash'
[3.192s] INFO:colcon.colcon_core.shell:Creating package script '/home/kgh/GITHUB/robit-ros2-homework/HW3/install/turtle_interface/share/turtle_interface/package.zsh'
[3.193s] Level 1:colcon.colcon_core.environment:create_file_with_runtime_dependencies(/home/kgh/GITHUB/robit-ros2-homework/HW3/install/turtle_interface/share/colcon-core/packages/turtle_interface)
[3.261s] Level 1:colcon.colcon_core.environment:create_environment_scripts_only(turtle_interface)
[3.262s] Level 1:colcon.colcon_core.environment:checking '/home/kgh/GITHUB/robit-ros2-homework/HW3/install/turtle_interface' for CMake module files
[3.262s] Level 1:colcon.colcon_core.environment:checking '/home/kgh/GITHUB/robit-ros2-homework/HW3/install/turtle_interface' for CMake config files
[3.262s] Level 1:colcon.colcon_core.shell:create_environment_hook('turtle_interface', 'cmake_prefix_path')
[3.263s] INFO:colcon.colcon_core.shell:Creating environment hook '/home/kgh/GITHUB/robit-ros2-homework/HW3/install/turtle_interface/share/turtle_interface/hook/cmake_prefix_path.ps1'
[3.263s] INFO:colcon.colcon_core.shell:Creating environment descriptor '/home/kgh/GITHUB/robit-ros2-homework/HW3/install/turtle_interface/share/turtle_interface/hook/cmake_prefix_path.dsv'
[3.263s] INFO:colcon.colcon_core.shell:Creating environment hook '/home/kgh/GITHUB/robit-ros2-homework/HW3/install/turtle_interface/share/turtle_interface/hook/cmake_prefix_path.sh'
[3.264s] Level 1:colcon.colcon_core.environment:checking '/home/kgh/GITHUB/robit-ros2-homework/HW3/install/turtle_interface/lib'
[3.264s] Level 1:colcon.colcon_core.shell:create_environment_hook('turtle_interface', 'ld_library_path_lib')
[3.264s] INFO:colcon.colcon_core.shell:Creating environment hook '/home/kgh/GITHUB/robit-ros2-homework/HW3/install/turtle_interface/share/turtle_interface/hook/ld_library_path_lib.ps1'
[3.265s] INFO:colcon.colcon_core.shell:Creating environment descriptor '/home/kgh/GITHUB/robit-ros2-homework/HW3/install/turtle_interface/share/turtle_interface/hook/ld_library_path_lib.dsv'
[3.265s] INFO:colcon.colcon_core.shell:Creating environment hook '/home/kgh/GITHUB/robit-ros2-homework/HW3/install/turtle_interface/share/turtle_interface/hook/ld_library_path_lib.sh'
[3.265s] Level 1:colcon.colcon_core.environment:checking '/home/kgh/GITHUB/robit-ros2-homework/HW3/install/turtle_interface/bin'
[3.265s] Level 1:colcon.colcon_core.environment:checking '/home/kgh/GITHUB/robit-ros2-homework/HW3/install/turtle_interface/lib/pkgconfig/turtle_interface.pc'
[3.265s] Level 1:colcon.colcon_core.environment:checking '/home/kgh/GITHUB/robit-ros2-homework/HW3/install/turtle_interface/lib/python3.10/site-packages'
[3.266s] Level 1:colcon.colcon_core.environment:checking '/home/kgh/GITHUB/robit-ros2-homework/HW3/install/turtle_interface/bin'
[3.266s] INFO:colcon.colcon_core.shell:Creating package script '/home/kgh/GITHUB/robit-ros2-homework/HW3/install/turtle_interface/share/turtle_interface/package.ps1'
[3.266s] INFO:colcon.colcon_core.shell:Creating package descriptor '/home/kgh/GITHUB/robit-ros2-homework/HW3/install/turtle_interface/share/turtle_interface/package.dsv'
[3.267s] INFO:colcon.colcon_core.shell:Creating package script '/home/kgh/GITHUB/robit-ros2-homework/HW3/install/turtle_interface/share/turtle_interface/package.sh'
[3.267s] INFO:colcon.colcon_core.shell:Creating package script '/home/kgh/GITHUB/robit-ros2-homework/HW3/install/turtle_interface/share/turtle_interface/package.bash'
[3.267s] INFO:colcon.colcon_core.shell:Creating package script '/home/kgh/GITHUB/robit-ros2-homework/HW3/install/turtle_interface/share/turtle_interface/package.zsh'
[3.268s] Level 1:colcon.colcon_core.environment:create_file_with_runtime_dependencies(/home/kgh/GITHUB/robit-ros2-homework/HW3/install/turtle_interface/share/colcon-core/packages/turtle_interface)
[4.819s] DEBUG:colcon.colcon_core.event_handler.log_command:Invoked command in '/home/kgh/GITHUB/robit-ros2-homework/HW3/build/ui_test' returned '0': CMAKE_PREFIX_PATH=${CMAKE_PREFIX_PATH}:/opt/ros/humble /usr/bin/cmake --build /home/kgh/GITHUB/robit-ros2-homework/HW3/build/ui_test -- -j20 -l20
[4.851s] DEBUG:colcon.colcon_core.event_handler.log_command:Invoking command in '/home/kgh/GITHUB/robit-ros2-homework/HW3/build/ui_test': CMAKE_PREFIX_PATH=${CMAKE_PREFIX_PATH}:/opt/ros/humble /usr/bin/cmake --install /home/kgh/GITHUB/robit-ros2-homework/HW3/build/ui_test
[4.859s] Level 1:colcon.colcon_core.environment:create_environment_scripts_only(ui_test)
[4.859s] Level 1:colcon.colcon_core.environment:checking '/home/kgh/GITHUB/robit-ros2-homework/HW3/install/ui_test' for CMake module files
[4.860s] DEBUG:colcon.colcon_core.event_handler.log_command:Invoked command in '/home/kgh/GITHUB/robit-ros2-homework/HW3/build/ui_test' returned '0': CMAKE_PREFIX_PATH=${CMAKE_PREFIX_PATH}:/opt/ros/humble /usr/bin/cmake --install /home/kgh/GITHUB/robit-ros2-homework/HW3/build/ui_test
[4.860s] Level 1:colcon.colcon_core.environment:checking '/home/kgh/GITHUB/robit-ros2-homework/HW3/install/ui_test' for CMake config files
[4.860s] Level 1:colcon.colcon_core.shell:create_environment_hook('ui_test', 'cmake_prefix_path')
[4.861s] INFO:colcon.colcon_core.shell:Creating environment hook '/home/kgh/GITHUB/robit-ros2-homework/HW3/install/ui_test/share/ui_test/hook/cmake_prefix_path.ps1'
[4.861s] INFO:colcon.colcon_core.shell:Creating environment descriptor '/home/kgh/GITHUB/robit-ros2-homework/HW3/install/ui_test/share/ui_test/hook/cmake_prefix_path.dsv'
[4.861s] INFO:colcon.colcon_core.shell:Creating environment hook '/home/kgh/GITHUB/robit-ros2-homework/HW3/install/ui_test/share/ui_test/hook/cmake_prefix_path.sh'
[4.862s] Level 1:colcon.colcon_core.environment:checking '/home/kgh/GITHUB/robit-ros2-homework/HW3/install/ui_test/lib'
[4.862s] Level 1:colcon.colcon_core.environment:checking '/home/kgh/GITHUB/robit-ros2-homework/HW3/install/ui_test/bin'
[4.862s] Level 1:colcon.colcon_core.environment:checking '/home/kgh/GITHUB/robit-ros2-homework/HW3/install/ui_test/lib/pkgconfig/ui_test.pc'
[4.862s] Level 1:colcon.colcon_core.environment:checking '/home/kgh/GITHUB/robit-ros2-homework/HW3/install/ui_test/lib/python3.10/site-packages'
[4.862s] Level 1:colcon.colcon_core.environment:checking '/home/kgh/GITHUB/robit-ros2-homework/HW3/install/ui_test/bin'
[4.862s] INFO:colcon.colcon_core.shell:Creating package script '/home/kgh/GITHUB/robit-ros2-homework/HW3/install/ui_test/share/ui_test/package.ps1'
[4.862s] INFO:colcon.colcon_core.shell:Creating package descriptor '/home/kgh/GITHUB/robit-ros2-homework/HW3/install/ui_test/share/ui_test/package.dsv'
[4.863s] INFO:colcon.colcon_core.shell:Creating package script '/home/kgh/GITHUB/robit-ros2-homework/HW3/install/ui_test/share/ui_test/package.sh'
[4.863s] INFO:colcon.colcon_core.shell:Creating package script '/home/kgh/GITHUB/robit-ros2-homework/HW3/install/ui_test/share/ui_test/package.bash'
[4.863s] INFO:colcon.colcon_core.shell:Creating package script '/home/kgh/GITHUB/robit-ros2-homework/HW3/install/ui_test/share/ui_test/package.zsh'
[4.863s] Level 1:colcon.colcon_core.environment:create_file_with_runtime_dependencies(/home/kgh/GITHUB/robit-ros2-homework/HW3/install/ui_test/share/colcon-core/packages/ui_test)
[4.890s] Level 1:colcon.colcon_core.environment:create_environment_scripts_only(ui_test)
[4.890s] Level 1:colcon.colcon_core.environment:checking '/home/kgh/GITHUB/robit-ros2-homework/HW3/install/ui_test' for CMake module files
[4.891s] Level 1:colcon.colcon_core.environment:checking '/home/kgh/GITHUB/robit-ros2-homework/HW3/install/ui_test' for CMake config files
[4.891s] Level 1:colcon.colcon_core.shell:create_environment_hook('ui_test', 'cmake_prefix_path')
[4.891s] INFO:colcon.colcon_core.shell:Creating environment hook '/home/kgh/GITHUB/robit-ros2-homework/HW3/install/ui_test/share/ui_test/hook/cmake_prefix_path.ps1'
[4.891s] INFO:colcon.colcon_core.shell:Creating environment descriptor '/home/kgh/GITHUB/robit-ros2-homework/HW3/install/ui_test/share/ui_test/hook/cmake_prefix_path.dsv'
[4.891s] INFO:colcon.colcon_core.shell:Creating environment hook '/home/kgh/GITHUB/robit-ros2-homework/HW3/install/ui_test/share/ui_test/hook/cmake_prefix_path.sh'
[4.892s] Level 1:colcon.colcon_core.environment:checking '/home/kgh/GITHUB/robit-ros2-homework/HW3/install/ui_test/lib'
[4.892s] Level 1:colcon.colcon_core.environment:checking '/home/kgh/GITHUB/robit-ros2-homework/HW3/install/ui_test/bin'
[4.892s] Level 1:colcon.colcon_core.environment:checking '/home/kgh/GITHUB/robit-ros2-homework/HW3/install/ui_test/lib/pkgconfig/ui_test.pc'
[4.892s] Level 1:colcon.colcon_core.environment:checking '/home/kgh/GITHUB/robit-ros2-homework/HW3/install/ui_test/lib/python3.10/site-packages'
[4.892s] Level 1:colcon.colcon_core.environment:checking '/home/kgh/GITHUB/robit-ros2-homework/HW3/install/ui_test/bin'
[4.892s] INFO:colcon.colcon_core.shell:Creating package script '/home/kgh/GITHUB/robit-ros2-homework/HW3/install/ui_test/share/ui_test/package.ps1'
[4.893s] INFO:colcon.colcon_core.shell:Creating package descriptor '/home/kgh/GITHUB/robit-ros2-homework/HW3/install/ui_test/share/ui_test/package.dsv'
[4.893s] INFO:colcon.colcon_core.shell:Creating package script '/home/kgh/GITHUB/robit-ros2-homework/HW3/install/ui_test/share/ui_test/package.sh'
[4.893s] INFO:colcon.colcon_core.shell:Creating package script '/home/kgh/GITHUB/robit-ros2-homework/HW3/install/ui_test/share/ui_test/package.bash'
[4.893s] INFO:colcon.colcon_core.shell:Creating package script '/home/kgh/GITHUB/robit-ros2-homework/HW3/install/ui_test/share/ui_test/package.zsh'
[4.894s] Level 1:colcon.colcon_core.environment:create_file_with_runtime_dependencies(/home/kgh/GITHUB/robit-ros2-homework/HW3/install/ui_test/share/colcon-core/packages/ui_test)
[4.894s] DEBUG:colcon.colcon_parallel_executor.executor.parallel:closing loop
[4.894s] DEBUG:colcon.colcon_parallel_executor.executor.parallel:loop closed
[4.894s] DEBUG:colcon.colcon_parallel_executor.executor.parallel:run_until_complete finished with '0'
[4.894s] DEBUG:colcon.colcon_core.event_reactor:joining thread
[4.898s] INFO:colcon.colcon_core.plugin_system:Skipping extension 'colcon_notification.desktop_notification.terminal_notifier': Not used on non-Darwin systems
[4.898s] INFO:colcon.colcon_core.plugin_system:Skipping extension 'colcon_notification.desktop_notification.win32': Not used on non-Windows systems
[4.898s] INFO:colcon.colcon_notification.desktop_notification:Sending desktop notification using 'notify2'
[4.907s] DEBUG:colcon.colcon_core.event_reactor:joined thread
[4.907s] INFO:colcon.colcon_core.shell:Creating prefix script '/home/kgh/GITHUB/robit-ros2-homework/HW3/install/local_setup.ps1'
[4.908s] INFO:colcon.colcon_core.shell:Creating prefix util module '/home/kgh/GITHUB/robit-ros2-homework/HW3/install/_local_setup_util_ps1.py'
[4.909s] INFO:colcon.colcon_core.shell:Creating prefix chain script '/home/kgh/GITHUB/robit-ros2-homework/HW3/install/setup.ps1'
[4.910s] INFO:colcon.colcon_core.shell:Creating prefix script '/home/kgh/GITHUB/robit-ros2-homework/HW3/install/local_setup.sh'
[4.911s] INFO:colcon.colcon_core.shell:Creating prefix util module '/home/kgh/GITHUB/robit-ros2-homework/HW3/install/_local_setup_util_sh.py'
[4.911s] INFO:colcon.colcon_core.shell:Creating prefix chain script '/home/kgh/GITHUB/robit-ros2-homework/HW3/install/setup.sh'
[4.912s] INFO:colcon.colcon_core.shell:Creating prefix script '/home/kgh/GITHUB/robit-ros2-homework/HW3/install/local_setup.bash'
[4.913s] INFO:colcon.colcon_core.shell:Creating prefix chain script '/home/kgh/GITHUB/robit-ros2-homework/HW3/install/setup.bash'
[4.914s] INFO:colcon.colcon_core.shell:Creating prefix script '/home/kgh/GITHUB/robit-ros2-homework/HW3/install/local_setup.zsh'
[4.915s] INFO:colcon.colcon_core.shell:Creating prefix chain script '/home/kgh/GITHUB/robit-ros2-homework/HW3/install/setup.zsh'
