-- Found ament_cmake: 1.3.10 (/opt/ros/humble/share/ament_cmake/cmake)
-- Found rclcpp: 16.0.10 (/opt/ros/humble/share/rclcpp/cmake)
-- Found rosidl_generator_c: 3.1.5 (/opt/ros/humble/share/rosidl_generator_c/cmake)
-- Found rosidl_adapter: 3.1.5 (/opt/ros/humble/share/rosidl_adapter/cmake)
-- Found rosidl_generator_cpp: 3.1.5 (/opt/ros/humble/share/rosidl_generator_cpp/cmake)
-- Using all available rosidl_typesupport_c: rosidl_typesupport_fastrtps_c;rosidl_typesupport_introspection_c
-- Using all available rosidl_typesupport_cpp: rosidl_typesupport_fastrtps_cpp;rosidl_typesupport_introspection_cpp
-- Found rmw_implementation_cmake: 6.1.2 (/opt/ros/humble/share/rmw_implementation_cmake/cmake)
-- Found rmw_fastrtps_cpp: 6.2.7 (/opt/ros/humble/share/rmw_fastrtps_cpp/cmake)
-- Using RMW implementation 'rmw_fastrtps_cpp' as default
-- Found Qt5: 5.15.3
-- Found ament_lint_auto: 0.12.11 (/opt/ros/humble/share/ament_lint_auto/cmake)
-- Configuring done
-- Generating done
-- Build files have been written to: /home/kgh/GITHUB/robit-ros2-homework/HW4/moving/build/moving
[35m[1mConsolidate compiler generated dependencies of target moving_node[0m
[  9%] [32mBuilding CXX object CMakeFiles/moving_node.dir/src/main.cpp.o[0m
[ 18%] [32mBuilding CXX object CMakeFiles/moving_node.dir/src/mainwindow.cpp.o[0m
[ 27%] [32mBuilding CXX object CMakeFiles/moving_node.dir/qrc_images.cpp.o[0m
[ 36%] [32mBuilding CXX object CMakeFiles/moving_node.dir/src/qnode.cpp.o[0m
[ 45%] [32mBuilding CXX object CMakeFiles/moving_node.dir/include/moving/moc_mainwindow.cpp.o[0m
[ 54%] [32mBuilding CXX object CMakeFiles/moving_node.dir/include/moving/moc_qnode.cpp.o[0m
