-- Found ament_cmake: 1.3.10 (/opt/ros/humble/share/ament_cmake/cmake)
-- Found rclcpp: 16.0.10 (/opt/ros/humble/share/rclcpp/cmake)
-- Found rosidl_generator_c: 3.1.5 (/opt/ros/humble/share/rosidl_generator_c/cmake)
-- Found rosidl_adapter: 3.1.5 (/opt/ros/humble/share/rosidl_adapter/cmake)
-- Found rosidl_generator_cpp: 3.1.5 (/opt/ros/humble/share/rosidl_generator_cpp/cmake)
-- Using all available rosidl_typesupport_c: rosidl_typesupport_fastrtps_c;rosidl_typesupport_introspection_c
-- Using all available rosidl_typesupport_cpp: rosidl_typesupport_fastrtps_cpp;rosidl_typesupport_introspection_cpp
-- Found rmw_implementation_cmake: 6.1.2 (/opt/ros/humble/share/rmw_implementation_cmake/cmake)
-- Found rmw_fastrtps_cpp: 6.2.7 (/opt/ros/humble/share/rmw_fastrtps_cpp/cmake)
-- Using RMW implementation 'rmw_fastrtps_cpp' as default
-- Found Qt5: 5.15.3
-- Found ament_lint_auto: 0.12.11 (/opt/ros/humble/share/ament_lint_auto/cmake)
-- Configuring done
-- Generating done
-- Build files have been written to: /home/kgh/GITHUB/robit-ros2-homework/HW4/moving/build/moving
[35m[1mConsolidate compiler generated dependencies of target moving_node[0m
[100%] Built target moving_node
-- Install configuration: ""
-- Up-to-date: /home/kgh/GITHUB/robit-ros2-homework/HW4/moving/install/moving/lib/moving/moving_node
-- Up-to-date: /home/kgh/GITHUB/robit-ros2-homework/HW4/moving/install/moving/include/moving
-- Up-to-date: /home/kgh/GITHUB/robit-ros2-homework/HW4/moving/install/moving/include/moving/moving
-- Up-to-date: /home/kgh/GITHUB/robit-ros2-homework/HW4/moving/install/moving/include/moving/moving/mainwindow.hpp
-- Up-to-date: /home/kgh/GITHUB/robit-ros2-homework/HW4/moving/install/moving/include/moving/moving/qnode.hpp
-- Installing: /home/kgh/GITHUB/robit-ros2-homework/HW4/moving/install/moving/share/ament_index/resource_index/package_run_dependencies/moving
-- Up-to-date: /home/kgh/GITHUB/robit-ros2-homework/HW4/moving/install/moving/share/ament_index/resource_index/parent_prefix_path/moving
-- Up-to-date: /home/kgh/GITHUB/robit-ros2-homework/HW4/moving/install/moving/share/moving/environment/ament_prefix_path.sh
-- Installing: /home/kgh/GITHUB/robit-ros2-homework/HW4/moving/install/moving/share/moving/environment/ament_prefix_path.dsv
-- Up-to-date: /home/kgh/GITHUB/robit-ros2-homework/HW4/moving/install/moving/share/moving/environment/path.sh
-- Installing: /home/kgh/GITHUB/robit-ros2-homework/HW4/moving/install/moving/share/moving/environment/path.dsv
-- Up-to-date: /home/kgh/GITHUB/robit-ros2-homework/HW4/moving/install/moving/share/moving/local_setup.bash
-- Up-to-date: /home/kgh/GITHUB/robit-ros2-homework/HW4/moving/install/moving/share/moving/local_setup.sh
-- Up-to-date: /home/kgh/GITHUB/robit-ros2-homework/HW4/moving/install/moving/share/moving/local_setup.zsh
-- Installing: /home/kgh/GITHUB/robit-ros2-homework/HW4/moving/install/moving/share/moving/local_setup.dsv
-- Installing: /home/kgh/GITHUB/robit-ros2-homework/HW4/moving/install/moving/share/moving/package.dsv
-- Up-to-date: /home/kgh/GITHUB/robit-ros2-homework/HW4/moving/install/moving/share/ament_index/resource_index/packages/moving
-- Up-to-date: /home/kgh/GITHUB/robit-ros2-homework/HW4/moving/install/moving/share/moving/cmake/movingConfig.cmake
-- Up-to-date: /home/kgh/GITHUB/robit-ros2-homework/HW4/moving/install/moving/share/moving/cmake/movingConfig-version.cmake
-- Installing: /home/kgh/GITHUB/robit-ros2-homework/HW4/moving/install/moving/share/moving/package.xml
